2025-05-16 13:47:01.180 [info] Reading sessions from keychain...
2025-05-16 13:47:01.180 [info] Getting sessions for all scopes...
2025-05-16 13:47:01.180 [info] Getting sessions for all scopes...
2025-05-16 13:47:01.180 [info] Getting sessions for all scopes...
2025-05-16 13:47:01.180 [info] Getting sessions for all scopes...
2025-05-16 13:47:01.180 [info] Getting sessions for all scopes...
2025-05-16 13:47:01.180 [info] Getting sessions for all scopes...
2025-05-16 13:47:01.180 [info] Getting sessions for all scopes...
2025-05-16 13:47:01.228 [info] Got stored sessions!
2025-05-16 13:47:01.228 [info] Got 1 verified sessions.
2025-05-16 13:47:01.228 [info] Got 1 sessions for ...
2025-05-16 13:47:01.228 [info] Got 1 sessions for ...
2025-05-16 13:47:01.228 [info] Got 1 sessions for ...
2025-05-16 13:47:01.228 [info] Got 1 sessions for ...
2025-05-16 13:47:01.228 [info] Got 1 sessions for ...
2025-05-16 13:47:01.228 [info] Got 1 sessions for ...
2025-05-16 13:47:01.228 [info] Got 1 sessions for ...
2025-05-16 13:47:01.253 [info] Getting sessions for all scopes...
2025-05-16 13:47:01.253 [info] Got 1 sessions for ...
2025-05-16 13:47:01.253 [info] Getting sessions for all scopes...
2025-05-16 13:47:01.253 [info] Got 1 sessions for ...
2025-05-16 13:47:01.253 [info] Getting sessions for all scopes...
2025-05-16 13:47:01.253 [info] Got 1 sessions for ...
2025-05-16 13:47:01.253 [info] Getting sessions for all scopes...
2025-05-16 13:47:01.253 [info] Got 1 sessions for ...
2025-05-16 13:47:01.253 [info] Getting sessions for all scopes...
2025-05-16 13:47:01.253 [info] Got 1 sessions for ...
2025-05-16 13:47:01.253 [info] Getting sessions for all scopes...
2025-05-16 13:47:01.253 [info] Got 1 sessions for ...
2025-05-16 13:47:01.504 [info] Getting sessions for all scopes...
2025-05-16 13:47:01.504 [info] Got 1 sessions for ...
2025-05-16 13:47:02.422 [info] Getting sessions for user:email...
2025-05-16 13:47:02.422 [info] Got 1 sessions for user:email...
2025-05-16 13:47:02.450 [info] Getting sessions for all scopes...
2025-05-16 13:47:02.450 [info] Got 1 sessions for ...
2025-05-16 13:47:02.750 [info] Getting sessions for all scopes...
2025-05-16 13:47:02.750 [info] Got 1 sessions for ...
