2025-05-17T17:56:08.460Z - info: [ui] [AppStore] loading 0 repositories from store
2025-05-17T17:56:08.487Z - info: [ui] [Welcome] no sign in step found. ignoring...
2025-05-17T17:56:08.489Z - info: [ui] [Welcome] no sign in step found. ignoring...
2025-05-17T17:56:08.491Z - info: [ui] launching: 3.4.14-linux1 (Linux 6.12.28-1-lts)
2025-05-17T17:56:08.492Z - info: [ui] execPath: '/opt/github-desktop/github-desktop'
2025-05-17T17:56:08.523Z - info: [ui] [Welcome] no sign in step found. ignoring...
2025-05-17T17:56:08.554Z - info: [ui] [Welcome] no sign in step found. ignoring...
2025-05-17T17:56:09.345Z - info: [ui] Opt in reported.
2025-05-17T17:56:11.037Z - info: [ui] [Welcome] advancing to step: SignInToDotComWithBrowser
2025-05-17T17:56:11.038Z - info: [ui] [SignInStore] initializing OAuth flow
2025-05-17T17:56:11.042Z - info: [main] opening in browser: https://github.com/login/oauth/authorize?client_id=3a723b10ac5575cc5bb9&scope=repo%20user%20workflow&state=14f4ece1-e211-498f-b6c2-d6f61a73e47f
2025-05-17T17:56:11.042Z - info: [ui] [Welcome] current sign in state not found. ignoring...
2025-05-17T17:56:11.644Z - info: [ui] [Welcome] kind Authentication is the same as Authentication. ignoring...
2025-05-17T17:56:27.960Z - info: [main] Processing protocol url
2025-05-17T17:56:27.963Z - info: [ui] [Welcome] kind Authentication is the same as Authentication. ignoring...
2025-05-17T17:56:27.970Z - info: [ui] [Welcome] kind Authentication is the same as Authentication. ignoring...
2025-05-17T17:56:28.014Z - info: [main] Processing protocol url
2025-05-17T17:56:28.844Z - info: [ui] [SignInStore] account resolved
2025-05-17T17:56:28.844Z - info: [ui] [AppStore] adding account GabrielCarlota (Gabriel Carlota) to store
2025-05-17T17:56:28.847Z - info: [ui] [Welcome] advancing to step: ConfigureGit
2025-05-17T17:56:28.879Z - info: [ui] [Welcome] no sign in step found. ignoring...
2025-05-17T17:56:29.162Z - info: [ui] [Welcome] no sign in step found. ignoring...
2025-05-17T17:56:29.335Z - info: [ui] Subscribed 'GabrielCarlota' to Alive channel
2025-05-17T17:57:01.186Z - info: [ui] [AppStore] adding repository at /home/gab/.config/config-files-for-lunix to store
2025-05-17T17:57:12.592Z - info: [ui] credential-helper: found GitHub credential for https://github.com/ in store
2025-05-17T17:57:13.574Z - info: [ui] credential-helper: found GitHub credential for https://github.com/ in store
2025-05-17T17:57:14.312Z - info: [ui] credential-helper: found GitHub credential for https://github.com/ in store
