2025-05-16 15:25:40.191 [info] Reading sessions from keychain...
2025-05-16 15:25:40.191 [info] Getting sessions for all scopes...
2025-05-16 15:25:40.191 [info] Getting sessions for all scopes...
2025-05-16 15:25:40.191 [info] Getting sessions for all scopes...
2025-05-16 15:25:40.191 [info] Got stored sessions!
2025-05-16 15:25:40.191 [info] Got 1 verified sessions.
2025-05-16 15:25:40.191 [info] Got 1 sessions for ...
2025-05-16 15:25:40.191 [info] Got 1 sessions for ...
2025-05-16 15:25:40.191 [info] Got 1 sessions for ...
2025-05-16 15:25:40.191 [info] Getting sessions for user:email...
2025-05-16 15:25:40.191 [info] Got 1 sessions for user:email...
2025-05-16 15:25:40.191 [info] Getting sessions for all scopes...
2025-05-16 15:25:40.191 [info] Got 1 sessions for ...
2025-05-16 15:25:40.191 [info] Getting sessions for all scopes...
2025-05-16 15:25:40.191 [info] Got 1 sessions for ...
2025-05-16 15:25:40.191 [info] Getting sessions for all scopes...
2025-05-16 15:25:40.191 [info] Got 1 sessions for ...
2025-05-16 15:25:40.191 [info] Getting sessions for all scopes...
2025-05-16 15:25:40.191 [info] Got 1 sessions for ...
2025-05-16 15:25:40.191 [info] Getting sessions for all scopes...
2025-05-16 15:25:40.191 [info] Got 1 sessions for ...
2025-05-16 15:25:40.191 [info] Getting sessions for all scopes...
2025-05-16 15:25:40.191 [info] Got 1 sessions for ...
2025-05-16 15:25:40.191 [info] Getting sessions for all scopes...
2025-05-16 15:25:40.191 [info] Got 1 sessions for ...
2025-05-16 15:25:40.191 [info] Getting sessions for all scopes...
2025-05-16 15:25:40.191 [info] Got 1 sessions for ...
2025-05-16 15:25:40.191 [info] Getting sessions for all scopes...
2025-05-16 15:25:40.191 [info] Got 1 sessions for ...
2025-05-16 15:25:40.191 [info] Getting sessions for all scopes...
2025-05-16 15:25:40.191 [info] Got 1 sessions for ...
2025-05-16 15:25:40.191 [info] Getting sessions for all scopes...
2025-05-16 15:25:40.191 [info] Got 1 sessions for ...
2025-05-16 15:25:40.191 [info] Getting sessions for all scopes...
2025-05-16 15:25:40.191 [info] Got 1 sessions for ...
2025-05-16 15:25:41.732 [info] Getting sessions for read:user,repo,user:email,workflow...
2025-05-16 15:25:41.732 [info] Got 0 sessions for read:user,repo,user:email,workflow...
2025-05-16 15:25:41.911 [info] Getting sessions for all scopes...
2025-05-16 15:25:41.911 [info] Got 1 sessions for ...
