2025-05-16 19:35:00.051 [info] [main] Log level: Info
2025-05-16 19:35:00.051 [info] [main] Validating found git in: "git"
2025-05-16 19:35:00.051 [info] [main] Using git "2.49.0" from "git"
2025-05-16 19:35:00.051 [info] [Model][doInitialScan] Initial repository scan started
2025-05-16 19:35:00.051 [info] > git rev-parse --show-toplevel [8ms]
2025-05-16 19:35:00.051 [info] > git rev-parse --git-dir --git-common-dir [1ms]
2025-05-16 19:35:00.051 [info] [Model][openRepository] Opened repository (path): /home/gab/Desktop/SupportMe
2025-05-16 19:35:00.051 [info] [Model][openRepository] Opened repository (real path): /home/gab/Desktop/SupportMe
2025-05-16 19:35:00.052 [info] > git config --get commit.template [5ms]
2025-05-16 19:35:00.902 [info] > git rev-parse --show-toplevel [851ms]
2025-05-16 19:35:01.017 [info] > git rev-parse --show-toplevel [11ms]
2025-05-16 19:35:01.018 [info] > git for-each-ref --format=%(refname)%00%(upstream:short)%00%(objectname)%00%(upstream:track)%00%(upstream:remotename)%00%(upstream:remoteref) refs/heads/main refs/remotes/main [18ms]
2025-05-16 19:35:01.030 [warning] [Git][revParse] Unable to read file: ENOENT: no such file or directory, open '/home/gab/Desktop/SupportMe/.git/refs/remotes/origin/main'
2025-05-16 19:35:01.046 [info] > git rev-parse refs/remotes/origin/main [16ms]
2025-05-16 19:35:01.059 [info] > git rev-parse --show-toplevel [34ms]
2025-05-16 19:35:01.075 [info] > git rev-parse --show-toplevel [3ms]
2025-05-16 19:35:01.078 [info] [Model][doInitialScan] Initial repository scan completed - repositories (1), closed repositories (0), parent repositories (0), unsafe repositories (0)
2025-05-16 19:35:01.078 [info] > git for-each-ref --sort -committerdate --format %(refname)%00%(objectname)%00%(*objectname) [19ms]
2025-05-16 19:35:01.411 [info] > git check-ignore -v -z --stdin [2ms]
2025-05-16 19:35:01.716 [info] > git status -z -uall [664ms]
2025-05-16 19:35:01.729 [info] > git for-each-ref --format=%(refname)%00%(upstream:short)%00%(objectname)%00%(upstream:track)%00%(upstream:remotename)%00%(upstream:remoteref) refs/heads/main refs/remotes/main [6ms]
2025-05-16 19:35:01.736 [info] > git config --get --local branch.main.vscode-merge-base [2ms]
2025-05-16 19:35:01.741 [info] > git config --get commit.template [12ms]
2025-05-16 19:35:01.746 [info] > git for-each-ref --format=%(refname)%00%(upstream:short)%00%(objectname)%00%(upstream:track)%00%(upstream:remotename)%00%(upstream:remoteref) refs/heads/origin/main refs/remotes/origin/main [5ms]
2025-05-16 19:35:01.752 [info] > git for-each-ref --format=%(refname)%00%(upstream:short)%00%(objectname)%00%(upstream:track)%00%(upstream:remotename)%00%(upstream:remoteref) refs/heads/main refs/remotes/main [7ms]
2025-05-16 19:35:01.756 [warning] [Git][revParse] Unable to read file: ENOENT: no such file or directory, open '/home/gab/Desktop/SupportMe/.git/refs/remotes/origin/main'
2025-05-16 19:35:01.757 [info] > git merge-base refs/heads/main refs/remotes/origin/main [6ms]
2025-05-16 19:35:01.762 [info] > git rev-parse refs/remotes/origin/main [6ms]
2025-05-16 19:35:01.771 [info] > git diff --name-status -z --diff-filter=ADMR 551bf6f53de6c0c73fa690fecbe8833946385afd...refs/remotes/origin/main [10ms]
2025-05-16 19:35:01.772 [info] > git for-each-ref --sort -committerdate --format %(refname)%00%(objectname)%00%(*objectname) [1ms]
2025-05-16 19:35:02.423 [info] > git status -z -uall [656ms]
2025-05-16 19:36:56.736 [info] > git check-ignore -v -z --stdin [1ms]
2025-05-16 19:37:41.066 [info] > git config --get commit.template [10ms]
2025-05-16 19:37:41.067 [info] > git for-each-ref --format=%(refname)%00%(upstream:short)%00%(objectname)%00%(upstream:track)%00%(upstream:remotename)%00%(upstream:remoteref) refs/heads/main refs/remotes/main [2ms]
2025-05-16 19:37:41.076 [warning] [Git][revParse] Unable to read file: ENOENT: no such file or directory, open '/home/gab/Desktop/SupportMe/.git/refs/remotes/origin/main'
2025-05-16 19:37:41.077 [info] > git rev-parse refs/remotes/origin/main [1ms]
2025-05-16 19:37:41.093 [info] > git for-each-ref --sort -committerdate --format %(refname)%00%(objectname)%00%(*objectname) [1ms]
2025-05-16 19:37:41.736 [info] > git status -z -uall [651ms]
2025-05-16 19:37:55.169 [info] > git config --get commit.template [9ms]
2025-05-16 19:37:55.170 [info] > git for-each-ref --format=%(refname)%00%(upstream:short)%00%(objectname)%00%(upstream:track)%00%(upstream:remotename)%00%(upstream:remoteref) refs/heads/main refs/remotes/main [1ms]
2025-05-16 19:37:55.177 [warning] [Git][revParse] Unable to read file: ENOENT: no such file or directory, open '/home/gab/Desktop/SupportMe/.git/refs/remotes/origin/main'
2025-05-16 19:37:55.179 [info] > git rev-parse refs/remotes/origin/main [2ms]
2025-05-16 19:37:55.195 [info] > git for-each-ref --sort -committerdate --format %(refname)%00%(objectname)%00%(*objectname) [1ms]
2025-05-16 19:37:55.823 [info] > git status -z -uall [637ms]
2025-05-16 19:38:23.372 [info] > git check-ignore -v -z --stdin [2ms]
2025-05-16 19:38:24.272 [info] > git check-ignore -v -z --stdin [2ms]
2025-05-16 19:38:25.682 [info] > git check-ignore -v -z --stdin [2ms]
2025-05-16 19:38:29.713 [info] > git check-ignore -v -z --stdin [2ms]
2025-05-16 19:38:30.778 [info] > git check-ignore -v -z --stdin [2ms]
2025-05-16 19:38:32.647 [info] > git show --textconv :Angular/AngularClient/src/app/views/components/login/login-form/login-form.component.ts [18ms]
2025-05-16 19:38:32.649 [info] > git ls-files --stage -- Angular/AngularClient/src/app/views/components/login/login-form/login-form.component.ts [4ms]
2025-05-16 19:38:32.666 [info] > git cat-file -s 4c7c45b70a673fbb671f07496f8abbcc1ef8f4b2 [4ms]
2025-05-16 19:39:00.157 [info] > git show --textconv :Angular/AngularClient/src/app/views/components/login/login-form/login-form.component.ts [10ms]
2025-05-16 19:39:00.158 [info] > git ls-files --stage -- Angular/AngularClient/src/app/views/components/login/login-form/login-form.component.ts [1ms]
2025-05-16 19:39:00.169 [info] > git cat-file -s 4c7c45b70a673fbb671f07496f8abbcc1ef8f4b2 [1ms]
2025-05-16 19:39:11.653 [info] > git show --textconv :Angular/AngularClient/src/app/views/components/login/login-form/login-form.component.ts [18ms]
2025-05-16 19:39:11.654 [info] > git ls-files --stage -- Angular/AngularClient/src/app/views/components/login/login-form/login-form.component.ts [2ms]
2025-05-16 19:39:11.673 [info] > git cat-file -s 4c7c45b70a673fbb671f07496f8abbcc1ef8f4b2 [3ms]
2025-05-16 19:39:17.996 [info] > git show --textconv :Angular/AngularClient/src/app/views/components/login/login-form/login-form.component.ts [17ms]
2025-05-16 19:39:17.998 [info] > git ls-files --stage -- Angular/AngularClient/src/app/views/components/login/login-form/login-form.component.ts [3ms]
2025-05-16 19:39:18.013 [info] > git cat-file -s 4c7c45b70a673fbb671f07496f8abbcc1ef8f4b2 [2ms]
2025-05-16 19:39:21.019 [info] > git show --textconv :Angular/AngularClient/src/app/views/components/login/login-form/login-form.component.ts [13ms]
2025-05-16 19:39:21.021 [info] > git ls-files --stage -- Angular/AngularClient/src/app/views/components/login/login-form/login-form.component.ts [2ms]
2025-05-16 19:39:21.031 [info] > git cat-file -s 4c7c45b70a673fbb671f07496f8abbcc1ef8f4b2 [2ms]
2025-05-16 19:39:27.248 [info] > git check-ignore -v -z --stdin [2ms]
2025-05-16 19:39:28.778 [info] > git check-ignore -v -z --stdin [2ms]
2025-05-16 19:39:29.786 [info] > git check-ignore -v -z --stdin [1ms]
2025-05-16 19:39:32.378 [info] > git check-ignore -v -z --stdin [1ms]
2025-05-16 19:39:34.110 [info] > git show --textconv :Angular/AngularClient/src/app/views/components/empresa/empresa/empresa.component.ts [10ms]
2025-05-16 19:39:34.111 [info] > git ls-files --stage -- Angular/AngularClient/src/app/views/components/empresa/empresa/empresa.component.ts [1ms]
2025-05-16 19:39:34.121 [info] > git cat-file -s 624fad2558264bed810b76cdfec66f40323ea7cb [1ms]
2025-05-16 19:39:37.515 [info] > git show --textconv :Angular/AngularClient/src/app/views/components/empresa/empresa-form/empresa-form.component.ts [11ms]
2025-05-16 19:39:37.516 [info] > git ls-files --stage -- Angular/AngularClient/src/app/views/components/empresa/empresa-form/empresa-form.component.ts [2ms]
2025-05-16 19:39:37.524 [info] > git cat-file -s 821c032f51dcb04d29c426d6dc21b0da797869d8 [1ms]
2025-05-16 19:41:19.081 [info] > git show --textconv :Angular/AngularClient/src/app/views/components/empresa/empresa-form/empresa-form.component.ts [14ms]
2025-05-16 19:41:19.083 [info] > git ls-files --stage -- Angular/AngularClient/src/app/views/components/empresa/empresa-form/empresa-form.component.ts [3ms]
2025-05-16 19:41:19.096 [info] > git cat-file -s 821c032f51dcb04d29c426d6dc21b0da797869d8 [1ms]
2025-05-16 19:41:21.512 [info] > git show --textconv :Angular/AngularClient/src/app/views/components/empresa/empresa-form/empresa-form.component.ts [18ms]
2025-05-16 19:41:21.513 [info] > git ls-files --stage -- Angular/AngularClient/src/app/views/components/empresa/empresa-form/empresa-form.component.ts [2ms]
2025-05-16 19:41:21.528 [info] > git cat-file -s 821c032f51dcb04d29c426d6dc21b0da797869d8 [2ms]
2025-05-16 19:41:25.625 [info] > git show --textconv :Angular/AngularClient/src/app/views/components/empresa/empresa-form/empresa-form.component.ts [8ms]
2025-05-16 19:41:25.626 [info] > git ls-files --stage -- Angular/AngularClient/src/app/views/components/empresa/empresa-form/empresa-form.component.ts [1ms]
2025-05-16 19:41:25.634 [info] > git cat-file -s 821c032f51dcb04d29c426d6dc21b0da797869d8 [1ms]
2025-05-16 19:41:35.866 [info] > git show --textconv :Angular/AngularClient/src/app/views/components/empresa/empresa-form/empresa-form.component.ts [11ms]
2025-05-16 19:41:35.869 [info] > git ls-files --stage -- Angular/AngularClient/src/app/views/components/empresa/empresa-form/empresa-form.component.ts [4ms]
2025-05-16 19:41:35.884 [info] > git cat-file -s 821c032f51dcb04d29c426d6dc21b0da797869d8 [3ms]
2025-05-16 19:41:52.082 [info] > git show --textconv :Angular/AngularClient/src/app/views/components/empresa/empresa-form/empresa-form.component.ts [15ms]
2025-05-16 19:41:52.083 [info] > git ls-files --stage -- Angular/AngularClient/src/app/views/components/empresa/empresa-form/empresa-form.component.ts [2ms]
2025-05-16 19:41:52.099 [info] > git cat-file -s 821c032f51dcb04d29c426d6dc21b0da797869d8 [3ms]
2025-05-16 19:42:00.627 [info] > git show --textconv :Angular/AngularClient/src/app/views/components/empresa/empresa-form/empresa-form.component.ts [17ms]
2025-05-16 19:42:00.628 [info] > git ls-files --stage -- Angular/AngularClient/src/app/views/components/empresa/empresa-form/empresa-form.component.ts [3ms]
2025-05-16 19:42:00.637 [info] > git cat-file -s 821c032f51dcb04d29c426d6dc21b0da797869d8 [1ms]
2025-05-16 19:42:05.924 [info] > git show --textconv :Angular/AngularClient/src/app/views/components/empresa/empresa-form/empresa-form.component.ts [13ms]
2025-05-16 19:42:05.925 [info] > git ls-files --stage -- Angular/AngularClient/src/app/views/components/empresa/empresa-form/empresa-form.component.ts [2ms]
2025-05-16 19:42:05.935 [info] > git cat-file -s 821c032f51dcb04d29c426d6dc21b0da797869d8 [2ms]
2025-05-16 19:42:12.848 [info] > git show --textconv :Angular/AngularClient/src/app/views/components/empresa/empresa-form/empresa-form.component.ts [17ms]
2025-05-16 19:42:12.850 [info] > git ls-files --stage -- Angular/AngularClient/src/app/views/components/empresa/empresa-form/empresa-form.component.ts [3ms]
2025-05-16 19:42:12.863 [info] > git cat-file -s 821c032f51dcb04d29c426d6dc21b0da797869d8 [1ms]
2025-05-16 19:42:15.090 [info] > git show --textconv :Angular/AngularClient/src/app/views/components/empresa/empresa-form/empresa-form.component.ts [17ms]
2025-05-16 19:42:15.092 [info] > git ls-files --stage -- Angular/AngularClient/src/app/views/components/empresa/empresa-form/empresa-form.component.ts [3ms]
2025-05-16 19:42:15.108 [info] > git cat-file -s 821c032f51dcb04d29c426d6dc21b0da797869d8 [2ms]
2025-05-16 19:42:23.044 [info] > git show --textconv :Angular/AngularClient/src/app/views/components/empresa/empresa-form/empresa-form.component.ts [19ms]
2025-05-16 19:42:23.045 [info] > git ls-files --stage -- Angular/AngularClient/src/app/views/components/empresa/empresa-form/empresa-form.component.ts [2ms]
2025-05-16 19:42:23.062 [info] > git cat-file -s 821c032f51dcb04d29c426d6dc21b0da797869d8 [3ms]
2025-05-16 19:42:40.003 [info] > git config --get commit.template [11ms]
2025-05-16 19:42:40.004 [info] > git for-each-ref --format=%(refname)%00%(upstream:short)%00%(objectname)%00%(upstream:track)%00%(upstream:remotename)%00%(upstream:remoteref) refs/heads/main refs/remotes/main [2ms]
2025-05-16 19:42:40.012 [warning] [Git][revParse] Unable to read file: ENOENT: no such file or directory, open '/home/gab/Desktop/SupportMe/.git/refs/remotes/origin/main'
2025-05-16 19:42:40.014 [info] > git rev-parse refs/remotes/origin/main [2ms]
2025-05-16 19:42:40.031 [info] > git for-each-ref --sort -committerdate --format %(refname)%00%(objectname)%00%(*objectname) [1ms]
2025-05-16 19:42:40.667 [info] > git status -z -uall [645ms]
2025-05-16 19:42:46.480 [info] > git show --textconv :Angular/AngularClient/src/app/views/components/empresa/empresa-form/empresa-form.component.ts [18ms]
2025-05-16 19:42:46.482 [info] > git ls-files --stage -- Angular/AngularClient/src/app/views/components/empresa/empresa-form/empresa-form.component.ts [4ms]
2025-05-16 19:42:46.497 [info] > git cat-file -s 821c032f51dcb04d29c426d6dc21b0da797869d8 [2ms]
2025-05-16 19:42:56.560 [info] > git config --get commit.template [10ms]
2025-05-16 19:42:56.561 [info] > git for-each-ref --format=%(refname)%00%(upstream:short)%00%(objectname)%00%(upstream:track)%00%(upstream:remotename)%00%(upstream:remoteref) refs/heads/main refs/remotes/main [2ms]
2025-05-16 19:42:56.569 [warning] [Git][revParse] Unable to read file: ENOENT: no such file or directory, open '/home/gab/Desktop/SupportMe/.git/refs/remotes/origin/main'
2025-05-16 19:42:56.570 [info] > git rev-parse refs/remotes/origin/main [1ms]
2025-05-16 19:42:56.587 [info] > git for-each-ref --sort -committerdate --format %(refname)%00%(objectname)%00%(*objectname) [1ms]
2025-05-16 19:42:57.221 [info] > git status -z -uall [643ms]
2025-05-16 19:43:05.572 [info] > git config --get commit.template [2ms]
2025-05-16 19:43:05.583 [info] > git for-each-ref --format=%(refname)%00%(upstream:short)%00%(objectname)%00%(upstream:track)%00%(upstream:remotename)%00%(upstream:remoteref) refs/heads/main refs/remotes/main [1ms]
2025-05-16 19:43:05.592 [warning] [Git][revParse] Unable to read file: ENOENT: no such file or directory, open '/home/gab/Desktop/SupportMe/.git/refs/remotes/origin/main'
2025-05-16 19:43:05.592 [info] > git rev-parse refs/remotes/origin/main [1ms]
2025-05-16 19:43:05.615 [info] > git for-each-ref --sort -committerdate --format %(refname)%00%(objectname)%00%(*objectname) [1ms]
2025-05-16 19:43:06.269 [info] > git status -z -uall [666ms]
2025-05-16 19:43:24.505 [info] > git check-ignore -v -z --stdin [2ms]
2025-05-16 19:43:25.788 [info] > git show --textconv :Angular/AngularClient/src/app/app.routes.ts [18ms]
2025-05-16 19:43:25.789 [info] > git ls-files --stage -- Angular/AngularClient/src/app/app.routes.ts [2ms]
2025-05-16 19:43:25.808 [info] > git cat-file -s f9a67418e3c6683acb78d2c265fb287361c54e5c [3ms]
2025-05-16 19:43:29.994 [info] > git blame --root --incremental 551bf6f53de6c0c73fa690fecbe8833946385afd -- Angular/AngularClient/src/app/app.routes.ts [6ms]
2025-05-16 19:44:08.472 [info] > git config --get commit.template [10ms]
2025-05-16 19:44:08.473 [info] > git for-each-ref --format=%(refname)%00%(upstream:short)%00%(objectname)%00%(upstream:track)%00%(upstream:remotename)%00%(upstream:remoteref) refs/heads/main refs/remotes/main [2ms]
2025-05-16 19:44:08.482 [warning] [Git][revParse] Unable to read file: ENOENT: no such file or directory, open '/home/gab/Desktop/SupportMe/.git/refs/remotes/origin/main'
2025-05-16 19:44:08.483 [info] > git rev-parse refs/remotes/origin/main [1ms]
2025-05-16 19:44:08.501 [info] > git for-each-ref --sort -committerdate --format %(refname)%00%(objectname)%00%(*objectname) [1ms]
2025-05-16 19:44:09.171 [info] > git status -z -uall [680ms]
2025-05-16 19:44:14.191 [info] > git config --get commit.template [9ms]
2025-05-16 19:44:14.192 [info] > git for-each-ref --format=%(refname)%00%(upstream:short)%00%(objectname)%00%(upstream:track)%00%(upstream:remotename)%00%(upstream:remoteref) refs/heads/main refs/remotes/main [2ms]
2025-05-16 19:44:14.199 [warning] [Git][revParse] Unable to read file: ENOENT: no such file or directory, open '/home/gab/Desktop/SupportMe/.git/refs/remotes/origin/main'
2025-05-16 19:44:14.200 [info] > git rev-parse refs/remotes/origin/main [1ms]
2025-05-16 19:44:14.219 [info] > git for-each-ref --sort -committerdate --format %(refname)%00%(objectname)%00%(*objectname) [1ms]
2025-05-16 19:44:14.898 [info] > git status -z -uall [690ms]
2025-05-16 19:44:27.263 [info] > git config --get commit.template [12ms]
2025-05-16 19:44:27.263 [info] > git for-each-ref --format=%(refname)%00%(upstream:short)%00%(objectname)%00%(upstream:track)%00%(upstream:remotename)%00%(upstream:remoteref) refs/heads/main refs/remotes/main [2ms]
2025-05-16 19:44:27.272 [warning] [Git][revParse] Unable to read file: ENOENT: no such file or directory, open '/home/gab/Desktop/SupportMe/.git/refs/remotes/origin/main'
2025-05-16 19:44:27.273 [info] > git rev-parse refs/remotes/origin/main [1ms]
2025-05-16 19:44:27.295 [info] > git for-each-ref --sort -committerdate --format %(refname)%00%(objectname)%00%(*objectname) [2ms]
2025-05-16 19:44:27.950 [info] > git status -z -uall [667ms]
2025-05-16 19:51:20.072 [info] > git config --get commit.template [15ms]
2025-05-16 19:51:20.073 [info] > git for-each-ref --format=%(refname)%00%(upstream:short)%00%(objectname)%00%(upstream:track)%00%(upstream:remotename)%00%(upstream:remoteref) refs/heads/main refs/remotes/main [3ms]
2025-05-16 19:51:20.083 [warning] [Git][revParse] Unable to read file: ENOENT: no such file or directory, open '/home/gab/Desktop/SupportMe/.git/refs/remotes/origin/main'
2025-05-16 19:51:20.084 [info] > git rev-parse refs/remotes/origin/main [1ms]
2025-05-16 19:51:20.101 [info] > git for-each-ref --sort -committerdate --format %(refname)%00%(objectname)%00%(*objectname) [1ms]
2025-05-16 19:51:20.777 [info] > git status -z -uall [685ms]
2025-05-16 19:53:10.963 [info] > git config --get commit.template [8ms]
2025-05-16 19:53:10.963 [info] > git for-each-ref --format=%(refname)%00%(upstream:short)%00%(objectname)%00%(upstream:track)%00%(upstream:remotename)%00%(upstream:remoteref) refs/heads/main refs/remotes/main [1ms]
2025-05-16 19:53:10.970 [warning] [Git][revParse] Unable to read file: ENOENT: no such file or directory, open '/home/gab/Desktop/SupportMe/.git/refs/remotes/origin/main'
2025-05-16 19:53:10.971 [info] > git rev-parse refs/remotes/origin/main [1ms]
2025-05-16 19:53:10.992 [info] > git for-each-ref --sort -committerdate --format %(refname)%00%(objectname)%00%(*objectname) [2ms]
2025-05-16 19:53:11.621 [info] > git status -z -uall [640ms]
2025-05-16 20:37:23.882 [info] > git config --get commit.template [17ms]
2025-05-16 20:37:23.883 [info] > git for-each-ref --format=%(refname)%00%(upstream:short)%00%(objectname)%00%(upstream:track)%00%(upstream:remotename)%00%(upstream:remoteref) refs/heads/main refs/remotes/main [2ms]
2025-05-16 20:37:23.900 [warning] [Git][revParse] Unable to read file: ENOENT: no such file or directory, open '/home/gab/Desktop/SupportMe/.git/refs/remotes/origin/main'
2025-05-16 20:37:23.903 [info] > git rev-parse refs/remotes/origin/main [3ms]
2025-05-16 20:37:23.934 [info] > git for-each-ref --sort -committerdate --format %(refname)%00%(objectname)%00%(*objectname) [2ms]
2025-05-16 20:37:24.565 [info] > git status -z -uall [647ms]
2025-05-16 20:41:51.243 [info] > git show --textconv :Angular/AngularClient/src/app/views/components/empresa/empresa-form/empresa-form.component.html [11ms]
2025-05-16 20:41:51.244 [info] > git ls-files --stage -- Angular/AngularClient/src/app/views/components/empresa/empresa-form/empresa-form.component.html [1ms]
2025-05-16 20:41:51.252 [info] > git cat-file -s b7866d98bd3e847cf89119cfeeb3933765c7d2e4 [1ms]
2025-05-16 20:41:51.784 [info] > git blame --root --incremental 551bf6f53de6c0c73fa690fecbe8833946385afd -- Angular/AngularClient/src/app/views/components/empresa/empresa-form/empresa-form.component.html [2ms]
2025-05-16 20:43:25.516 [info] > git for-each-ref --format=%(refname)%00%(upstream:short)%00%(objectname)%00%(upstream:track)%00%(upstream:remotename)%00%(upstream:remoteref) refs/heads/main refs/remotes/main [3ms]
2025-05-16 20:43:25.517 [info] > git config --get commit.template [13ms]
2025-05-16 20:43:25.527 [warning] [Git][revParse] Unable to read file: ENOENT: no such file or directory, open '/home/gab/Desktop/SupportMe/.git/refs/remotes/origin/main'
2025-05-16 20:43:25.529 [info] > git rev-parse refs/remotes/origin/main [2ms]
2025-05-16 20:43:25.550 [info] > git for-each-ref --sort -committerdate --format %(refname)%00%(objectname)%00%(*objectname) [1ms]
2025-05-16 20:43:26.178 [info] > git status -z -uall [639ms]
2025-05-16 20:43:55.076 [info] > git config --get commit.template [5ms]
2025-05-16 20:43:55.089 [info] > git for-each-ref --format=%(refname)%00%(upstream:short)%00%(objectname)%00%(upstream:track)%00%(upstream:remotename)%00%(upstream:remoteref) refs/heads/main refs/remotes/main [1ms]
2025-05-16 20:43:55.101 [warning] [Git][revParse] Unable to read file: ENOENT: no such file or directory, open '/home/gab/Desktop/SupportMe/.git/refs/remotes/origin/main'
2025-05-16 20:43:55.102 [info] > git rev-parse refs/remotes/origin/main [1ms]
2025-05-16 20:43:55.123 [info] > git for-each-ref --sort -committerdate --format %(refname)%00%(objectname)%00%(*objectname) [1ms]
2025-05-16 20:43:55.755 [info] > git status -z -uall [644ms]
2025-05-16 20:45:34.864 [info] > git config --get commit.template [10ms]
2025-05-16 20:45:34.865 [info] > git for-each-ref --format=%(refname)%00%(upstream:short)%00%(objectname)%00%(upstream:track)%00%(upstream:remotename)%00%(upstream:remoteref) refs/heads/main refs/remotes/main [1ms]
2025-05-16 20:45:34.876 [warning] [Git][revParse] Unable to read file: ENOENT: no such file or directory, open '/home/gab/Desktop/SupportMe/.git/refs/remotes/origin/main'
2025-05-16 20:45:34.877 [info] > git rev-parse refs/remotes/origin/main [2ms]
2025-05-16 20:45:34.898 [info] > git for-each-ref --sort -committerdate --format %(refname)%00%(objectname)%00%(*objectname) [2ms]
2025-05-16 20:45:35.538 [info] > git status -z -uall [652ms]
2025-05-16 20:45:40.564 [info] > git config --get commit.template [3ms]
2025-05-16 20:45:40.576 [info] > git for-each-ref --format=%(refname)%00%(upstream:short)%00%(objectname)%00%(upstream:track)%00%(upstream:remotename)%00%(upstream:remoteref) refs/heads/main refs/remotes/main [2ms]
2025-05-16 20:45:40.586 [warning] [Git][revParse] Unable to read file: ENOENT: no such file or directory, open '/home/gab/Desktop/SupportMe/.git/refs/remotes/origin/main'
2025-05-16 20:45:40.588 [info] > git rev-parse refs/remotes/origin/main [2ms]
2025-05-16 20:45:40.607 [info] > git for-each-ref --sort -committerdate --format %(refname)%00%(objectname)%00%(*objectname) [1ms]
2025-05-16 20:45:41.236 [info] > git status -z -uall [639ms]
2025-05-16 20:45:48.789 [info] > git config --get commit.template [8ms]
2025-05-16 20:45:48.790 [info] > git for-each-ref --format=%(refname)%00%(upstream:short)%00%(objectname)%00%(upstream:track)%00%(upstream:remotename)%00%(upstream:remoteref) refs/heads/main refs/remotes/main [1ms]
2025-05-16 20:45:48.798 [warning] [Git][revParse] Unable to read file: ENOENT: no such file or directory, open '/home/gab/Desktop/SupportMe/.git/refs/remotes/origin/main'
2025-05-16 20:45:48.800 [info] > git rev-parse refs/remotes/origin/main [2ms]
2025-05-16 20:45:48.818 [info] > git for-each-ref --sort -committerdate --format %(refname)%00%(objectname)%00%(*objectname) [2ms]
2025-05-16 20:45:49.447 [info] > git status -z -uall [639ms]
2025-05-16 20:47:34.933 [info] > git config --get commit.template [9ms]
2025-05-16 20:47:34.934 [info] > git for-each-ref --format=%(refname)%00%(upstream:short)%00%(objectname)%00%(upstream:track)%00%(upstream:remotename)%00%(upstream:remoteref) refs/heads/main refs/remotes/main [1ms]
2025-05-16 20:47:34.943 [warning] [Git][revParse] Unable to read file: ENOENT: no such file or directory, open '/home/gab/Desktop/SupportMe/.git/refs/remotes/origin/main'
2025-05-16 20:47:34.944 [info] > git rev-parse refs/remotes/origin/main [1ms]
2025-05-16 20:47:34.960 [info] > git for-each-ref --sort -committerdate --format %(refname)%00%(objectname)%00%(*objectname) [1ms]
2025-05-16 20:47:35.586 [info] > git status -z -uall [633ms]
2025-05-16 20:47:51.322 [info] > git config --get commit.template [12ms]
2025-05-16 20:47:51.323 [info] > git for-each-ref --format=%(refname)%00%(upstream:short)%00%(objectname)%00%(upstream:track)%00%(upstream:remotename)%00%(upstream:remoteref) refs/heads/main refs/remotes/main [2ms]
2025-05-16 20:47:51.337 [warning] [Git][revParse] Unable to read file: ENOENT: no such file or directory, open '/home/gab/Desktop/SupportMe/.git/refs/remotes/origin/main'
2025-05-16 20:47:51.339 [info] > git rev-parse refs/remotes/origin/main [2ms]
2025-05-16 20:47:51.365 [info] > git for-each-ref --sort -committerdate --format %(refname)%00%(objectname)%00%(*objectname) [4ms]
2025-05-16 20:47:51.999 [info] > git status -z -uall [648ms]
2025-05-16 20:48:09.275 [info] > git config --get commit.template [11ms]
2025-05-16 20:48:09.275 [info] > git for-each-ref --format=%(refname)%00%(upstream:short)%00%(objectname)%00%(upstream:track)%00%(upstream:remotename)%00%(upstream:remoteref) refs/heads/main refs/remotes/main [1ms]
2025-05-16 20:48:09.285 [warning] [Git][revParse] Unable to read file: ENOENT: no such file or directory, open '/home/gab/Desktop/SupportMe/.git/refs/remotes/origin/main'
2025-05-16 20:48:09.287 [info] > git rev-parse refs/remotes/origin/main [2ms]
2025-05-16 20:48:09.309 [info] > git for-each-ref --sort -committerdate --format %(refname)%00%(objectname)%00%(*objectname) [2ms]
2025-05-16 20:48:09.937 [info] > git status -z -uall [640ms]
2025-05-16 20:49:19.442 [info] > git config --get commit.template [11ms]
2025-05-16 20:49:19.442 [info] > git for-each-ref --format=%(refname)%00%(upstream:short)%00%(objectname)%00%(upstream:track)%00%(upstream:remotename)%00%(upstream:remoteref) refs/heads/main refs/remotes/main [1ms]
2025-05-16 20:49:19.451 [warning] [Git][revParse] Unable to read file: ENOENT: no such file or directory, open '/home/gab/Desktop/SupportMe/.git/refs/remotes/origin/main'
2025-05-16 20:49:19.452 [info] > git rev-parse refs/remotes/origin/main [1ms]
2025-05-16 20:49:19.468 [info] > git for-each-ref --sort -committerdate --format %(refname)%00%(objectname)%00%(*objectname) [1ms]
2025-05-16 20:49:20.123 [info] > git status -z -uall [664ms]
2025-05-16 20:49:25.149 [info] > git config --get commit.template [11ms]
2025-05-16 20:49:25.150 [info] > git for-each-ref --format=%(refname)%00%(upstream:short)%00%(objectname)%00%(upstream:track)%00%(upstream:remotename)%00%(upstream:remoteref) refs/heads/main refs/remotes/main [1ms]
2025-05-16 20:49:25.160 [warning] [Git][revParse] Unable to read file: ENOENT: no such file or directory, open '/home/gab/Desktop/SupportMe/.git/refs/remotes/origin/main'
2025-05-16 20:49:25.162 [info] > git rev-parse refs/remotes/origin/main [2ms]
2025-05-16 20:49:25.180 [info] > git for-each-ref --sort -committerdate --format %(refname)%00%(objectname)%00%(*objectname) [1ms]
2025-05-16 20:49:25.805 [info] > git status -z -uall [634ms]
2025-05-16 20:49:41.059 [info] > git config --get commit.template [8ms]
2025-05-16 20:49:41.060 [info] > git for-each-ref --format=%(refname)%00%(upstream:short)%00%(objectname)%00%(upstream:track)%00%(upstream:remotename)%00%(upstream:remoteref) refs/heads/main refs/remotes/main [1ms]
2025-05-16 20:49:41.067 [warning] [Git][revParse] Unable to read file: ENOENT: no such file or directory, open '/home/gab/Desktop/SupportMe/.git/refs/remotes/origin/main'
2025-05-16 20:49:41.068 [info] > git rev-parse refs/remotes/origin/main [1ms]
2025-05-16 20:49:41.083 [info] > git for-each-ref --sort -committerdate --format %(refname)%00%(objectname)%00%(*objectname) [1ms]
2025-05-16 20:49:41.705 [info] > git status -z -uall [630ms]
2025-05-16 20:49:46.988 [info] > git config --get commit.template [16ms]
2025-05-16 20:49:46.989 [info] > git for-each-ref --format=%(refname)%00%(upstream:short)%00%(objectname)%00%(upstream:track)%00%(upstream:remotename)%00%(upstream:remoteref) refs/heads/main refs/remotes/main [2ms]
2025-05-16 20:49:47.005 [warning] [Git][revParse] Unable to read file: ENOENT: no such file or directory, open '/home/gab/Desktop/SupportMe/.git/refs/remotes/origin/main'
2025-05-16 20:49:47.007 [info] > git rev-parse refs/remotes/origin/main [3ms]
2025-05-16 20:49:47.033 [info] > git for-each-ref --sort -committerdate --format %(refname)%00%(objectname)%00%(*objectname) [1ms]
2025-05-16 20:49:47.668 [info] > git status -z -uall [646ms]
2025-05-16 20:50:02.407 [info] > git config --get commit.template [12ms]
2025-05-16 20:50:02.408 [info] > git for-each-ref --format=%(refname)%00%(upstream:short)%00%(objectname)%00%(upstream:track)%00%(upstream:remotename)%00%(upstream:remoteref) refs/heads/main refs/remotes/main [1ms]
2025-05-16 20:50:02.420 [warning] [Git][revParse] Unable to read file: ENOENT: no such file or directory, open '/home/gab/Desktop/SupportMe/.git/refs/remotes/origin/main'
2025-05-16 20:50:02.421 [info] > git rev-parse refs/remotes/origin/main [1ms]
2025-05-16 20:50:02.441 [info] > git for-each-ref --sort -committerdate --format %(refname)%00%(objectname)%00%(*objectname) [1ms]
2025-05-16 20:50:03.082 [info] > git status -z -uall [652ms]
2025-05-16 20:50:08.112 [info] > git config --get commit.template [11ms]
2025-05-16 20:50:08.113 [info] > git for-each-ref --format=%(refname)%00%(upstream:short)%00%(objectname)%00%(upstream:track)%00%(upstream:remotename)%00%(upstream:remoteref) refs/heads/main refs/remotes/main [2ms]
2025-05-16 20:50:08.123 [warning] [Git][revParse] Unable to read file: ENOENT: no such file or directory, open '/home/gab/Desktop/SupportMe/.git/refs/remotes/origin/main'
2025-05-16 20:50:08.124 [info] > git rev-parse refs/remotes/origin/main [1ms]
2025-05-16 20:50:08.146 [info] > git for-each-ref --sort -committerdate --format %(refname)%00%(objectname)%00%(*objectname) [2ms]
2025-05-16 20:50:08.798 [info] > git status -z -uall [663ms]
2025-05-16 20:59:31.824 [info] > git config --get commit.template [1ms]
2025-05-16 20:59:31.835 [info] > git for-each-ref --format=%(refname)%00%(upstream:short)%00%(objectname)%00%(upstream:track)%00%(upstream:remotename)%00%(upstream:remoteref) refs/heads/main refs/remotes/main [2ms]
2025-05-16 20:59:31.843 [warning] [Git][revParse] Unable to read file: ENOENT: no such file or directory, open '/home/gab/Desktop/SupportMe/.git/refs/remotes/origin/main'
2025-05-16 20:59:31.844 [info] > git rev-parse refs/remotes/origin/main [1ms]
2025-05-16 20:59:31.860 [info] > git for-each-ref --sort -committerdate --format %(refname)%00%(objectname)%00%(*objectname) [1ms]
2025-05-16 20:59:32.506 [info] > git status -z -uall [654ms]
2025-05-16 21:04:22.217 [info] > git config --get commit.template [2ms]
2025-05-16 21:04:22.232 [info] > git for-each-ref --format=%(refname)%00%(upstream:short)%00%(objectname)%00%(upstream:track)%00%(upstream:remotename)%00%(upstream:remoteref) refs/heads/main refs/remotes/main [4ms]
2025-05-16 21:04:22.242 [warning] [Git][revParse] Unable to read file: ENOENT: no such file or directory, open '/home/gab/Desktop/SupportMe/.git/refs/remotes/origin/main'
2025-05-16 21:04:22.243 [info] > git rev-parse refs/remotes/origin/main [1ms]
2025-05-16 21:04:22.265 [info] > git for-each-ref --sort -committerdate --format %(refname)%00%(objectname)%00%(*objectname) [1ms]
