Initializing document watcher...
Document watcher initialized
SupportMe/Angular/AngularClient/src/app/tests/interfaces/empresas.ts: {"insertSpaces":true,"tabSize":2}
SupportMe/Angular/AngularClient/src/app/tests/services/empresa.service.ts: {"insertSpaces":true,"tabSize":2}
SupportMe/Angular/AngularClient/src/app/tests/services/empresa.service.spec.ts: {"insertSpaces":true,"tabSize":2}
SupportMe/Angular/AngularClient/src/app/tests/services/empresa.service.ts: {"insertSpaces":true,"tabSize":2}
SupportMe/Angular/AngularClient/src/app/tests/services/empresa.service.ts: {"insertSpaces":true,"tabSize":2}
SupportMe/Angular/AngularClient/src/app/tests/services/empresa.service.ts: {"insertSpaces":true,"tabSize":2}
SupportMe/Angular/AngularClient/src/app/tests/services/empresa.service.ts: {"insertSpaces":true,"tabSize":2}
SupportMe/Angular/AngularClient/src/app/tests/components/baserfb/baserfb.component.css: {"insertSpaces":true,"tabSize":2}
SupportMe/Angular/AngularClient/src/app/tests/services/empresa.service.ts: {"insertSpaces":true,"tabSize":2}
SupportMe/Angular/AngularClient/src/app/tests/components/baserfb/baserfb.component.ts: {"insertSpaces":true,"tabSize":2}
SupportMe/Angular/AngularClient/src/app/tests/components/baserfb/baserfb.component.spec.ts: {"insertSpaces":true,"tabSize":2}
SupportMe/Angular/AngularClient/src/app/tests/components/baserfb/baserfb.component.ts: {"insertSpaces":true,"tabSize":2}
SupportMe/Angular/AngularClient/src/app/tests/components/baserfb/baserfb.component.ts: {"insertSpaces":true,"tabSize":2}
SupportMe/Angular/AngularClient/src/app/tests/components/baserfb/baserfb.component.ts: Using EditorConfig core...
Angular/AngularClient/src/app/tests/components/baserfb/baserfb.component.ts: editor.action.trimTrailingWhitespace
SupportMe/Angular/AngularClient/src/app/tests/components/baserfb/baserfb.component.ts: {"insertSpaces":true,"tabSize":2}
SupportMe/Angular/AngularClient/src/app/tests/components/baserfb/baserfb.component.ts: Using EditorConfig core...
Angular/AngularClient/src/app/tests/components/baserfb/baserfb.component.ts: editor.action.trimTrailingWhitespace
SupportMe/Angular/AngularClient/src/app/views/components/login/login-form/login-form.component.ts: {"insertSpaces":true,"tabSize":2}
SupportMe/Angular/AngularClient/src/app/tests/components/baserfb/baserfb.component.ts: {"insertSpaces":true,"tabSize":2}
SupportMe/Angular/AngularClient/src/app/views/components/login/login-form/login-form.component.ts: {"insertSpaces":true,"tabSize":2}
SupportMe/Angular/AngularClient/src/app/tests/components/baserfb/baserfb.component.ts: {"insertSpaces":true,"tabSize":2}
SupportMe/Angular/AngularClient/src/app/views/components/login/login-form/login-form.component.ts: {"insertSpaces":true,"tabSize":2}
SupportMe/Angular/AngularClient/src/app/tests/components/baserfb/baserfb.component.ts: {"insertSpaces":true,"tabSize":2}
SupportMe/Angular/AngularClient/src/app/views/components/login/login-form/login-form.component.ts: {"insertSpaces":true,"tabSize":2}
SupportMe/Angular/AngularClient/src/app/tests/components/baserfb/baserfb.component.ts: {"insertSpaces":true,"tabSize":2}
SupportMe/Angular/AngularClient/src/app/views/components/login/login-form/login-form.component.ts: {"insertSpaces":true,"tabSize":2}
SupportMe/Angular/AngularClient/src/app/views/components/empresa/empresa/empresa.component.ts: {"insertSpaces":true,"tabSize":2}
SupportMe/Angular/AngularClient/src/app/views/components/empresa/empresa-form/empresa-form.component.ts: {"insertSpaces":true,"tabSize":2}
SupportMe/Angular/AngularClient/src/app/tests/components/baserfb/baserfb.component.ts: {"insertSpaces":true,"tabSize":2}
SupportMe/Angular/AngularClient/src/app/tests/components/baserfb/baserfb.component.ts: {"insertSpaces":true,"tabSize":2}
SupportMe/Angular/AngularClient/src/app/tests/components/baserfb/baserfb.component.ts: {"insertSpaces":true,"tabSize":2}
SupportMe/Angular/AngularClient/src/app/views/components/empresa/empresa-form/empresa-form.component.ts: {"insertSpaces":true,"tabSize":2}
SupportMe/Angular/AngularClient/src/app/tests/components/baserfb/baserfb.component.ts: {"insertSpaces":true,"tabSize":2}
SupportMe/Angular/AngularClient/src/app/views/components/empresa/empresa-form/empresa-form.component.ts: {"insertSpaces":true,"tabSize":2}
SupportMe/Angular/AngularClient/src/app/tests/components/baserfb/baserfb.component.ts: {"insertSpaces":true,"tabSize":2}
SupportMe/Angular/AngularClient/src/app/views/components/empresa/empresa-form/empresa-form.component.ts: {"insertSpaces":true,"tabSize":2}
SupportMe/Angular/AngularClient/src/app/tests/components/baserfb/baserfb.component.ts: {"insertSpaces":true,"tabSize":2}
SupportMe/Angular/AngularClient/src/app/views/components/empresa/empresa-form/empresa-form.component.ts: {"insertSpaces":true,"tabSize":2}
SupportMe/Angular/AngularClient/src/app/tests/components/baserfb/baserfb.component.ts: {"insertSpaces":true,"tabSize":2}
SupportMe/Angular/AngularClient/src/app/views/components/empresa/empresa-form/empresa-form.component.ts: {"insertSpaces":true,"tabSize":2}
SupportMe/Angular/AngularClient/src/app/tests/components/baserfb/baserfb.component.ts: {"insertSpaces":true,"tabSize":2}
SupportMe/Angular/AngularClient/src/app/views/components/empresa/empresa-form/empresa-form.component.ts: {"insertSpaces":true,"tabSize":2}
SupportMe/Angular/AngularClient/src/app/tests/components/baserfb/baserfb.component.ts: {"insertSpaces":true,"tabSize":2}
SupportMe/Angular/AngularClient/src/app/views/components/empresa/empresa-form/empresa-form.component.ts: {"insertSpaces":true,"tabSize":2}
SupportMe/Angular/AngularClient/src/app/tests/components/baserfb/baserfb.component.ts: {"insertSpaces":true,"tabSize":2}
SupportMe/Angular/AngularClient/src/app/views/components/empresa/empresa-form/empresa-form.component.ts: {"insertSpaces":true,"tabSize":2}
SupportMe/Angular/AngularClient/src/app/tests/components/baserfb/baserfb.component.ts: {"insertSpaces":true,"tabSize":2}
SupportMe/Angular/AngularClient/src/app/views/components/empresa/empresa-form/empresa-form.component.ts: {"insertSpaces":true,"tabSize":2}
SupportMe/Angular/AngularClient/src/app/tests/components/baserfb/baserfb.component.ts: {"insertSpaces":true,"tabSize":2}
SupportMe/Angular/AngularClient/src/app/views/components/empresa/empresa-form/empresa-form.component.ts: {"insertSpaces":true,"tabSize":2}
SupportMe/Angular/AngularClient/src/app/tests/components/baserfb/baserfb.component.ts: {"insertSpaces":true,"tabSize":2}
SupportMe/Angular/AngularClient/src/app/tests/components/baserfb/baserfb.component.ts: Using EditorConfig core...
Angular/AngularClient/src/app/tests/components/baserfb/baserfb.component.ts: editor.action.trimTrailingWhitespace
SupportMe/Angular/AngularClient/src/app/views/components/empresa/empresa-form/empresa-form.component.ts: {"insertSpaces":true,"tabSize":2}
SupportMe/Angular/AngularClient/src/app/tests/components/baserfb/baserfb.component.ts: {"insertSpaces":true,"tabSize":2}
SupportMe/Angular/AngularClient/src/app/tests/components/baserfb/baserfb.component.ts: Using EditorConfig core...
Angular/AngularClient/src/app/tests/components/baserfb/baserfb.component.ts: editor.action.trimTrailingWhitespace
SupportMe/Angular/AngularClient/src/app/tests/components/baserfb/baserfb.component.ts: Using EditorConfig core...
Angular/AngularClient/src/app/tests/components/baserfb/baserfb.component.ts: editor.action.trimTrailingWhitespace
SupportMe/Angular/AngularClient/src/app/app.routes.ts: {"insertSpaces":true,"tabSize":2}
SupportMe/Angular/AngularClient/src/app/app.routes.ts: Using EditorConfig core...
Angular/AngularClient/src/app/app.routes.ts: editor.action.trimTrailingWhitespace
SupportMe/Angular/AngularClient/src/app/app.routes.ts: Using EditorConfig core...
Angular/AngularClient/src/app/app.routes.ts: editor.action.trimTrailingWhitespace
SupportMe/Angular/AngularClient/src/app/app.routes.ts: {"insertSpaces":true,"tabSize":2}
SupportMe/Angular/AngularClient/src/app/tests/components/baserfb/baserfb.component.ts: {"insertSpaces":true,"tabSize":2}
SupportMe/Angular/AngularClient/src/app/tests/components/baserfb/baserfb.component.ts: {"insertSpaces":true,"tabSize":2}
SupportMe/Angular/AngularClient/src/app/tests/services/empresa.service.ts: {"insertSpaces":true,"tabSize":2}
SupportMe/Angular/AngularClient/src/app/tests/services/empresa.service.ts: {"insertSpaces":true,"tabSize":2}
SupportMe/Angular/AngularClient/src/app/tests/services/empresa.service.ts: Using EditorConfig core...
Angular/AngularClient/src/app/tests/services/empresa.service.ts: editor.action.trimTrailingWhitespace
SupportMe/Angular/AngularClient/src/app/tests/components/baserfb/baserfb.component.ts: {"insertSpaces":true,"tabSize":2}
SupportMe/Angular/AngularClient/src/app/tests/components/baserfb/baserfb.component.ts: {"insertSpaces":true,"tabSize":2}
SupportMe/Angular/AngularClient/src/app/tests/components/baserfb/baserfb.component.ts: {"insertSpaces":true,"tabSize":2}
SupportMe/Angular/AngularClient/src/app/tests/components/baserfb/baserfb.component.ts: {"insertSpaces":true,"tabSize":2}
SupportMe/Angular/AngularClient/src/app/tests/components/baserfb/baserfb.component.ts: {"insertSpaces":true,"tabSize":2}
SupportMe/Angular/AngularClient/src/app/tests/components/baserfb/baserfb.component.ts: {"insertSpaces":true,"tabSize":2}
SupportMe/Angular/AngularClient/src/app/tests/services/empresa.service.ts: {"insertSpaces":true,"tabSize":2}
SupportMe/Angular/AngularClient/src/app/tests/services/empresa.service.ts: {"insertSpaces":true,"tabSize":2}
SupportMe/Angular/AngularClient/src/app/tests/services/empresa.service.ts: {"insertSpaces":true,"tabSize":2}
SupportMe/Angular/AngularClient/src/app/tests/services/empresa.service.ts: {"insertSpaces":true,"tabSize":2}
SupportMe/Angular/AngularClient/src/app/tests/services/empresa.service.ts: {"insertSpaces":true,"tabSize":2}
SupportMe/Angular/AngularClient/src/app/tests/services/empresa.service.ts: {"insertSpaces":true,"tabSize":2}
SupportMe/Angular/AngularClient/src/app/tests/services/empresa.service.ts: {"insertSpaces":true,"tabSize":2}
SupportMe/Angular/AngularClient/src/app/tests/services/empresa.service.ts: Using EditorConfig core...
Angular/AngularClient/src/app/tests/services/empresa.service.ts: editor.action.trimTrailingWhitespace
SupportMe/Angular/AngularClient/src/app/tests/services/empresa.service.ts: {"insertSpaces":true,"tabSize":2}
SupportMe/Angular/AngularClient/src/app/tests/services/empresa.service.ts: {"insertSpaces":true,"tabSize":2}
SupportMe/Angular/AngularClient/src/app/tests/services/empresa.service.ts: {"insertSpaces":true,"tabSize":2}
SupportMe/Angular/AngularClient/src/app/tests/services/empresa.service.ts: {"insertSpaces":true,"tabSize":2}
SupportMe/Angular/AngularClient/src/app/tests/services/empresa.service.ts: {"insertSpaces":true,"tabSize":2}
SupportMe/Angular/AngularClient/src/app/tests/services/empresa.service.ts: Using EditorConfig core...
Angular/AngularClient/src/app/tests/services/empresa.service.ts: editor.action.trimTrailingWhitespace
SupportMe/Angular/AngularClient/src/app/tests/services/empresa.service.ts: {"insertSpaces":true,"tabSize":2}
SupportMe/Angular/AngularClient/src/app/tests/services/empresa.service.ts: {"insertSpaces":true,"tabSize":2}
SupportMe/Angular/AngularClient/src/app/tests/services/empresa.service.ts: {"insertSpaces":true,"tabSize":2}
SupportMe/Angular/AngularClient/src/app/tests/services/empresa.service.ts: {"insertSpaces":true,"tabSize":2}
SupportMe/Angular/AngularClient/src/app/tests/services/empresa.service.ts: {"insertSpaces":true,"tabSize":2}
SupportMe/Angular/AngularClient/src/app/tests/services/empresa.service.ts: {"insertSpaces":true,"tabSize":2}
SupportMe/Angular/AngularClient/src/app/tests/services/empresa.service.ts: {"insertSpaces":true,"tabSize":2}
SupportMe/Angular/AngularClient/src/app/tests/services/empresa.service.ts: {"insertSpaces":true,"tabSize":2}
SupportMe/Angular/AngularClient/src/app/tests/services/empresa.service.ts: {"insertSpaces":true,"tabSize":2}
SupportMe/Angular/AngularClient/src/app/tests/components/baserfb/baserfb.component.ts: {"insertSpaces":true,"tabSize":2}
SupportMe/Angular/AngularClient/src/app/tests/components/baserfb/baserfb.component.html: {"insertSpaces":true,"tabSize":2}
SupportMe/Angular/AngularClient/src/app/tests/components/baserfb/baserfb.component.html: {"insertSpaces":true,"tabSize":2}
SupportMe/Angular/AngularClient/src/app/tests/components/baserfb/baserfb.component.html: {"insertSpaces":true,"tabSize":2}
SupportMe/Angular/AngularClient/src/app/tests/components/baserfb/baserfb.component.html: {"insertSpaces":true,"tabSize":2}
SupportMe/Angular/AngularClient/src/app/tests/interfaces/empresas.ts: {"insertSpaces":true,"tabSize":2}
SupportMe/Angular/AngularClient/src/app/tests/interfaces/empresas.ts: Using EditorConfig core...
Angular/AngularClient/src/app/tests/interfaces/empresas.ts: editor.action.trimTrailingWhitespace
SupportMe/Angular/AngularClient/src/app/tests/interfaces/empresas.ts: {"insertSpaces":true,"tabSize":2}
SupportMe/Angular/AngularClient/src/app/tests/interfaces/empresas.ts: {"insertSpaces":true,"tabSize":2}
SupportMe/Angular/AngularClient/src/app/tests/interfaces/empresas.ts: {"insertSpaces":true,"tabSize":2}
SupportMe/Angular/AngularClient/src/app/tests/components/baserfb/baserfb.component.html: {"insertSpaces":true,"tabSize":2}
SupportMe/Angular/AngularClient/src/app/tests/components/baserfb/baserfb.component.html: {"insertSpaces":true,"tabSize":2}
SupportMe/Angular/AngularClient/src/app/tests/components/baserfb/baserfb.component.html: {"insertSpaces":true,"tabSize":2}
SupportMe/Angular/AngularClient/src/app/tests/components/baserfb/baserfb.component.html: {"insertSpaces":true,"tabSize":2}
SupportMe/Angular/AngularClient/src/app/tests/components/baserfb/baserfb.component.html: {"insertSpaces":true,"tabSize":2}
SupportMe/Angular/AngularClient/src/app/views/components/empresa/empresa-form/empresa-form.component.html: {"insertSpaces":true,"tabSize":2}
SupportMe/Angular/AngularClient/src/app/views/components/empresa/empresa-form/empresa-form.component.html: {"insertSpaces":true,"tabSize":2}
SupportMe/Angular/AngularClient/src/app/views/components/empresa/empresa-form/empresa-form.component.html: {"insertSpaces":true,"tabSize":2}
SupportMe/Angular/AngularClient/src/app/tests/components/baserfb/baserfb.component.html: {"insertSpaces":true,"tabSize":2}
SupportMe/Angular/AngularClient/src/app/tests/components/baserfb/baserfb.component.html: {"insertSpaces":true,"tabSize":2}
SupportMe/Angular/AngularClient/src/app/tests/components/baserfb/baserfb.component.ts: {"insertSpaces":true,"tabSize":2}
SupportMe/Angular/AngularClient/src/app/tests/components/baserfb/baserfb.component.ts: {"insertSpaces":true,"tabSize":2}
SupportMe/Angular/AngularClient/src/app/tests/components/baserfb/baserfb.component.ts: {"insertSpaces":true,"tabSize":2}
SupportMe/Angular/AngularClient/src/app/tests/components/baserfb/baserfb.component.ts: Using EditorConfig core...
Angular/AngularClient/src/app/tests/components/baserfb/baserfb.component.ts: editor.action.trimTrailingWhitespace
SupportMe/Angular/AngularClient/src/app/tests/components/baserfb/baserfb.component.ts: {"insertSpaces":true,"tabSize":2}
SupportMe/Angular/AngularClient/src/app/tests/components/baserfb/baserfb.component.ts: Using EditorConfig core...
Angular/AngularClient/src/app/tests/components/baserfb/baserfb.component.ts: editor.action.trimTrailingWhitespace
SupportMe/Angular/AngularClient/src/app/tests/components/baserfb/baserfb.component.html: {"insertSpaces":true,"tabSize":2}
SupportMe/Angular/AngularClient/src/app/tests/components/baserfb/baserfb.component.html: {"insertSpaces":true,"tabSize":2}
SupportMe/Angular/AngularClient/src/app/tests/interfaces/empresas.ts: {"insertSpaces":true,"tabSize":2}
SupportMe/Angular/AngularClient/src/app/tests/components/baserfb/baserfb.component.ts: {"insertSpaces":true,"tabSize":2}
SupportMe/Angular/AngularClient/src/app/tests/components/baserfb/baserfb.component.html: {"insertSpaces":true,"tabSize":2}
SupportMe/Angular/AngularClient/src/app/tests/interfaces/empresas.ts: {"insertSpaces":true,"tabSize":2}
SupportMe/Angular/AngularClient/src/app/tests/components/baserfb/baserfb.component.ts: {"insertSpaces":true,"tabSize":2}
SupportMe/Angular/AngularClient/src/app/tests/components/baserfb/baserfb.component.html: {"insertSpaces":true,"tabSize":2}
SupportMe/Angular/AngularClient/src/app/tests/components/baserfb/baserfb.component.html: Using EditorConfig core...
Angular/AngularClient/src/app/tests/components/baserfb/baserfb.component.html: editor.action.trimTrailingWhitespace
SupportMe/Angular/AngularClient/src/app/tests/components/baserfb/baserfb.component.html: {"insertSpaces":true,"tabSize":2}
SupportMe/Angular/AngularClient/src/app/tests/components/baserfb/baserfb.component.html: Using EditorConfig core...
Angular/AngularClient/src/app/tests/components/baserfb/baserfb.component.html: editor.action.trimTrailingWhitespace
undefined: {}
SupportMe/Angular/AngularClient/src/app/tests/components/baserfb/baserfb.component.html: {"insertSpaces":true,"tabSize":2}
SupportMe/Angular/AngularClient/src/app/tests/components/baserfb/baserfb.component.html: {"insertSpaces":true,"tabSize":2}
SupportMe/Angular/AngularClient/src/app/tests/interfaces/empresas.ts: {"insertSpaces":true,"tabSize":2}
SupportMe/Angular/AngularClient/src/app/tests/components/baserfb/baserfb.component.ts: {"insertSpaces":true,"tabSize":2}
SupportMe/Angular/AngularClient/src/app/tests/components/baserfb/baserfb.component.ts: {"insertSpaces":true,"tabSize":2}
SupportMe/Angular/AngularClient/src/app/tests/components/baserfb/baserfb.component.html: {"insertSpaces":true,"tabSize":2}
SupportMe/Angular/AngularClient/src/app/tests/components/baserfb/baserfb.component.html: {"insertSpaces":true,"tabSize":2}
SupportMe/Angular/AngularClient/src/app/tests/components/baserfb/baserfb.component.html: {"insertSpaces":true,"tabSize":2}
SupportMe/Angular/AngularClient/src/app/tests/components/baserfb/baserfb.component.html: {"insertSpaces":true,"tabSize":2}
SupportMe/Angular/AngularClient/src/app/tests/components/baserfb/baserfb.component.html: Using EditorConfig core...
Angular/AngularClient/src/app/tests/components/baserfb/baserfb.component.html: editor.action.trimTrailingWhitespace
SupportMe/Angular/AngularClient/src/app/tests/components/baserfb/baserfb.component.html: Using EditorConfig core...
Angular/AngularClient/src/app/tests/components/baserfb/baserfb.component.html: editor.action.trimTrailingWhitespace
SupportMe/Angular/AngularClient/src/app/tests/components/baserfb/baserfb.component.html: {"insertSpaces":true,"tabSize":2}
SupportMe/Angular/AngularClient/src/app/tests/components/baserfb/baserfb.component.html: {"insertSpaces":true,"tabSize":2}
SupportMe/Angular/AngularClient/src/app/tests/components/baserfb/baserfb.component.html: {"insertSpaces":true,"tabSize":2}
SupportMe/Angular/AngularClient/src/app/tests/components/baserfb/baserfb.component.html: Using EditorConfig core...
Angular/AngularClient/src/app/tests/components/baserfb/baserfb.component.html: editor.action.trimTrailingWhitespace
SupportMe/Angular/AngularClient/src/app/tests/components/baserfb/baserfb.component.ts: {"insertSpaces":true,"tabSize":2}
SupportMe/Angular/AngularClient/src/app/tests/components/baserfb/baserfb.component.ts: Using EditorConfig core...
Angular/AngularClient/src/app/tests/components/baserfb/baserfb.component.ts: editor.action.trimTrailingWhitespace
SupportMe/Angular/AngularClient/src/app/tests/components/baserfb/baserfb.component.ts: Using EditorConfig core...
Angular/AngularClient/src/app/tests/components/baserfb/baserfb.component.ts: editor.action.trimTrailingWhitespace
SupportMe/Angular/AngularClient/src/app/tests/components/baserfb/baserfb.component.ts: Using EditorConfig core...
Angular/AngularClient/src/app/tests/components/baserfb/baserfb.component.ts: editor.action.trimTrailingWhitespace
SupportMe/Angular/AngularClient/src/app/tests/components/baserfb/baserfb.component.ts: Using EditorConfig core...
Angular/AngularClient/src/app/tests/components/baserfb/baserfb.component.ts: editor.action.trimTrailingWhitespace
SupportMe/Angular/AngularClient/src/app/tests/components/baserfb/baserfb.component.html: {"insertSpaces":true,"tabSize":2}
SupportMe/Angular/AngularClient/src/app/tests/components/baserfb/baserfb.component.html: Using EditorConfig core...
Angular/AngularClient/src/app/tests/components/baserfb/baserfb.component.html: editor.action.trimTrailingWhitespace
SupportMe/Angular/AngularClient/src/app/tests/components/baserfb/baserfb.component.html: Using EditorConfig core...
Angular/AngularClient/src/app/tests/components/baserfb/baserfb.component.html: editor.action.trimTrailingWhitespace
SupportMe/Angular/AngularClient/src/app/tests/components/baserfb/baserfb.component.html: Using EditorConfig core...
Angular/AngularClient/src/app/tests/components/baserfb/baserfb.component.html: editor.action.trimTrailingWhitespace
SupportMe/Angular/AngularClient/src/app/tests/components/baserfb/baserfb.component.html: Using EditorConfig core...
Angular/AngularClient/src/app/tests/components/baserfb/baserfb.component.html: editor.action.trimTrailingWhitespace
SupportMe/Angular/AngularClient/src/app/tests/interfaces/empresas.ts: {"insertSpaces":true,"tabSize":2}
SupportMe/Angular/AngularClient/src/app/tests/components/baserfb/baserfb.component.ts: {"insertSpaces":true,"tabSize":2}
SupportMe/Angular/AngularClient/src/app/tests/components/baserfb/baserfb.component.ts: Using EditorConfig core...
Angular/AngularClient/src/app/tests/components/baserfb/baserfb.component.ts: editor.action.trimTrailingWhitespace
SupportMe/Angular/AngularClient/src/app/tests/components/baserfb/baserfb.component.ts: {"insertSpaces":true,"tabSize":2}
SupportMe/Angular/AngularClient/src/app/tests/components/baserfb/baserfb.component.ts: {"insertSpaces":true,"tabSize":2}
