2025-05-16 13:47:00.343 [info] [AutoSync] Using settings sync service https://vscode-sync.trafficmanager.net/
2025-05-16 13:47:00.343 [info] [AutoSync] Enabled.
2025-05-16 13:47:00.343 [info] [AutoSync] Suspended until auth token is available.
2025-05-16 13:47:02.425 [info] [AutoSync] Triggered by Interval
2025-05-16 13:47:02.425 [info] Sync started.
2025-05-16 13:47:03.232 [info] Settings: No changes found during synchronizing settings.
2025-05-16 13:47:03.237 [info] Keybindings: No changes found during synchronizing keybindings.
2025-05-16 13:47:03.240 [info] Snippets: No changes found during synchronizing snippets.
2025-05-16 13:47:03.243 [info] Tasks: No changes found during synchronizing tasks.
2025-05-16 13:47:03.245 [info] GlobalState: No changes found during synchronizing ui state.
2025-05-16 13:47:03.276 [info] Extensions: No changes found during synchronizing extensions.
2025-05-16 13:47:03.279 [info] Prompts: No changes found during synchronizing prompts.
2025-05-16 13:47:03.281 [info] Profiles: No changes found during synchronizing profiles.
2025-05-16 13:47:03.282 [info] Sync done. Took 858ms
2025-05-16 13:47:18.552 [info] [AutoSync] Triggered by Activity
2025-05-16 13:47:18.552 [info] Sync started.
2025-05-16 13:47:18.698 [info] Settings: No changes found during synchronizing settings.
2025-05-16 13:47:18.702 [info] Keybindings: No changes found during synchronizing keybindings.
2025-05-16 13:47:18.705 [info] Snippets: No changes found during synchronizing snippets.
2025-05-16 13:47:18.707 [info] Tasks: No changes found during synchronizing tasks.
2025-05-16 13:47:18.710 [info] GlobalState: No changes found during synchronizing ui state.
2025-05-16 13:47:18.735 [info] Extensions: No changes found during synchronizing extensions.
2025-05-16 13:47:18.736 [info] Prompts: No changes found during synchronizing prompts.
2025-05-16 13:47:18.737 [info] Profiles: No changes found during synchronizing profiles.
2025-05-16 13:47:18.738 [info] Sync done. Took 187ms
2025-05-16 13:47:59.947 [info] [AutoSync] Triggered by Activity
2025-05-16 13:47:59.947 [info] Sync started.
2025-05-16 13:48:00.101 [info] Settings: No changes found during synchronizing settings.
2025-05-16 13:48:00.104 [info] Keybindings: No changes found during synchronizing keybindings.
2025-05-16 13:48:00.107 [info] Snippets: No changes found during synchronizing snippets.
2025-05-16 13:48:00.110 [info] Tasks: No changes found during synchronizing tasks.
2025-05-16 13:48:00.113 [info] GlobalState: No changes found during synchronizing ui state.
2025-05-16 13:48:00.159 [info] Extensions: No changes found during synchronizing extensions.
2025-05-16 13:48:00.160 [info] Prompts: No changes found during synchronizing prompts.
2025-05-16 13:48:00.160 [info] Profiles: No changes found during synchronizing profiles.
2025-05-16 13:48:00.161 [info] Sync done. Took 216ms
2025-05-16 13:48:19.825 [info] [AutoSync] Triggered by Activity
2025-05-16 13:48:19.825 [info] Sync started.
2025-05-16 13:48:19.980 [info] Settings: No changes found during synchronizing settings.
2025-05-16 13:48:19.982 [info] Keybindings: No changes found during synchronizing keybindings.
2025-05-16 13:48:19.984 [info] Snippets: No changes found during synchronizing snippets.
2025-05-16 13:48:19.985 [info] Tasks: No changes found during synchronizing tasks.
2025-05-16 13:48:19.986 [info] GlobalState: No changes found during synchronizing ui state.
2025-05-16 13:48:20.010 [info] Extensions: No changes found during synchronizing extensions.
2025-05-16 13:48:20.012 [info] Prompts: No changes found during synchronizing prompts.
2025-05-16 13:48:20.012 [info] Profiles: No changes found during synchronizing profiles.
2025-05-16 13:48:20.013 [info] Sync done. Took 190ms
2025-05-16 13:48:56.448 [info] [AutoSync] Triggered by Activity
2025-05-16 13:48:56.449 [info] Sync started.
2025-05-16 13:48:56.631 [info] Settings: No changes found during synchronizing settings.
2025-05-16 13:48:56.634 [info] Keybindings: No changes found during synchronizing keybindings.
2025-05-16 13:48:56.636 [info] Snippets: No changes found during synchronizing snippets.
2025-05-16 13:48:56.638 [info] Tasks: No changes found during synchronizing tasks.
2025-05-16 13:48:56.640 [info] GlobalState: No changes found during synchronizing ui state.
2025-05-16 13:48:56.680 [info] Extensions: No changes found during synchronizing extensions.
2025-05-16 13:48:56.681 [info] Prompts: No changes found during synchronizing prompts.
2025-05-16 13:48:56.681 [info] Profiles: No changes found during synchronizing profiles.
2025-05-16 13:48:56.682 [info] Sync done. Took 235ms
2025-05-16 13:49:59.486 [info] [AutoSync] Triggered by Activity
2025-05-16 13:49:59.486 [info] Sync started.
2025-05-16 13:49:59.644 [info] Settings: No changes found during synchronizing settings.
2025-05-16 13:49:59.646 [info] Keybindings: No changes found during synchronizing keybindings.
2025-05-16 13:49:59.649 [info] Snippets: No changes found during synchronizing snippets.
2025-05-16 13:49:59.652 [info] Tasks: No changes found during synchronizing tasks.
2025-05-16 13:49:59.656 [info] GlobalState: No changes found during synchronizing ui state.
2025-05-16 13:49:59.691 [info] Extensions: No changes found during synchronizing extensions.
2025-05-16 13:49:59.692 [info] Prompts: No changes found during synchronizing prompts.
2025-05-16 13:49:59.692 [info] Profiles: No changes found during synchronizing profiles.
2025-05-16 13:49:59.693 [info] Sync done. Took 209ms
2025-05-16 13:51:33.292 [info] [AutoSync] Triggered by Activity
2025-05-16 13:51:33.292 [info] Sync started.
2025-05-16 13:51:33.462 [info] Settings: No changes found during synchronizing settings.
2025-05-16 13:51:33.465 [info] Keybindings: No changes found during synchronizing keybindings.
2025-05-16 13:51:33.468 [info] Snippets: No changes found during synchronizing snippets.
2025-05-16 13:51:33.471 [info] Tasks: No changes found during synchronizing tasks.
2025-05-16 13:51:33.475 [info] GlobalState: No changes found during synchronizing ui state.
2025-05-16 13:51:33.515 [info] Extensions: No changes found during synchronizing extensions.
2025-05-16 13:51:33.516 [info] Prompts: No changes found during synchronizing prompts.
2025-05-16 13:51:33.517 [info] Profiles: No changes found during synchronizing profiles.
2025-05-16 13:51:33.518 [info] Sync done. Took 228ms
2025-05-16 13:52:29.833 [info] [AutoSync] Triggered by Activity
2025-05-16 13:52:29.834 [info] Sync started.
2025-05-16 13:52:30.008 [info] Settings: No changes found during synchronizing settings.
2025-05-16 13:52:30.013 [info] Keybindings: No changes found during synchronizing keybindings.
2025-05-16 13:52:30.016 [info] Snippets: No changes found during synchronizing snippets.
2025-05-16 13:52:30.019 [info] Tasks: No changes found during synchronizing tasks.
2025-05-16 13:52:30.023 [info] GlobalState: No changes found during synchronizing ui state.
2025-05-16 13:52:30.076 [info] Extensions: No changes found during synchronizing extensions.
2025-05-16 13:52:30.077 [info] Prompts: No changes found during synchronizing prompts.
2025-05-16 13:52:30.078 [info] Profiles: No changes found during synchronizing profiles.
2025-05-16 13:52:30.079 [info] Sync done. Took 248ms
2025-05-16 13:57:30.099 [info] [AutoSync] Triggered by Interval
2025-05-16 13:57:30.099 [info] Sync started.
2025-05-16 13:57:30.710 [info] Settings: No changes found during synchronizing settings.
2025-05-16 13:57:30.714 [info] Keybindings: No changes found during synchronizing keybindings.
2025-05-16 13:57:30.717 [info] Snippets: No changes found during synchronizing snippets.
2025-05-16 13:57:30.719 [info] Tasks: No changes found during synchronizing tasks.
2025-05-16 13:57:30.723 [info] GlobalState: No changes found during synchronizing ui state.
2025-05-16 13:57:30.778 [info] Extensions: No changes found during synchronizing extensions.
2025-05-16 13:57:30.780 [info] Prompts: No changes found during synchronizing prompts.
2025-05-16 13:57:30.781 [info] Profiles: No changes found during synchronizing profiles.
2025-05-16 13:57:30.782 [info] Sync done. Took 684ms
