2025-05-16 15:25:41.282 [info] [main] Log level: Info
2025-05-16 15:25:41.282 [info] [main] Validating found git in: "git"
2025-05-16 15:25:41.282 [info] [main] Using git "2.49.0" from "git"
2025-05-16 15:25:41.282 [info] [Model][doInitialScan] Initial repository scan started
2025-05-16 15:25:41.282 [info] > git rev-parse --show-toplevel [8ms]
2025-05-16 15:25:41.282 [info] > git rev-parse --git-dir --git-common-dir [2ms]
2025-05-16 15:25:41.282 [info] [Model][openRepository] Opened repository (path): /home/gab/SupportMe
2025-05-16 15:25:41.282 [info] [Model][openRepository] Opened repository (real path): /home/gab/SupportMe
2025-05-16 15:25:41.343 [info] > git config --get commit.template [56ms]
2025-05-16 15:25:41.350 [info] > git rev-parse --show-toplevel [13ms]
2025-05-16 15:25:41.370 [info] > git rev-parse --show-toplevel [1ms]
2025-05-16 15:25:41.371 [info] > git for-each-ref --format=%(refname)%00%(upstream:short)%00%(objectname)%00%(upstream:track)%00%(upstream:remotename)%00%(upstream:remoteref) refs/heads/main refs/remotes/main [15ms]
2025-05-16 15:25:41.386 [info] > git rev-parse --show-toplevel [10ms]
2025-05-16 15:25:41.391 [info] > git for-each-ref --sort -committerdate --format %(refname)%00%(objectname)%00%(*objectname) [6ms]
2025-05-16 15:25:41.393 [info] > git rev-parse --show-toplevel [2ms]
2025-05-16 15:25:41.398 [info] > git rev-parse --show-toplevel [1ms]
2025-05-16 15:25:41.400 [info] [Model][doInitialScan] Initial repository scan completed - repositories (1), closed repositories (0), parent repositories (0), unsafe repositories (0)
2025-05-16 15:25:41.696 [info] > git status -z -uall [315ms]
2025-05-16 15:25:41.718 [info] > git for-each-ref --format=%(refname)%00%(upstream:short)%00%(objectname)%00%(upstream:track)%00%(upstream:remotename)%00%(upstream:remoteref) refs/heads/main refs/remotes/main [9ms]
2025-05-16 15:25:41.725 [info] > git config --get commit.template [6ms]
2025-05-16 15:25:41.727 [info] > git config --get --local branch.main.vscode-merge-base [3ms]
2025-05-16 15:25:41.727 [warning] [Git][config] git config failed: Failed to execute git
2025-05-16 15:25:41.738 [info] > git reflog main --grep-reflog=branch: Created from *. [6ms]
2025-05-16 15:25:41.744 [info] > git for-each-ref --format=%(refname)%00%(upstream:short)%00%(objectname)%00%(upstream:track)%00%(upstream:remotename)%00%(upstream:remoteref) refs/heads/main refs/remotes/main [7ms]
2025-05-16 15:25:41.744 [info] > git symbolic-ref --short refs/remotes/origin/HEAD [1ms]
2025-05-16 15:25:41.763 [info] > git for-each-ref --format=%(refname)%00%(upstream:short)%00%(objectname)%00%(upstream:track)%00%(upstream:remotename)%00%(upstream:remoteref) refs/heads/origin/main refs/remotes/origin/main [13ms]
2025-05-16 15:25:41.770 [info] > git for-each-ref --sort -committerdate --format %(refname)%00%(objectname)%00%(*objectname) [7ms]
2025-05-16 15:25:41.770 [info] > git config --add --local branch.main.vscode-merge-base origin/main [1ms]
2025-05-16 15:25:41.787 [info] > git status -z -uall [32ms] (cancelled)
2025-05-16 15:25:41.787 [info] > git for-each-ref --format=%(refname)%00%(upstream:short)%00%(objectname)%00%(upstream:track)%00%(upstream:remotename)%00%(upstream:remoteref) refs/heads/main refs/remotes/main [9ms]
2025-05-16 15:25:41.801 [info] > git check-ignore -v -z --stdin [1ms]
2025-05-16 15:25:41.802 [info] > git config --get --local branch.main.vscode-merge-base [8ms]
2025-05-16 15:25:41.811 [info] > git config --get commit.template [24ms]
2025-05-16 15:25:41.865 [info] > git for-each-ref --format=%(refname)%00%(upstream:short)%00%(objectname)%00%(upstream:track)%00%(upstream:remotename)%00%(upstream:remoteref) refs/heads/origin/main refs/remotes/origin/main [54ms]
2025-05-16 15:25:41.880 [info] > git merge-base refs/heads/main refs/remotes/origin/main [8ms]
2025-05-16 15:25:41.887 [info] > git for-each-ref --format=%(refname)%00%(upstream:short)%00%(objectname)%00%(upstream:track)%00%(upstream:remotename)%00%(upstream:remoteref) refs/heads/main refs/remotes/main [8ms]
2025-05-16 15:25:41.902 [info] > git diff --name-status -z --diff-filter=ADMR 45f7f581b181a2b31ddd53b80971fa5317fecb10...refs/remotes/origin/main [16ms]
2025-05-16 15:25:41.910 [info] > git for-each-ref --sort -committerdate --format %(refname)%00%(objectname)%00%(*objectname) [10ms]
2025-05-16 15:25:42.202 [info] > git status -z -uall [308ms]
2025-05-16 15:25:43.815 [info] > git check-ignore -v -z --stdin [2ms]
2025-05-16 15:25:44.643 [info] > git check-ignore -v -z --stdin [1ms]
2025-05-16 15:26:16.075 [info] > git config --get commit.template [8ms]
2025-05-16 15:26:16.076 [info] > git for-each-ref --format=%(refname)%00%(upstream:short)%00%(objectname)%00%(upstream:track)%00%(upstream:remotename)%00%(upstream:remoteref) refs/heads/main refs/remotes/main [2ms]
2025-05-16 15:26:16.093 [info] > git for-each-ref --sort -committerdate --format %(refname)%00%(objectname)%00%(*objectname) [1ms]
2025-05-16 15:26:16.382 [info] > git status -z -uall [298ms]
2025-05-16 15:27:27.986 [info] > git config --get commit.template [11ms]
2025-05-16 15:27:27.987 [info] > git for-each-ref --format=%(refname)%00%(upstream:short)%00%(objectname)%00%(upstream:track)%00%(upstream:remotename)%00%(upstream:remoteref) refs/heads/main refs/remotes/main [2ms]
2025-05-16 15:27:28.008 [info] > git for-each-ref --sort -committerdate --format %(refname)%00%(objectname)%00%(*objectname) [2ms]
2025-05-16 15:27:28.338 [info] > git status -z -uall [341ms]
2025-05-16 15:27:47.336 [info] > git config --get commit.template [2ms]
2025-05-16 15:27:47.353 [info] > git for-each-ref --format=%(refname)%00%(upstream:short)%00%(objectname)%00%(upstream:track)%00%(upstream:remotename)%00%(upstream:remoteref) refs/heads/main refs/remotes/main [3ms]
2025-05-16 15:27:47.381 [info] > git for-each-ref --sort -committerdate --format %(refname)%00%(objectname)%00%(*objectname) [3ms]
2025-05-16 15:27:47.709 [info] > git status -z -uall [342ms]
2025-05-16 15:27:55.448 [info] > git config --get commit.template [17ms]
2025-05-16 15:27:55.449 [info] > git for-each-ref --format=%(refname)%00%(upstream:short)%00%(objectname)%00%(upstream:track)%00%(upstream:remotename)%00%(upstream:remoteref) refs/heads/main refs/remotes/main [2ms]
2025-05-16 15:27:55.472 [info] > git for-each-ref --sort -committerdate --format %(refname)%00%(objectname)%00%(*objectname) [2ms]
2025-05-16 15:27:55.772 [info] > git status -z -uall [312ms]
