2025-05-15 10:32:30.709 [info] Reading sessions from keychain...
2025-05-15 10:32:30.709 [info] Getting sessions for all scopes...
2025-05-15 10:32:30.709 [info] Getting sessions for all scopes...
2025-05-15 10:32:30.709 [info] Getting sessions for all scopes...
2025-05-15 10:32:30.709 [info] Getting sessions for all scopes...
2025-05-15 10:32:30.709 [info] Getting sessions for all scopes...
2025-05-15 10:32:30.709 [info] Getting sessions for all scopes...
2025-05-15 10:32:30.709 [info] Getting sessions for all scopes...
2025-05-15 10:32:30.763 [info] Got stored sessions!
2025-05-15 10:32:30.763 [info] Got 1 verified sessions.
2025-05-15 10:32:30.764 [info] Got 1 sessions for ...
2025-05-15 10:32:30.764 [info] Got 1 sessions for ...
2025-05-15 10:32:30.764 [info] Got 1 sessions for ...
2025-05-15 10:32:30.764 [info] Got 1 sessions for ...
2025-05-15 10:32:30.764 [info] Got 1 sessions for ...
2025-05-15 10:32:30.764 [info] Got 1 sessions for ...
2025-05-15 10:32:30.764 [info] Got 1 sessions for ...
2025-05-15 10:32:30.856 [info] Getting sessions for all scopes...
2025-05-15 10:32:30.856 [info] Got 1 sessions for ...
2025-05-15 10:32:30.856 [info] Getting sessions for all scopes...
2025-05-15 10:32:30.856 [info] Got 1 sessions for ...
2025-05-15 10:32:30.857 [info] Getting sessions for all scopes...
2025-05-15 10:32:30.857 [info] Got 1 sessions for ...
2025-05-15 10:32:30.857 [info] Getting sessions for all scopes...
2025-05-15 10:32:30.857 [info] Got 1 sessions for ...
2025-05-15 10:32:30.857 [info] Getting sessions for all scopes...
2025-05-15 10:32:30.857 [info] Got 1 sessions for ...
2025-05-15 10:32:30.857 [info] Getting sessions for all scopes...
2025-05-15 10:32:30.857 [info] Got 1 sessions for ...
2025-05-15 10:32:30.968 [info] Getting sessions for all scopes...
2025-05-15 10:32:30.968 [info] Got 1 sessions for ...
2025-05-15 10:32:31.861 [info] Getting sessions for user:email...
2025-05-15 10:32:31.862 [info] Got 1 sessions for user:email...
2025-05-15 10:32:31.867 [info] Getting sessions for all scopes...
2025-05-15 10:32:31.867 [info] Got 1 sessions for ...
2025-05-15 10:32:32.534 [info] Getting sessions for all scopes...
2025-05-15 10:32:32.534 [info] Got 1 sessions for ...
