Initializing document watcher...
Document watcher initialized
.config/waybar/style.css: {}
.config/waybar/style.css: Using EditorConfig core...
.config/waybar/style.css: {}
.config/waybar/style.css: {}
.config/waybar/style.css: Using EditorConfig core...
.config/waybar/style.css: Using EditorConfig core...
.config/waybar/style.css: {}
.config/waybar/style.css: {}
.config/waybar/style.css: Using EditorConfig core...
.config/waybar/style.css: Using EditorConfig core...
.config/waybar/style.css: {}
.config/waybar/style.css: Using EditorConfig core...
.config/waybar/style.css: Using EditorConfig core...
.config/waybar/style.css: Using EditorConfig core...
.config/waybar/style.css: {}
.config/waybar/style.css: {}
.config/waybar/style.css: {}
.config/waybar/config.jsonc: {}
.config/waybar/config.jsonc: {}
.config/waybar/config.jsonc: {}
.config/waybar/config.jsonc: {}
.config/waybar/config.jsonc: {}
.config/waybar/config.jsonc: {}
.config/waybar/config.jsonc: {}
.config/waybar/config.jsonc: {}
.config/waybar/config.jsonc: {}
.config/waybar/config.jsonc: {}
.config/waybar/config.jsonc: {}
.config/waybar/config.jsonc: {}
.config/waybar/config.jsonc: {}
.config/waybar/config.jsonc: {}
.config/waybar/style.css: {}
.config/waybar/style.css: {}
.config/waybar/style.css: {}
.config/waybar/style.css: {}
.config/waybar/style.css: {}
.config/waybar/style.css: {}
.config/waybar/style.css: {}
.config/waybar/style.css: {}
.config/waybar/style.css: {}
.config/waybar/style.css: {}
.config/waybar/style.css: {}
.config/waybar/style.css: {}
.config/waybar/style.css: {}
.config/waybar/style.css: Using EditorConfig core...
.config/waybar/style.css: {}
.config/waybar/style.css: Using EditorConfig core...
.config/waybar/style.css: {}
.config/waybar/style.css: Using EditorConfig core...
.config/waybar/style.css: {}
.config/waybar/style.css: Using EditorConfig core...
.config/waybar/style.css: {}
.config/waybar/style.css: Using EditorConfig core...
.config/waybar/style.css: Using EditorConfig core...
.config/waybar/style.css: {}
.config/waybar/style.css: {}
.config/waybar/style.css: Using EditorConfig core...
.config/waybar/style.css: {}
.config/waybar/style.css: {}
.config/waybar/style.css: Using EditorConfig core...
.config/waybar/style.css: {}
.config/waybar/style.css: {}
.config/waybar/style.css: {}
.config/waybar/style.css: {}
.config/waybar/style.css: {}
.config/waybar/style.css: {}
.config/waybar/style.css: {}
.config/waybar/style.css: {}
.config/waybar/style.css: {}
.config/waybar/style.css: Using EditorConfig core...
.config/waybar/style.css: Using EditorConfig core...
.config/waybar/style.css: Using EditorConfig core...
.config/waybar/style.css: Using EditorConfig core...
.config/waybar/style.css: Using EditorConfig core...
.config/waybar/style.css: {}
.config/waybar/style.css: {}
.config/waybar/style.css: {}
.config/waybar/style.css: {}
.config/waybar/config copy.jsonc: {}
.config/waybar/configGabr.jsonc: {}
.config/waybar/styleGab.css: {}
.config/waybar/style.css: {}
.config/waybar/style.css: {}
.config/waybar/style.css: {}
.config/waybar/style.css: {}
.config/waybar/style.css: {}
.config/waybar/style.css: {}
.config/waybar/style.css: {}
.config/waybar/style.css: {}
.config/waybar/style.css: {}
.config/waybar/style.css: {}
.config/waybar/style.css: {}
.config/waybar/style.css: {}
.config/waybar/style.css: {}
.config/waybar/style.css: {}
.config/waybar/style.css: {}
.config/waybar/style.css: {}
.config/waybar/style.css: {}
.config/waybar/style.css: {}
.config/waybar/style.css: {}
.config/waybar/style.css: {}
.config/waybar/style.css: {}
.config/waybar/style.css: {}
.config/waybar/style.css: {}
.config/waybar/style.css: {}
.config/waybar/style.css: {}
.config/waybar/style.css: {}
.config/waybar/style.css: {}
