2025-05-15 11:34:53.716 [info] Started local extension host with pid 90914.
2025-05-15 11:34:53.733 [info] ComputeTargetPlatform: linux-x64
2025-05-15 11:34:54.053 [warning] [segerdekort.angular-cli]: Menu item references an alt-command `Generates an app shell for running a server-side version of an app.` which is not defined in the 'commands' section.
2025-05-15 11:34:54.053 [warning] [segerdekort.angular-cli]: Menu item references an alt-command `Generates a new basic app definition in the "projects" subfolder of the workspace.` which is not defined in the 'commands' section.
2025-05-15 11:34:54.053 [warning] [segerdekort.angular-cli]: Menu item references an alt-command `Creates a new generic class definition in the given or default project.` which is not defined in the 'commands' section.
2025-05-15 11:34:54.053 [warning] [segerdekort.angular-cli]: Menu item references an alt-command `Creates a new generic component definition in the given or default project.` which is not defined in the 'commands' section.
2025-05-15 11:34:54.054 [warning] [segerdekort.angular-cli]: Menu item references an alt-command `Creates a new generic directive definition in the given or default project.` which is not defined in the 'commands' section.
2025-05-15 11:34:54.054 [warning] [segerdekort.angular-cli]: Menu item references an alt-command `Generates a new, generic enum definition for the given or default project.` which is not defined in the 'commands' section.
2025-05-15 11:34:54.054 [warning] [segerdekort.angular-cli]: Menu item references an alt-command `Generates a new, generic route guard definition in the given or default project.` which is not defined in the 'commands' section.
2025-05-15 11:34:54.054 [warning] [segerdekort.angular-cli]: Menu item references an alt-command `Creates a new, generic interceptor definition in the given or default project.` which is not defined in the 'commands' section.
2025-05-15 11:34:54.054 [warning] [segerdekort.angular-cli]: Menu item references an alt-command `Creates a new generic interface definition in the given or default project.` which is not defined in the 'commands' section.
2025-05-15 11:34:54.055 [warning] [segerdekort.angular-cli]: Menu item references an alt-command `Creates a new generic library project in the current workspace.` which is not defined in the 'commands' section.
2025-05-15 11:34:54.055 [warning] [segerdekort.angular-cli]: Menu item references an alt-command `Creates a new generic NgModule definition in the given or default project.` which is not defined in the 'commands' section.
2025-05-15 11:34:54.055 [warning] [segerdekort.angular-cli]: Menu item references an alt-command `Creates a new generic pipe definition in the given or default project.` which is not defined in the 'commands' section.
2025-05-15 11:34:54.055 [warning] [segerdekort.angular-cli]: Menu item references an alt-command `Creates a new, generic service definition in the given or default project.` which is not defined in the 'commands' section.
2025-05-15 11:34:54.055 [warning] [segerdekort.angular-cli]: Menu item references an alt-command `Pass this schematic to the "run" command to create a service worker` which is not defined in the 'commands' section.
2025-05-15 11:34:54.055 [warning] [segerdekort.angular-cli]: Menu item references an alt-command `Creates a new generic web worker definition in the given or default project.` which is not defined in the 'commands' section.
2025-05-15 11:34:54.648 [error] [1tontech.angular-material]: Unknown language in `contributes.angular-material.language`. Provided value: blade
2025-05-15 11:34:54.648 [error] [1tontech.angular-material]: Unknown language in `contributes.angular-material.language`. Provided value: ejs
2025-05-15 11:34:54.648 [error] [1tontech.angular-material]: Unknown language in `contributes.angular-material.language`. Provided value: latte
2025-05-15 11:34:54.648 [error] [1tontech.angular-material]: Unknown language in `contributes.angular-material.language`. Provided value: tpl
2025-05-15 11:34:54.648 [error] [1tontech.angular-material]: Unknown language in `contributes.angular-material.language`. Provided value: twig
2025-05-15 11:34:54.881 [info] Settings Sync: Token updated for the account GabrielCarlota
2025-05-15 11:34:54.890 [info] Settings Sync: Account status changed from uninitialized to available
2025-05-15 11:34:56.510 [info] [perf] Render performance baseline is 17ms
2025-05-15 11:35:00.138 [error] Failed to fetch token entitlements Server returned 403
