2025-05-16 11:50:12.189 [info] [main] Log level: Info
2025-05-16 11:50:12.189 [info] [main] Validating found git in: "git"
2025-05-16 11:50:12.189 [info] [main] Using git "2.49.0" from "git"
2025-05-16 11:50:12.189 [info] [Model][doInitialScan] Initial repository scan started
2025-05-16 11:50:12.189 [info] > git rev-parse --show-toplevel [28ms]
2025-05-16 11:50:12.201 [info] > git rev-parse --show-toplevel [94ms]
2025-05-16 11:50:12.223 [info] > git rev-parse --show-toplevel [3ms]
2025-05-16 11:50:12.233 [info] > git rev-parse --show-toplevel [2ms]
2025-05-16 11:50:12.237 [info] [Model][doInitialScan] Initial repository scan completed - repositories (0), closed repositories (0), parent repositories (1), unsafe repositories (0)
2025-05-16 11:50:12.780 [info] > git rev-parse --show-toplevel [1ms]
2025-05-16 11:51:49.980 [info] > git rev-parse --show-toplevel [4ms]
2025-05-16 11:52:16.518 [info] > git rev-parse --show-toplevel [2ms]
2025-05-16 11:52:47.080 [info] > git rev-parse --show-toplevel [1ms]
2025-05-16 11:52:47.087 [info] > git rev-parse --show-toplevel [0ms]
2025-05-16 11:52:47.096 [info] > git rev-parse --show-toplevel [1ms]
2025-05-16 11:52:47.103 [info] > git rev-parse --show-toplevel [1ms]
2025-05-16 11:52:47.109 [info] > git rev-parse --show-toplevel [1ms]
2025-05-16 11:52:47.116 [info] > git rev-parse --show-toplevel [1ms]
2025-05-16 11:52:47.124 [info] > git rev-parse --show-toplevel [1ms]
2025-05-16 11:52:47.131 [info] > git rev-parse --show-toplevel [1ms]
2025-05-16 11:52:47.139 [info] > git rev-parse --show-toplevel [1ms]
2025-05-16 11:52:47.145 [info] > git rev-parse --show-toplevel [1ms]
2025-05-16 11:52:47.152 [info] > git rev-parse --show-toplevel [0ms]
2025-05-16 11:52:47.160 [info] > git rev-parse --show-toplevel [1ms]
2025-05-16 11:52:47.170 [info] > git rev-parse --show-toplevel [1ms]
2025-05-16 11:52:47.179 [info] > git rev-parse --show-toplevel [1ms]
2025-05-16 11:52:47.189 [info] > git rev-parse --show-toplevel [0ms]
2025-05-16 11:52:47.197 [info] > git rev-parse --show-toplevel [1ms]
2025-05-16 11:52:47.206 [info] > git rev-parse --show-toplevel [1ms]
2025-05-16 11:52:47.216 [info] > git rev-parse --show-toplevel [2ms]
2025-05-16 11:52:47.227 [info] > git rev-parse --show-toplevel [2ms]
2025-05-16 11:52:47.237 [info] > git rev-parse --show-toplevel [1ms]
2025-05-16 11:52:47.249 [info] > git rev-parse --show-toplevel [3ms]
2025-05-16 11:52:47.256 [info] > git rev-parse --show-toplevel [1ms]
2025-05-16 11:52:47.266 [info] > git rev-parse --show-toplevel [1ms]
2025-05-16 11:52:47.275 [info] > git rev-parse --show-toplevel [2ms]
2025-05-16 11:52:47.283 [info] > git rev-parse --show-toplevel [1ms]
2025-05-16 11:52:47.291 [info] > git rev-parse --show-toplevel [1ms]
2025-05-16 11:52:47.300 [info] > git rev-parse --show-toplevel [1ms]
2025-05-16 11:52:47.306 [info] > git rev-parse --show-toplevel [1ms]
2025-05-16 11:52:47.313 [info] > git rev-parse --show-toplevel [1ms]
2025-05-16 11:52:47.320 [info] > git rev-parse --show-toplevel [1ms]
2025-05-16 11:52:47.327 [info] > git rev-parse --show-toplevel [1ms]
2025-05-16 11:52:47.334 [info] > git rev-parse --show-toplevel [1ms]
2025-05-16 11:52:47.341 [info] > git rev-parse --show-toplevel [1ms]
2025-05-16 11:52:47.349 [info] > git rev-parse --show-toplevel [1ms]
2025-05-16 11:52:47.357 [info] > git rev-parse --show-toplevel [1ms]
2025-05-16 11:52:47.366 [info] > git rev-parse --show-toplevel [1ms]
2025-05-16 11:52:47.376 [info] > git rev-parse --show-toplevel [1ms]
2025-05-16 11:52:47.391 [info] > git rev-parse --show-toplevel [6ms]
2025-05-16 11:52:47.398 [info] > git rev-parse --show-toplevel [1ms]
2025-05-16 11:52:47.405 [info] > git rev-parse --show-toplevel [1ms]
2025-05-16 11:52:47.414 [info] > git rev-parse --show-toplevel [1ms]
2025-05-16 11:52:47.424 [info] > git rev-parse --show-toplevel [1ms]
2025-05-16 11:52:47.435 [info] > git rev-parse --show-toplevel [2ms]
2025-05-16 11:52:47.445 [info] > git rev-parse --show-toplevel [1ms]
2025-05-16 11:52:47.458 [info] > git rev-parse --show-toplevel [2ms]
2025-05-16 11:52:47.469 [info] > git rev-parse --show-toplevel [1ms]
2025-05-16 11:52:47.479 [info] > git rev-parse --show-toplevel [1ms]
2025-05-16 11:52:47.489 [info] > git rev-parse --show-toplevel [1ms]
2025-05-16 11:52:47.500 [info] > git rev-parse --show-toplevel [2ms]
2025-05-16 11:52:47.510 [info] > git rev-parse --show-toplevel [1ms]
2025-05-16 11:52:47.520 [info] > git rev-parse --show-toplevel [1ms]
2025-05-16 11:52:47.529 [info] > git rev-parse --show-toplevel [1ms]
2025-05-16 11:52:47.539 [info] > git rev-parse --show-toplevel [1ms]
