2025-05-15 11:34:54.588 [info] Reading sessions from keychain...
2025-05-15 11:34:54.588 [info] Getting sessions for all scopes...
2025-05-15 11:34:54.588 [info] Getting sessions for all scopes...
2025-05-15 11:34:54.588 [info] Getting sessions for all scopes...
2025-05-15 11:34:54.588 [info] Getting sessions for all scopes...
2025-05-15 11:34:54.588 [info] Getting sessions for all scopes...
2025-05-15 11:34:54.588 [info] Getting sessions for all scopes...
2025-05-15 11:34:54.588 [info] Getting sessions for all scopes...
2025-05-15 11:34:54.588 [info] Got stored sessions!
2025-05-15 11:34:54.588 [info] Got 1 verified sessions.
2025-05-15 11:34:54.588 [info] Got 1 sessions for ...
2025-05-15 11:34:54.588 [info] Got 1 sessions for ...
2025-05-15 11:34:54.588 [info] Got 1 sessions for ...
2025-05-15 11:34:54.588 [info] Got 1 sessions for ...
2025-05-15 11:34:54.588 [info] Got 1 sessions for ...
2025-05-15 11:34:54.588 [info] Got 1 sessions for ...
2025-05-15 11:34:54.588 [info] Got 1 sessions for ...
2025-05-15 11:34:54.588 [info] Getting sessions for all scopes...
2025-05-15 11:34:54.588 [info] Got 1 sessions for ...
2025-05-15 11:34:54.588 [info] Getting sessions for all scopes...
2025-05-15 11:34:54.588 [info] Got 1 sessions for ...
2025-05-15 11:34:54.588 [info] Getting sessions for all scopes...
2025-05-15 11:34:54.588 [info] Got 1 sessions for ...
2025-05-15 11:34:54.588 [info] Getting sessions for all scopes...
2025-05-15 11:34:54.588 [info] Got 1 sessions for ...
2025-05-15 11:34:54.588 [info] Getting sessions for all scopes...
2025-05-15 11:34:54.588 [info] Got 1 sessions for ...
2025-05-15 11:34:54.588 [info] Getting sessions for all scopes...
2025-05-15 11:34:54.588 [info] Got 1 sessions for ...
2025-05-15 11:34:54.589 [info] Getting sessions for all scopes...
2025-05-15 11:34:54.589 [info] Got 1 sessions for ...
2025-05-15 11:34:54.868 [info] Getting sessions for user:email...
2025-05-15 11:34:54.868 [info] Got 1 sessions for user:email...
2025-05-15 11:34:54.977 [info] Getting sessions for all scopes...
2025-05-15 11:34:54.977 [info] Got 1 sessions for ...
2025-05-15 11:34:56.477 [info] Getting sessions for all scopes...
2025-05-15 11:34:56.477 [info] Got 1 sessions for ...
