2025-05-16 15:29:53.966 [info] Reading sessions from keychain...
2025-05-16 15:29:53.966 [info] Getting sessions for all scopes...
2025-05-16 15:29:53.966 [info] Getting sessions for all scopes...
2025-05-16 15:29:53.966 [info] Getting sessions for all scopes...
2025-05-16 15:29:53.966 [info] Got stored sessions!
2025-05-16 15:29:53.966 [info] Got 1 verified sessions.
2025-05-16 15:29:53.966 [info] Got 1 sessions for ...
2025-05-16 15:29:53.966 [info] Got 1 sessions for ...
2025-05-16 15:29:53.966 [info] Got 1 sessions for ...
2025-05-16 15:29:53.966 [info] Getting sessions for all scopes...
2025-05-16 15:29:53.966 [info] Got 1 sessions for ...
2025-05-16 15:29:53.966 [info] Getting sessions for user:email...
2025-05-16 15:29:53.966 [info] Got 1 sessions for user:email...
2025-05-16 15:29:53.966 [info] Getting sessions for all scopes...
2025-05-16 15:29:53.966 [info] Got 1 sessions for ...
2025-05-16 15:29:53.966 [info] Getting sessions for all scopes...
2025-05-16 15:29:53.966 [info] Got 1 sessions for ...
2025-05-16 15:29:53.966 [info] Getting sessions for all scopes...
2025-05-16 15:29:53.966 [info] Got 1 sessions for ...
2025-05-16 15:29:53.966 [info] Getting sessions for all scopes...
2025-05-16 15:29:53.966 [info] Got 1 sessions for ...
2025-05-16 15:29:53.966 [info] Getting sessions for all scopes...
2025-05-16 15:29:53.966 [info] Got 1 sessions for ...
2025-05-16 15:29:53.966 [info] Getting sessions for all scopes...
2025-05-16 15:29:53.966 [info] Got 1 sessions for ...
2025-05-16 15:29:53.966 [info] Getting sessions for all scopes...
2025-05-16 15:29:53.966 [info] Got 1 sessions for ...
2025-05-16 15:29:53.966 [info] Getting sessions for all scopes...
2025-05-16 15:29:53.966 [info] Got 1 sessions for ...
2025-05-16 15:29:53.966 [info] Getting sessions for all scopes...
2025-05-16 15:29:53.966 [info] Got 1 sessions for ...
2025-05-16 15:29:53.966 [info] Getting sessions for all scopes...
2025-05-16 15:29:53.966 [info] Got 1 sessions for ...
2025-05-16 15:29:53.966 [info] Getting sessions for all scopes...
2025-05-16 15:29:53.966 [info] Got 1 sessions for ...
2025-05-16 15:29:55.736 [info] Getting sessions for all scopes...
2025-05-16 15:29:55.736 [info] Got 1 sessions for ...
2025-05-16 15:29:55.819 [info] Getting sessions for read:user,repo,user:email,workflow...
2025-05-16 15:29:55.819 [info] Got 0 sessions for read:user,repo,user:email,workflow...
