2025-05-15 10:32:30.432 [info] Extension host with pid 53808 started
2025-05-15 10:32:30.432 [info] Skipping acquiring lock for /home/gab/.config/Code/User/workspaceStorage/b93856b2069df6ad14ad64d8fa7f0ee4.
2025-05-15 10:32:30.617 [info] ExtensionService#_doActivateExtension vscode.github-authentication, startup: false, activationEvent: 'onAuthenticationRequest:github'
2025-05-15 10:32:30.643 [info] ExtensionService#_doActivateExtension vscode.emmet, startup: false, activationEvent: 'onLanguage'
2025-05-15 10:32:30.714 [info] ExtensionService#_doActivateExtension vscode.git-base, startup: true, activationEvent: '*', root cause: vscode.git
2025-05-15 10:32:30.716 [info] ExtensionService#_doActivateExtension alexiv.vscode-angular2-files, startup: true, activationEvent: '*'
2025-05-15 10:32:30.722 [info] ExtensionService#_doActivateExtension christian-kohler.path-intellisense, startup: true, activationEvent: '*'
2025-05-15 10:32:30.730 [info] ExtensionService#_doActivateExtension formulahendry.auto-close-tag, startup: true, activationEvent: '*'
2025-05-15 10:32:30.731 [info] ExtensionService#_doActivateExtension formulahendry.auto-rename-tag, startup: true, activationEvent: '*'
2025-05-15 10:32:30.756 [info] ExtensionService#_doActivateExtension infinity1207.angular2-switcher, startup: true, activationEvent: '*'
2025-05-15 10:32:30.759 [info] ExtensionService#_doActivateExtension john-crowson.angular-file-changer, startup: true, activationEvent: '*'
2025-05-15 10:32:30.857 [info] ExtensionService#_doActivateExtension vscode.git, startup: true, activationEvent: '*'
2025-05-15 10:32:30.896 [info] ExtensionService#_doActivateExtension vscode.github, startup: true, activationEvent: '*'
2025-05-15 10:32:30.994 [info] Eager extensions activated
2025-05-15 10:32:31.032 [info] ExtensionService#_doActivateExtension vscode.debug-auto-launch, startup: false, activationEvent: 'onStartupFinished'
2025-05-15 10:32:31.034 [info] ExtensionService#_doActivateExtension vscode.merge-conflict, startup: false, activationEvent: 'onStartupFinished'
2025-05-15 10:32:31.047 [info] ExtensionService#_doActivateExtension bradlc.vscode-tailwindcss, startup: false, activationEvent: 'onStartupFinished'
2025-05-15 10:32:31.075 [info] ExtensionService#_doActivateExtension cyrilletuzi.angular-schematics, startup: false, activationEvent: 'onStartupFinished'
2025-05-15 10:32:31.405 [info] ExtensionService#_doActivateExtension dbaeumer.vscode-eslint, startup: false, activationEvent: 'onStartupFinished'
2025-05-15 10:32:31.427 [info] ExtensionService#_doActivateExtension dsznajder.es7-react-js-snippets, startup: false, activationEvent: 'onStartupFinished'
2025-05-15 10:32:31.690 [info] ExtensionService#_doActivateExtension EditorConfig.EditorConfig, startup: false, activationEvent: 'onStartupFinished'
2025-05-15 10:32:31.704 [info] ExtensionService#_doActivateExtension Equinusocio.vsc-material-theme, startup: false, activationEvent: 'onStartupFinished'
2025-05-15 10:32:31.706 [info] ExtensionService#_doActivateExtension equinusocio.vsc-material-theme-icons, startup: false, activationEvent: 'onStartupFinished'
2025-05-15 10:32:31.713 [error] Activating extension equinusocio.vsc-material-theme-icons failed due to an error:
2025-05-15 10:32:31.713 [error] Error: Cannot find module 'fs-extra'
Require stack:
- /home/gab/.vscode/extensions/equinusocio.vsc-material-theme-icons-3.9.0/out/src/commands/fix-icons.js
- /home/gab/.vscode/extensions/equinusocio.vsc-material-theme-icons-3.9.0/out/src/extension.js
- /opt/visual-studio-code/resources/app/out/vs/workbench/api/node/extensionHostProcess.js
    at Module._resolveFilename (node:internal/modules/cjs/loader:1219:15)
    at Function.n._resolveFilename (node:electron/js2c/utility_init:2:16068)
    at Function.t._resolveFilename (file:///opt/visual-studio-code/resources/app/out/vs/workbench/api/node/extensionHostProcess.js:180:22910)
    at Module._load (node:internal/modules/cjs/loader:1050:27)
    at Function.c._load (node:electron/js2c/node_init:2:16955)
    at Function.e._load (file:///opt/visual-studio-code/resources/app/out/vs/workbench/api/node/extensionHostProcess.js:225:1509)
    at Function.t._load (file:///opt/visual-studio-code/resources/app/out/vs/workbench/api/node/extensionHostProcess.js:180:22628)
    at Function.r._load (file:///opt/visual-studio-code/resources/app/out/vs/workbench/api/node/extensionHostProcess.js:172:22062)
    at Module.require (node:internal/modules/cjs/loader:1305:19)
    at require (node:internal/modules/helpers:182:18)
    at Object.<anonymous> (/home/gab/.vscode/extensions/equinusocio.vsc-material-theme-icons-3.9.0/out/src/commands/fix-icons.js:13:12)
    at Module._compile (node:internal/modules/cjs/loader:1544:14)
    at Object.Module._extensions..js (node:internal/modules/cjs/loader:1629:10)
    at Module.load (node:internal/modules/cjs/loader:1282:32)
    at Module._load (node:internal/modules/cjs/loader:1103:12)
    at Function.c._load (node:electron/js2c/node_init:2:16955)
    at Function.e._load (file:///opt/visual-studio-code/resources/app/out/vs/workbench/api/node/extensionHostProcess.js:225:1509)
    at Function.t._load (file:///opt/visual-studio-code/resources/app/out/vs/workbench/api/node/extensionHostProcess.js:180:22628)
    at Function.r._load (file:///opt/visual-studio-code/resources/app/out/vs/workbench/api/node/extensionHostProcess.js:172:22062)
    at Module.require (node:internal/modules/cjs/loader:1305:19)
    at require (node:internal/modules/helpers:182:18)
    at Object.<anonymous> (/home/gab/.vscode/extensions/equinusocio.vsc-material-theme-icons-3.9.0/out/src/extension.js:15:21)
    at Module._compile (node:internal/modules/cjs/loader:1544:14)
    at Object.Module._extensions..js (node:internal/modules/cjs/loader:1629:10)
    at Module.load (node:internal/modules/cjs/loader:1282:32)
    at Module._load (node:internal/modules/cjs/loader:1103:12)
    at Function.c._load (node:electron/js2c/node_init:2:16955)
    at Function.e._load (file:///opt/visual-studio-code/resources/app/out/vs/workbench/api/node/extensionHostProcess.js:225:1509)
    at Function.t._load (file:///opt/visual-studio-code/resources/app/out/vs/workbench/api/node/extensionHostProcess.js:180:22628)
    at Function.r._load (file:///opt/visual-studio-code/resources/app/out/vs/workbench/api/node/extensionHostProcess.js:172:22062)
    at Module.require (node:internal/modules/cjs/loader:1305:19)
    at require (node:internal/modules/helpers:182:18)
    at PJ.Cb (file:///opt/visual-studio-code/resources/app/out/vs/workbench/api/node/extensionHostProcess.js:211:1253)
2025-05-15 10:32:31.713 [info] ExtensionService#_doActivateExtension esbenp.prettier-vscode, startup: false, activationEvent: 'onStartupFinished'
2025-05-15 10:32:31.759 [info] ExtensionService#_doActivateExtension PKief.material-icon-theme, startup: false, activationEvent: 'onStartupFinished'
2025-05-15 10:32:31.770 [info] ExtensionService#_doActivateExtension vscode.configuration-editing, startup: false, activationEvent: 'onLanguage:jsonc'
2025-05-15 10:32:31.775 [info] ExtensionService#_doActivateExtension vscode.json-language-features, startup: false, activationEvent: 'onLanguage:jsonc'
2025-05-15 10:32:31.811 [info] ExtensionService#_doActivateExtension vscode.typescript-language-features, startup: false, activationEvent: 'onLanguage:jsonc'
2025-05-15 10:32:34.399 [info] ExtensionService#_doActivateExtension vscode.css-language-features, startup: false, activationEvent: 'onLanguage:css'
2025-05-15 10:52:47.256 [info] Extension host terminating: renderer closed the MessagePort
2025-05-15 10:52:47.321 [info] Extension host with pid 53808 exiting with code 0
