2025-05-16 19:34:59.980 [info] Reading sessions from keychain...
2025-05-16 19:34:59.980 [info] Getting sessions for all scopes...
2025-05-16 19:34:59.980 [info] Getting sessions for all scopes...
2025-05-16 19:34:59.980 [info] Getting sessions for all scopes...
2025-05-16 19:34:59.980 [info] Getting sessions for all scopes...
2025-05-16 19:34:59.980 [info] Getting sessions for all scopes...
2025-05-16 19:34:59.980 [info] Getting sessions for all scopes...
2025-05-16 19:34:59.980 [info] Getting sessions for all scopes...
2025-05-16 19:34:59.980 [info] Got stored sessions!
2025-05-16 19:34:59.980 [info] Got 1 verified sessions.
2025-05-16 19:34:59.980 [info] Got 1 sessions for ...
2025-05-16 19:34:59.980 [info] Got 1 sessions for ...
2025-05-16 19:34:59.980 [info] Got 1 sessions for ...
2025-05-16 19:34:59.980 [info] Got 1 sessions for ...
2025-05-16 19:34:59.980 [info] Got 1 sessions for ...
2025-05-16 19:34:59.980 [info] Got 1 sessions for ...
2025-05-16 19:34:59.980 [info] Got 1 sessions for ...
2025-05-16 19:34:59.980 [info] Getting sessions for all scopes...
2025-05-16 19:34:59.980 [info] Got 1 sessions for ...
2025-05-16 19:34:59.980 [info] Getting sessions for all scopes...
2025-05-16 19:34:59.980 [info] Got 1 sessions for ...
2025-05-16 19:34:59.980 [info] Getting sessions for all scopes...
2025-05-16 19:34:59.980 [info] Got 1 sessions for ...
2025-05-16 19:34:59.980 [info] Getting sessions for all scopes...
2025-05-16 19:34:59.980 [info] Got 1 sessions for ...
2025-05-16 19:34:59.980 [info] Getting sessions for all scopes...
2025-05-16 19:34:59.980 [info] Got 1 sessions for ...
2025-05-16 19:34:59.980 [info] Getting sessions for all scopes...
2025-05-16 19:34:59.980 [info] Got 1 sessions for ...
2025-05-16 19:34:59.980 [info] Getting sessions for all scopes...
2025-05-16 19:34:59.980 [info] Got 1 sessions for ...
2025-05-16 19:35:00.918 [info] Getting sessions for user:email...
2025-05-16 19:35:00.918 [info] Got 1 sessions for user:email...
2025-05-16 19:35:00.924 [info] Getting sessions for all scopes...
2025-05-16 19:35:00.924 [info] Got 1 sessions for ...
2025-05-16 19:35:01.372 [info] Getting sessions for all scopes...
2025-05-16 19:35:01.372 [info] Got 1 sessions for ...
2025-05-16 19:35:01.741 [info] Getting sessions for read:user,repo,user:email,workflow...
2025-05-16 19:35:01.741 [info] Got 0 sessions for read:user,repo,user:email,workflow...
