2025-05-15 16:52:59.710 [info] Reading sessions from keychain...
2025-05-15 16:52:59.710 [info] Getting sessions for all scopes...
2025-05-15 16:52:59.710 [info] Getting sessions for all scopes...
2025-05-15 16:52:59.710 [info] Getting sessions for all scopes...
2025-05-15 16:52:59.710 [info] Getting sessions for all scopes...
2025-05-15 16:52:59.710 [info] Getting sessions for all scopes...
2025-05-15 16:52:59.710 [info] Getting sessions for all scopes...
2025-05-15 16:52:59.710 [info] Getting sessions for all scopes...
2025-05-15 16:52:59.710 [info] Got stored sessions!
2025-05-15 16:52:59.710 [info] Got 1 verified sessions.
2025-05-15 16:52:59.710 [info] Got 1 sessions for ...
2025-05-15 16:52:59.710 [info] Got 1 sessions for ...
2025-05-15 16:52:59.710 [info] Got 1 sessions for ...
2025-05-15 16:52:59.710 [info] Got 1 sessions for ...
2025-05-15 16:52:59.710 [info] Got 1 sessions for ...
2025-05-15 16:52:59.710 [info] Got 1 sessions for ...
2025-05-15 16:52:59.710 [info] Got 1 sessions for ...
2025-05-15 16:52:59.716 [info] Getting sessions for all scopes...
2025-05-15 16:52:59.716 [info] Got 1 sessions for ...
2025-05-15 16:52:59.716 [info] Getting sessions for all scopes...
2025-05-15 16:52:59.716 [info] Got 1 sessions for ...
2025-05-15 16:52:59.716 [info] Getting sessions for all scopes...
2025-05-15 16:52:59.716 [info] Got 1 sessions for ...
2025-05-15 16:52:59.716 [info] Getting sessions for all scopes...
2025-05-15 16:52:59.716 [info] Got 1 sessions for ...
2025-05-15 16:52:59.716 [info] Getting sessions for all scopes...
2025-05-15 16:52:59.716 [info] Got 1 sessions for ...
2025-05-15 16:52:59.716 [info] Getting sessions for all scopes...
2025-05-15 16:52:59.716 [info] Got 1 sessions for ...
2025-05-15 16:53:00.069 [info] Getting sessions for all scopes...
2025-05-15 16:53:00.069 [info] Got 1 sessions for ...
2025-05-15 16:53:00.977 [info] Getting sessions for user:email...
2025-05-15 16:53:00.977 [info] Got 1 sessions for user:email...
2025-05-15 16:53:00.984 [info] Getting sessions for all scopes...
2025-05-15 16:53:00.984 [info] Got 1 sessions for ...
2025-05-15 16:53:03.138 [info] Getting sessions for all scopes...
2025-05-15 16:53:03.138 [info] Got 1 sessions for ...
