2025-05-16 11:50:11.311 [info] Reading sessions from keychain...
2025-05-16 11:50:11.311 [info] Getting sessions for all scopes...
2025-05-16 11:50:11.311 [info] Getting sessions for all scopes...
2025-05-16 11:50:11.311 [info] Getting sessions for all scopes...
2025-05-16 11:50:11.311 [info] Getting sessions for user:email...
2025-05-16 11:50:11.311 [info] Getting sessions for all scopes...
2025-05-16 11:50:11.311 [info] Getting sessions for all scopes...
2025-05-16 11:50:11.311 [info] Getting sessions for all scopes...
2025-05-16 11:50:11.311 [info] Getting sessions for all scopes...
2025-05-16 11:50:11.311 [info] Getting sessions for all scopes...
2025-05-16 11:50:11.311 [info] Got stored sessions!
2025-05-16 11:50:11.311 [info] Got 1 verified sessions.
2025-05-16 11:50:11.311 [info] Got 1 sessions for ...
2025-05-16 11:50:11.311 [info] Got 1 sessions for ...
2025-05-16 11:50:11.311 [info] Got 1 sessions for ...
2025-05-16 11:50:11.311 [info] Got 1 sessions for user:email...
2025-05-16 11:50:11.311 [info] Got 1 sessions for ...
2025-05-16 11:50:11.311 [info] Got 1 sessions for ...
2025-05-16 11:50:11.311 [info] Got 1 sessions for ...
2025-05-16 11:50:11.311 [info] Got 1 sessions for ...
2025-05-16 11:50:11.311 [info] Got 1 sessions for ...
2025-05-16 11:50:11.311 [info] Getting sessions for all scopes...
2025-05-16 11:50:11.311 [info] Got 1 sessions for ...
2025-05-16 11:50:11.311 [info] Getting sessions for all scopes...
2025-05-16 11:50:11.311 [info] Got 1 sessions for ...
2025-05-16 11:50:11.311 [info] Getting sessions for all scopes...
2025-05-16 11:50:11.311 [info] Got 1 sessions for ...
2025-05-16 11:50:11.311 [info] Getting sessions for all scopes...
2025-05-16 11:50:11.311 [info] Got 1 sessions for ...
2025-05-16 11:50:11.311 [info] Getting sessions for all scopes...
2025-05-16 11:50:11.311 [info] Got 1 sessions for ...
2025-05-16 11:50:11.311 [info] Getting sessions for all scopes...
2025-05-16 11:50:11.311 [info] Got 1 sessions for ...
2025-05-16 11:50:11.311 [info] Getting sessions for all scopes...
2025-05-16 11:50:11.311 [info] Got 1 sessions for ...
2025-05-16 11:50:12.780 [info] Getting sessions for all scopes...
2025-05-16 11:50:12.780 [info] Got 1 sessions for ...
