2025-05-16 19:26:15.112 [info] [main] Log level: Info
2025-05-16 19:26:15.112 [info] [main] Validating found git in: "git"
2025-05-16 19:26:15.112 [info] [main] Using git "2.49.0" from "git"
2025-05-16 19:26:15.112 [info] [Model][doInitialScan] Initial repository scan started
2025-05-16 19:26:15.112 [info] > git rev-parse --show-toplevel [7ms]
2025-05-16 19:26:15.112 [info] > git rev-parse --git-dir --git-common-dir [30ms]
2025-05-16 19:26:15.112 [info] [Model][openRepository] Opened repository (path): /home/gab/Desktop/SupportMe
2025-05-16 19:26:15.112 [info] [Model][openRepository] Opened repository (real path): /home/gab/Desktop/SupportMe
2025-05-16 19:26:15.133 [info] > git rev-parse --show-toplevel [3ms]
2025-05-16 19:26:15.133 [info] > git config --get commit.template [9ms]
2025-05-16 19:26:15.147 [info] > git rev-parse --show-toplevel [7ms]
2025-05-16 19:26:15.153 [info] > git for-each-ref --format=%(refname)%00%(upstream:short)%00%(objectname)%00%(upstream:track)%00%(upstream:remotename)%00%(upstream:remoteref) refs/heads/main refs/remotes/main [8ms]
2025-05-16 19:26:15.159 [warning] [Git][revParse] Unable to read file: ENOENT: no such file or directory, open '/home/gab/Desktop/SupportMe/.git/refs/remotes/origin/main'
2025-05-16 19:26:15.160 [info] > git rev-parse --show-toplevel [8ms]
2025-05-16 19:26:15.165 [info] > git rev-parse refs/remotes/origin/main [7ms]
2025-05-16 19:26:15.177 [info] > git rev-parse --show-toplevel [12ms]
2025-05-16 19:26:15.179 [info] [Model][doInitialScan] Initial repository scan completed - repositories (1), closed repositories (0), parent repositories (0), unsafe repositories (0)
2025-05-16 19:26:15.180 [info] > git for-each-ref --sort -committerdate --format %(refname)%00%(objectname)%00%(*objectname) [4ms]
2025-05-16 19:26:15.641 [info] > git check-ignore -v -z --stdin [1ms]
2025-05-16 19:26:15.920 [info] > git status -z -uall [749ms]
2025-05-16 19:26:15.936 [info] > git for-each-ref --format=%(refname)%00%(upstream:short)%00%(objectname)%00%(upstream:track)%00%(upstream:remotename)%00%(upstream:remoteref) refs/heads/main refs/remotes/main [8ms]
2025-05-16 19:26:15.943 [info] > git config --get --local branch.main.vscode-merge-base [1ms]
2025-05-16 19:26:15.949 [info] > git config --get commit.template [12ms]
2025-05-16 19:26:15.954 [info] > git for-each-ref --format=%(refname)%00%(upstream:short)%00%(objectname)%00%(upstream:track)%00%(upstream:remotename)%00%(upstream:remoteref) refs/heads/origin/main refs/remotes/origin/main [6ms]
2025-05-16 19:26:15.960 [info] > git for-each-ref --format=%(refname)%00%(upstream:short)%00%(objectname)%00%(upstream:track)%00%(upstream:remotename)%00%(upstream:remoteref) refs/heads/main refs/remotes/main [6ms]
2025-05-16 19:26:15.965 [warning] [Git][revParse] Unable to read file: ENOENT: no such file or directory, open '/home/gab/Desktop/SupportMe/.git/refs/remotes/origin/main'
2025-05-16 19:26:15.965 [info] > git merge-base refs/heads/main refs/remotes/origin/main [6ms]
2025-05-16 19:26:15.972 [info] > git rev-parse refs/remotes/origin/main [7ms]
2025-05-16 19:26:15.982 [info] > git diff --name-status -z --diff-filter=ADMR 551bf6f53de6c0c73fa690fecbe8833946385afd...refs/remotes/origin/main [12ms]
2025-05-16 19:26:15.983 [info] > git for-each-ref --sort -committerdate --format %(refname)%00%(objectname)%00%(*objectname) [1ms]
2025-05-16 19:26:16.517 [info] > git check-ignore -v -z --stdin [1ms]
2025-05-16 19:26:16.640 [info] > git status -z -uall [663ms]
2025-05-16 19:26:17.647 [info] > git check-ignore -v -z --stdin [2ms]
2025-05-16 19:26:18.915 [info] > git check-ignore -v -z --stdin [2ms]
2025-05-16 19:26:23.935 [info] > git check-ignore -v -z --stdin [2ms]
2025-05-16 19:26:25.180 [info] > git check-ignore -v -z --stdin [1ms]
2025-05-16 19:26:28.956 [info] > git check-ignore -v -z --stdin [1ms]
2025-05-16 19:26:34.068 [info] > git check-ignore -v -z --stdin [2ms]
2025-05-16 19:26:35.974 [info] > git check-ignore -v -z --stdin [1ms]
2025-05-16 19:26:37.824 [info] > git check-ignore -v -z --stdin [1ms]
2025-05-16 19:28:49.152 [info] > git config --get commit.template [10ms]
2025-05-16 19:28:49.153 [info] > git for-each-ref --format=%(refname)%00%(upstream:short)%00%(objectname)%00%(upstream:track)%00%(upstream:remotename)%00%(upstream:remoteref) refs/heads/main refs/remotes/main [3ms]
2025-05-16 19:28:49.161 [warning] [Git][revParse] Unable to read file: ENOENT: no such file or directory, open '/home/gab/Desktop/SupportMe/.git/refs/remotes/origin/main'
2025-05-16 19:28:49.163 [info] > git rev-parse refs/remotes/origin/main [1ms]
2025-05-16 19:28:49.185 [info] > git for-each-ref --sort -committerdate --format %(refname)%00%(objectname)%00%(*objectname) [8ms]
2025-05-16 19:28:49.186 [info] > git check-ignore -v -z --stdin [1ms]
2025-05-16 19:28:49.837 [info] > git status -z -uall [668ms]
2025-05-16 19:28:56.712 [info] > git check-ignore -v -z --stdin [1ms]
2025-05-16 19:29:04.365 [info] > git check-ignore -v -z --stdin [1ms]
2025-05-16 19:29:04.943 [info] > git config --get commit.template [13ms]
2025-05-16 19:29:04.944 [info] > git for-each-ref --format=%(refname)%00%(upstream:short)%00%(objectname)%00%(upstream:track)%00%(upstream:remotename)%00%(upstream:remoteref) refs/heads/main refs/remotes/main [3ms]
2025-05-16 19:29:04.955 [warning] [Git][revParse] Unable to read file: ENOENT: no such file or directory, open '/home/gab/Desktop/SupportMe/.git/refs/remotes/origin/main'
2025-05-16 19:29:04.957 [info] > git rev-parse refs/remotes/origin/main [2ms]
2025-05-16 19:29:04.976 [info] > git for-each-ref --sort -committerdate --format %(refname)%00%(objectname)%00%(*objectname) [1ms]
2025-05-16 19:29:05.347 [info] > git check-ignore -v -z --stdin [1ms]
2025-05-16 19:29:05.611 [info] > git status -z -uall [644ms]
2025-05-16 19:29:27.907 [info] > git config --get commit.template [7ms]
2025-05-16 19:29:27.908 [info] > git for-each-ref --format=%(refname)%00%(upstream:short)%00%(objectname)%00%(upstream:track)%00%(upstream:remotename)%00%(upstream:remoteref) refs/heads/main refs/remotes/main [1ms]
2025-05-16 19:29:27.916 [warning] [Git][revParse] Unable to read file: ENOENT: no such file or directory, open '/home/gab/Desktop/SupportMe/.git/refs/remotes/origin/main'
2025-05-16 19:29:27.917 [info] > git rev-parse refs/remotes/origin/main [1ms]
2025-05-16 19:29:27.931 [info] > git for-each-ref --sort -committerdate --format %(refname)%00%(objectname)%00%(*objectname) [1ms]
2025-05-16 19:29:28.583 [info] > git status -z -uall [659ms]
2025-05-16 19:29:50.858 [info] > git check-ignore -v -z --stdin [2ms]
2025-05-16 19:29:55.524 [info] > git config --get commit.template [10ms]
2025-05-16 19:29:55.525 [info] > git for-each-ref --format=%(refname)%00%(upstream:short)%00%(objectname)%00%(upstream:track)%00%(upstream:remotename)%00%(upstream:remoteref) refs/heads/main refs/remotes/main [2ms]
2025-05-16 19:29:55.533 [warning] [Git][revParse] Unable to read file: ENOENT: no such file or directory, open '/home/gab/Desktop/SupportMe/.git/refs/remotes/origin/main'
2025-05-16 19:29:55.534 [info] > git rev-parse refs/remotes/origin/main [2ms]
2025-05-16 19:29:55.551 [info] > git for-each-ref --sort -committerdate --format %(refname)%00%(objectname)%00%(*objectname) [2ms]
2025-05-16 19:29:56.206 [info] > git status -z -uall [664ms]
2025-05-16 19:30:04.713 [info] > git config --get commit.template [9ms]
2025-05-16 19:30:04.714 [info] > git for-each-ref --format=%(refname)%00%(upstream:short)%00%(objectname)%00%(upstream:track)%00%(upstream:remotename)%00%(upstream:remoteref) refs/heads/main refs/remotes/main [1ms]
2025-05-16 19:30:04.723 [warning] [Git][revParse] Unable to read file: ENOENT: no such file or directory, open '/home/gab/Desktop/SupportMe/.git/refs/remotes/origin/main'
2025-05-16 19:30:04.724 [info] > git rev-parse refs/remotes/origin/main [1ms]
2025-05-16 19:30:04.744 [info] > git for-each-ref --sort -committerdate --format %(refname)%00%(objectname)%00%(*objectname) [2ms]
2025-05-16 19:30:05.404 [info] > git status -z -uall [671ms]
2025-05-16 19:30:08.143 [info] > git check-ignore -v -z --stdin [2ms]
2025-05-16 19:30:16.822 [info] > git check-ignore -v -z --stdin [2ms]
2025-05-16 19:30:17.372 [info] > git config --get commit.template [13ms]
2025-05-16 19:30:17.374 [info] > git for-each-ref --format=%(refname)%00%(upstream:short)%00%(objectname)%00%(upstream:track)%00%(upstream:remotename)%00%(upstream:remoteref) refs/heads/main refs/remotes/main [3ms]
2025-05-16 19:30:17.387 [warning] [Git][revParse] Unable to read file: ENOENT: no such file or directory, open '/home/gab/Desktop/SupportMe/.git/refs/remotes/origin/main'
2025-05-16 19:30:17.388 [info] > git rev-parse refs/remotes/origin/main [1ms]
2025-05-16 19:30:17.415 [info] > git for-each-ref --sort -committerdate --format %(refname)%00%(objectname)%00%(*objectname) [1ms]
2025-05-16 19:30:18.064 [info] > git status -z -uall [663ms]
2025-05-16 19:30:35.403 [info] > git config --get commit.template [9ms]
2025-05-16 19:30:35.404 [info] > git for-each-ref --format=%(refname)%00%(upstream:short)%00%(objectname)%00%(upstream:track)%00%(upstream:remotename)%00%(upstream:remoteref) refs/heads/main refs/remotes/main [2ms]
2025-05-16 19:30:35.411 [warning] [Git][revParse] Unable to read file: ENOENT: no such file or directory, open '/home/gab/Desktop/SupportMe/.git/refs/remotes/origin/main'
2025-05-16 19:30:35.412 [info] > git rev-parse refs/remotes/origin/main [1ms]
2025-05-16 19:30:35.436 [info] > git for-each-ref --sort -committerdate --format %(refname)%00%(objectname)%00%(*objectname) [10ms]
2025-05-16 19:30:35.437 [info] > git check-ignore -v -z --stdin [2ms]
2025-05-16 19:30:36.108 [info] > git status -z -uall [689ms]
2025-05-16 19:30:50.950 [info] > git check-ignore -v -z --stdin [2ms]
2025-05-16 19:30:52.387 [info] > git check-ignore -v -z --stdin [2ms]
2025-05-16 19:30:53.491 [info] > git check-ignore -v -z --stdin [2ms]
