2025-05-16 19:26:15.896 [error] #5: https://marketplace.visualstudio.com/_apis/public/gallery/vscode/alexiv/vscode-angular2-files/latest - error GET Failed to fetch
2025-05-16 19:26:15.937 [error] #4: https://marketplace.visualstudio.com/_apis/public/gallery/vscode/1tontech/angular-material/latest - error GET Failed to fetch
2025-05-16 19:26:15.939 [error] #6: https://marketplace.visualstudio.com/_apis/public/gallery/vscode/angular/ng-template/latest - error GET Failed to fetch
2025-05-16 19:26:15.941 [error] #7: https://marketplace.visualstudio.com/_apis/public/gallery/vscode/austenc/tailwind-docs/latest - error GET Failed to fetch
2025-05-16 19:26:15.942 [error] #8: https://marketplace.visualstudio.com/_apis/public/gallery/vscode/bourhaouta/tailwindshades/latest - error GET Failed to fetch
2025-05-16 19:26:15.943 [error] #9: https://marketplace.visualstudio.com/_apis/public/gallery/vscode/bradlc/vscode-tailwindcss/latest - error GET Failed to fetch
2025-05-16 19:26:15.972 [error] #10: https://marketplace.visualstudio.com/_apis/public/gallery/vscode/burkeholland/simple-react-snippets/latest - error GET Failed to fetch
2025-05-16 19:26:15.983 [error] #11: https://marketplace.visualstudio.com/_apis/public/gallery/vscode/christian-kohler/npm-intellisense/latest - error GET Failed to fetch
2025-05-16 19:26:15.992 [error] #12: https://marketplace.visualstudio.com/_apis/public/gallery/vscode/christian-kohler/path-intellisense/latest - error GET Failed to fetch
2025-05-16 19:26:15.994 [error] #13: https://marketplace.visualstudio.com/_apis/public/gallery/vscode/cyrilletuzi/angular-schematics/latest - error GET Failed to fetch
2025-05-16 19:26:15.996 [error] #14: https://marketplace.visualstudio.com/_apis/public/gallery/vscode/dbaeumer/vscode-eslint/latest - error GET Failed to fetch
2025-05-16 19:26:15.997 [error] #15: https://marketplace.visualstudio.com/_apis/public/gallery/vscode/dracula-theme/theme-dracula/latest - error GET Failed to fetch
2025-05-16 19:26:16.018 [error] #16: https://marketplace.visualstudio.com/_apis/public/gallery/vscode/dsznajder/es7-react-js-snippets/latest - error GET Failed to fetch
2025-05-16 19:26:16.025 [error] #17: https://marketplace.visualstudio.com/_apis/public/gallery/vscode/editorconfig/editorconfig/latest - error GET Failed to fetch
2025-05-16 19:26:16.031 [error] #18: https://marketplace.visualstudio.com/_apis/public/gallery/vscode/enkia/tokyo-night/latest - error GET Failed to fetch
2025-05-16 19:26:16.032 [error] #19: https://marketplace.visualstudio.com/_apis/public/gallery/vscode/equinusocio/vsc-material-theme/latest - error GET Failed to fetch
2025-05-16 19:26:16.033 [error] #20: https://marketplace.visualstudio.com/_apis/public/gallery/vscode/equinusocio/vsc-material-theme-icons/latest - error GET Failed to fetch
2025-05-16 19:26:16.059 [error] #21: https://marketplace.visualstudio.com/_apis/public/gallery/vscode/esbenp/prettier-vscode/latest - error GET Failed to fetch
2025-05-16 19:26:16.061 [error] #22: https://marketplace.visualstudio.com/_apis/public/gallery/vscode/formulahendry/auto-close-tag/latest - error GET Failed to fetch
2025-05-16 19:26:16.073 [error] #23: https://marketplace.visualstudio.com/_apis/public/gallery/vscode/formulahendry/auto-rename-tag/latest - error GET Failed to fetch
2025-05-16 19:26:16.075 [error] #24: https://marketplace.visualstudio.com/_apis/public/gallery/vscode/infinity1207/angular2-switcher/latest - error GET Failed to fetch
2025-05-16 19:26:16.076 [error] #25: https://marketplace.visualstudio.com/_apis/public/gallery/vscode/john-crowson/angular-file-changer/latest - error GET Failed to fetch
2025-05-16 19:26:16.096 [error] #26: https://marketplace.visualstudio.com/_apis/public/gallery/vscode/johnpapa/angular2/latest - error GET Failed to fetch
2025-05-16 19:26:16.102 [error] #27: https://marketplace.visualstudio.com/_apis/public/gallery/vscode/loiane/angular-extension-pack/latest - error GET Failed to fetch
2025-05-16 19:26:16.107 [error] #28: https://marketplace.visualstudio.com/_apis/public/gallery/vscode/ms-python/debugpy/latest - error GET Failed to fetch
2025-05-16 19:26:16.118 [error] #29: https://marketplace.visualstudio.com/_apis/public/gallery/vscode/ms-python/python/latest - error GET Failed to fetch
2025-05-16 19:26:16.119 [error] #30: https://marketplace.visualstudio.com/_apis/public/gallery/vscode/ms-python/vscode-pylance/latest - error GET Failed to fetch
2025-05-16 19:26:16.120 [error] #31: https://marketplace.visualstudio.com/_apis/public/gallery/vscode/ms-vscode/vscode-typescript-next/latest - error GET Failed to fetch
2025-05-16 19:26:16.142 [error] #32: https://marketplace.visualstudio.com/_apis/public/gallery/vscode/obenjiro/arrr/latest - error GET Failed to fetch
2025-05-16 19:26:16.146 [error] #33: https://marketplace.visualstudio.com/_apis/public/gallery/vscode/pkief/material-icon-theme/latest - error GET Failed to fetch
2025-05-16 19:26:16.154 [error] #34: https://marketplace.visualstudio.com/_apis/public/gallery/vscode/quicktype/quicktype/latest - error GET Failed to fetch
2025-05-16 19:26:16.161 [error] #35: https://marketplace.visualstudio.com/_apis/public/gallery/vscode/rbbit/typescript-hero/latest - error GET Failed to fetch
2025-05-16 19:26:16.164 [error] #36: https://marketplace.visualstudio.com/_apis/public/gallery/vscode/rctay/karma-problem-matcher/latest - error GET Failed to fetch
2025-05-16 19:26:16.164 [error] #37: https://marketplace.visualstudio.com/_apis/public/gallery/vscode/redhat/java/latest - error GET Failed to fetch
2025-05-16 19:26:16.192 [error] #38: https://marketplace.visualstudio.com/_apis/public/gallery/vscode/segerdekort/angular-cli/latest - error GET Failed to fetch
2025-05-16 19:26:16.196 [error] #39: https://marketplace.visualstudio.com/_apis/public/gallery/vscode/simontest/simontest/latest - error GET Failed to fetch
2025-05-16 19:26:16.210 [error] #40: https://marketplace.visualstudio.com/_apis/public/gallery/vscode/steoates/autoimport/latest - error GET Failed to fetch
2025-05-16 19:26:16.216 [error] #41: https://marketplace.visualstudio.com/_apis/public/gallery/vscode/stringham/move-ts/latest - error GET Failed to fetch
2025-05-16 19:26:16.219 [error] #42: https://marketplace.visualstudio.com/_apis/public/gallery/vscode/tal7aouy/icons/latest - error GET Failed to fetch
2025-05-16 19:26:16.239 [error] #43: https://marketplace.visualstudio.com/_apis/public/gallery/vscode/tobiasalthoff/atom-material-theme/latest - error GET Failed to fetch
2025-05-16 19:26:16.241 [error] #44: https://marketplace.visualstudio.com/_apis/public/gallery/vscode/visualstudioexptteam/intellicode-api-usage-examples/latest - error GET Failed to fetch
2025-05-16 19:26:16.242 [error] #45: https://marketplace.visualstudio.com/_apis/public/gallery/vscode/visualstudioexptteam/vscodeintellicode/latest - error GET Failed to fetch
2025-05-16 19:26:16.258 [error] #46: https://marketplace.visualstudio.com/_apis/public/gallery/vscode/vscjava/vscode-gradle/latest - error GET Failed to fetch
2025-05-16 19:26:16.262 [error] #47: https://marketplace.visualstudio.com/_apis/public/gallery/vscode/vscjava/vscode-java-debug/latest - error GET Failed to fetch
2025-05-16 19:26:16.262 [error] #48: https://marketplace.visualstudio.com/_apis/public/gallery/vscode/vscjava/vscode-java-dependency/latest - error GET Failed to fetch
2025-05-16 19:26:16.294 [error] #49: https://marketplace.visualstudio.com/_apis/public/gallery/vscode/vscjava/vscode-java-pack/latest - error GET Failed to fetch
2025-05-16 19:26:16.308 [error] #50: https://marketplace.visualstudio.com/_apis/public/gallery/vscode/vscjava/vscode-java-test/latest - error GET Failed to fetch
2025-05-16 19:26:16.313 [error] #51: https://marketplace.visualstudio.com/_apis/public/gallery/vscode/vscjava/vscode-maven/latest - error GET Failed to fetch
2025-05-16 19:26:16.317 [error] #52: https://marketplace.visualstudio.com/_apis/public/gallery/vscode/xabikos/javascriptsnippets/latest - error GET Failed to fetch
2025-05-16 19:26:16.336 [error] #53: https://marketplace.visualstudio.com/_apis/public/gallery/vscode/yigitfindikli/primengsnippets/latest - error GET Failed to fetch
2025-05-16 19:26:17.349 [error] #54: https://marketplace.visualstudio.com/_apis/public/gallery/vscode/yoavbls/pretty-ts-errors/latest - error GET Failed to fetch
2025-05-16 19:26:17.357 [error] #55: https://marketplace.visualstudio.com/_apis/public/gallery/vscode/zarifprogrammer/tailwind-snippets/latest - error GET Failed to fetch
2025-05-16 19:26:41.250 [error] #109: https://marketplace.visualstudio.com/_apis/public/gallery/vscode/1tontech/angular-material/latest - error GET Failed to fetch
2025-05-16 19:26:41.291 [error] #110: https://marketplace.visualstudio.com/_apis/public/gallery/vscode/alexiv/vscode-angular2-files/latest - error GET Failed to fetch
2025-05-16 19:26:41.294 [error] #111: https://marketplace.visualstudio.com/_apis/public/gallery/vscode/angular/ng-template/latest - error GET Failed to fetch
2025-05-16 19:26:41.295 [error] #112: https://marketplace.visualstudio.com/_apis/public/gallery/vscode/austenc/tailwind-docs/latest - error GET Failed to fetch
2025-05-16 19:26:41.296 [error] #113: https://marketplace.visualstudio.com/_apis/public/gallery/vscode/bourhaouta/tailwindshades/latest - error GET Failed to fetch
2025-05-16 19:26:41.297 [error] #114: https://marketplace.visualstudio.com/_apis/public/gallery/vscode/bradlc/vscode-tailwindcss/latest - error GET Failed to fetch
2025-05-16 19:26:41.298 [error] #115: https://marketplace.visualstudio.com/_apis/public/gallery/vscode/burkeholland/simple-react-snippets/latest - error GET Failed to fetch
2025-05-16 19:26:41.341 [error] #116: https://marketplace.visualstudio.com/_apis/public/gallery/vscode/christian-kohler/npm-intellisense/latest - error GET Failed to fetch
2025-05-16 19:26:41.342 [error] #117: https://marketplace.visualstudio.com/_apis/public/gallery/vscode/christian-kohler/path-intellisense/latest - error GET Failed to fetch
2025-05-16 19:26:41.344 [error] #118: https://marketplace.visualstudio.com/_apis/public/gallery/vscode/cyrilletuzi/angular-schematics/latest - error GET Failed to fetch
2025-05-16 19:26:41.345 [error] #119: https://marketplace.visualstudio.com/_apis/public/gallery/vscode/dbaeumer/vscode-eslint/latest - error GET Failed to fetch
2025-05-16 19:26:41.346 [error] #120: https://marketplace.visualstudio.com/_apis/public/gallery/vscode/dracula-theme/theme-dracula/latest - error GET Failed to fetch
2025-05-16 19:26:41.367 [error] #121: https://marketplace.visualstudio.com/_apis/public/gallery/vscode/dsznajder/es7-react-js-snippets/latest - error GET Failed to fetch
2025-05-16 19:26:41.382 [error] #122: https://marketplace.visualstudio.com/_apis/public/gallery/vscode/editorconfig/editorconfig/latest - error GET Failed to fetch
2025-05-16 19:26:41.384 [error] #123: https://marketplace.visualstudio.com/_apis/public/gallery/vscode/enkia/tokyo-night/latest - error GET Failed to fetch
2025-05-16 19:26:41.386 [error] #124: https://marketplace.visualstudio.com/_apis/public/gallery/vscode/equinusocio/vsc-material-theme/latest - error GET Failed to fetch
2025-05-16 19:26:41.388 [error] #125: https://marketplace.visualstudio.com/_apis/public/gallery/vscode/equinusocio/vsc-material-theme-icons/latest - error GET Failed to fetch
2025-05-16 19:26:41.389 [error] #126: https://marketplace.visualstudio.com/_apis/public/gallery/vscode/esbenp/prettier-vscode/latest - error GET Failed to fetch
2025-05-16 19:26:41.409 [error] #127: https://marketplace.visualstudio.com/_apis/public/gallery/vscode/formulahendry/auto-close-tag/latest - error GET Failed to fetch
2025-05-16 19:26:41.425 [error] #128: https://marketplace.visualstudio.com/_apis/public/gallery/vscode/formulahendry/auto-rename-tag/latest - error GET Failed to fetch
2025-05-16 19:26:41.427 [error] #129: https://marketplace.visualstudio.com/_apis/public/gallery/vscode/infinity1207/angular2-switcher/latest - error GET Failed to fetch
2025-05-16 19:26:41.431 [error] #130: https://marketplace.visualstudio.com/_apis/public/gallery/vscode/john-crowson/angular-file-changer/latest - error GET Failed to fetch
2025-05-16 19:26:41.432 [error] #131: https://marketplace.visualstudio.com/_apis/public/gallery/vscode/johnpapa/angular2/latest - error GET Failed to fetch
2025-05-16 19:26:41.434 [error] #132: https://marketplace.visualstudio.com/_apis/public/gallery/vscode/loiane/angular-extension-pack/latest - error GET Failed to fetch
2025-05-16 19:26:41.460 [error] #133: https://marketplace.visualstudio.com/_apis/public/gallery/vscode/ms-python/debugpy/latest - error GET Failed to fetch
2025-05-16 19:26:41.468 [error] #134: https://marketplace.visualstudio.com/_apis/public/gallery/vscode/ms-python/python/latest - error GET Failed to fetch
2025-05-16 19:26:41.473 [error] #135: https://marketplace.visualstudio.com/_apis/public/gallery/vscode/ms-python/vscode-pylance/latest - error GET Failed to fetch
2025-05-16 19:26:41.474 [error] #136: https://marketplace.visualstudio.com/_apis/public/gallery/vscode/ms-vscode/vscode-typescript-next/latest - error GET Failed to fetch
2025-05-16 19:26:41.481 [error] #137: https://marketplace.visualstudio.com/_apis/public/gallery/vscode/obenjiro/arrr/latest - error GET Failed to fetch
2025-05-16 19:26:41.482 [error] #138: https://marketplace.visualstudio.com/_apis/public/gallery/vscode/pkief/material-icon-theme/latest - error GET Failed to fetch
2025-05-16 19:26:41.507 [error] #139: https://marketplace.visualstudio.com/_apis/public/gallery/vscode/quicktype/quicktype/latest - error GET Failed to fetch
2025-05-16 19:26:41.514 [error] #140: https://marketplace.visualstudio.com/_apis/public/gallery/vscode/rbbit/typescript-hero/latest - error GET Failed to fetch
2025-05-16 19:26:41.515 [error] #141: https://marketplace.visualstudio.com/_apis/public/gallery/vscode/rctay/karma-problem-matcher/latest - error GET Failed to fetch
2025-05-16 19:26:41.516 [error] #142: https://marketplace.visualstudio.com/_apis/public/gallery/vscode/redhat/java/latest - error GET Failed to fetch
2025-05-16 19:26:41.524 [error] #143: https://marketplace.visualstudio.com/_apis/public/gallery/vscode/segerdekort/angular-cli/latest - error GET Failed to fetch
2025-05-16 19:26:41.525 [error] #144: https://marketplace.visualstudio.com/_apis/public/gallery/vscode/simontest/simontest/latest - error GET Failed to fetch
2025-05-16 19:26:41.553 [error] #145: https://marketplace.visualstudio.com/_apis/public/gallery/vscode/steoates/autoimport/latest - error GET Failed to fetch
2025-05-16 19:26:41.557 [error] #146: https://marketplace.visualstudio.com/_apis/public/gallery/vscode/stringham/move-ts/latest - error GET Failed to fetch
2025-05-16 19:26:41.559 [error] #147: https://marketplace.visualstudio.com/_apis/public/gallery/vscode/tal7aouy/icons/latest - error GET Failed to fetch
2025-05-16 19:26:41.561 [error] #148: https://marketplace.visualstudio.com/_apis/public/gallery/vscode/tobiasalthoff/atom-material-theme/latest - error GET Failed to fetch
2025-05-16 19:26:41.567 [error] #149: https://marketplace.visualstudio.com/_apis/public/gallery/vscode/visualstudioexptteam/intellicode-api-usage-examples/latest - error GET Failed to fetch
2025-05-16 19:26:41.568 [error] #150: https://marketplace.visualstudio.com/_apis/public/gallery/vscode/visualstudioexptteam/vscodeintellicode/latest - error GET Failed to fetch
2025-05-16 19:26:41.599 [error] #151: https://marketplace.visualstudio.com/_apis/public/gallery/vscode/vscjava/vscode-gradle/latest - error GET Failed to fetch
2025-05-16 19:26:41.608 [error] #152: https://marketplace.visualstudio.com/_apis/public/gallery/vscode/vscjava/vscode-java-debug/latest - error GET Failed to fetch
2025-05-16 19:26:41.609 [error] #153: https://marketplace.visualstudio.com/_apis/public/gallery/vscode/vscjava/vscode-java-dependency/latest - error GET Failed to fetch
2025-05-16 19:26:41.612 [error] #154: https://marketplace.visualstudio.com/_apis/public/gallery/vscode/vscjava/vscode-java-pack/latest - error GET Failed to fetch
2025-05-16 19:26:41.614 [error] #155: https://marketplace.visualstudio.com/_apis/public/gallery/vscode/vscjava/vscode-java-test/latest - error GET Failed to fetch
2025-05-16 19:26:41.624 [error] #156: https://marketplace.visualstudio.com/_apis/public/gallery/vscode/vscjava/vscode-maven/latest - error GET Failed to fetch
2025-05-16 19:26:41.642 [error] #157: https://marketplace.visualstudio.com/_apis/public/gallery/vscode/xabikos/javascriptsnippets/latest - error GET Failed to fetch
2025-05-16 19:26:41.646 [error] #158: https://marketplace.visualstudio.com/_apis/public/gallery/vscode/yigitfindikli/primengsnippets/latest - error GET Failed to fetch
2025-05-16 19:26:41.648 [error] #159: https://marketplace.visualstudio.com/_apis/public/gallery/vscode/yoavbls/pretty-ts-errors/latest - error GET Failed to fetch
2025-05-16 19:26:41.685 [error] #160: https://marketplace.visualstudio.com/_apis/public/gallery/vscode/zarifprogrammer/tailwind-snippets/latest - error GET Failed to fetch
