2025-05-16 19:26:13.264 [info] Started local extension host with pid 2646.
2025-05-16 19:26:13.294 [info] ComputeTargetPlatform: linux-x64
2025-05-16 19:26:13.457 [warning] [segerdekort.angular-cli]: Menu item references an alt-command `Generates an app shell for running a server-side version of an app.` which is not defined in the 'commands' section.
2025-05-16 19:26:13.457 [warning] [segerdekort.angular-cli]: Menu item references an alt-command `Generates a new basic app definition in the "projects" subfolder of the workspace.` which is not defined in the 'commands' section.
2025-05-16 19:26:13.458 [warning] [segerdekort.angular-cli]: Menu item references an alt-command `Creates a new generic class definition in the given or default project.` which is not defined in the 'commands' section.
2025-05-16 19:26:13.458 [warning] [segerdekort.angular-cli]: Menu item references an alt-command `Creates a new generic component definition in the given or default project.` which is not defined in the 'commands' section.
2025-05-16 19:26:13.458 [warning] [segerdekort.angular-cli]: Menu item references an alt-command `Creates a new generic directive definition in the given or default project.` which is not defined in the 'commands' section.
2025-05-16 19:26:13.458 [warning] [segerdekort.angular-cli]: Menu item references an alt-command `Generates a new, generic enum definition for the given or default project.` which is not defined in the 'commands' section.
2025-05-16 19:26:13.459 [warning] [segerdekort.angular-cli]: Menu item references an alt-command `Generates a new, generic route guard definition in the given or default project.` which is not defined in the 'commands' section.
2025-05-16 19:26:13.459 [warning] [segerdekort.angular-cli]: Menu item references an alt-command `Creates a new, generic interceptor definition in the given or default project.` which is not defined in the 'commands' section.
2025-05-16 19:26:13.459 [warning] [segerdekort.angular-cli]: Menu item references an alt-command `Creates a new generic interface definition in the given or default project.` which is not defined in the 'commands' section.
2025-05-16 19:26:13.459 [warning] [segerdekort.angular-cli]: Menu item references an alt-command `Creates a new generic library project in the current workspace.` which is not defined in the 'commands' section.
2025-05-16 19:26:13.459 [warning] [segerdekort.angular-cli]: Menu item references an alt-command `Creates a new generic NgModule definition in the given or default project.` which is not defined in the 'commands' section.
2025-05-16 19:26:13.460 [warning] [segerdekort.angular-cli]: Menu item references an alt-command `Creates a new generic pipe definition in the given or default project.` which is not defined in the 'commands' section.
2025-05-16 19:26:13.460 [warning] [segerdekort.angular-cli]: Menu item references an alt-command `Creates a new, generic service definition in the given or default project.` which is not defined in the 'commands' section.
2025-05-16 19:26:13.460 [warning] [segerdekort.angular-cli]: Menu item references an alt-command `Pass this schematic to the "run" command to create a service worker` which is not defined in the 'commands' section.
2025-05-16 19:26:13.460 [warning] [segerdekort.angular-cli]: Menu item references an alt-command `Creates a new generic web worker definition in the given or default project.` which is not defined in the 'commands' section.
2025-05-16 19:26:13.788 [error] [1tontech.angular-material]: Unknown language in `contributes.angular-material.language`. Provided value: blade
2025-05-16 19:26:13.788 [error] [1tontech.angular-material]: Unknown language in `contributes.angular-material.language`. Provided value: ejs
2025-05-16 19:26:13.789 [error] [1tontech.angular-material]: Unknown language in `contributes.angular-material.language`. Provided value: latte
2025-05-16 19:26:13.789 [error] [1tontech.angular-material]: Unknown language in `contributes.angular-material.language`. Provided value: tpl
2025-05-16 19:26:13.789 [error] [1tontech.angular-material]: Unknown language in `contributes.angular-material.language`. Provided value: twig
2025-05-16 19:26:13.931 [info] Settings Sync: Token updated for the account GabrielCarlota
2025-05-16 19:26:14.033 [info] Settings Sync: Account status changed from uninitialized to available
2025-05-16 19:26:14.648 [error] Failed to fetch token entitlements Server returned 403
2025-05-16 19:26:15.840 [info] [perf] Render performance baseline is 14ms
2025-05-16 19:26:15.896 [error] Error while getting the latest version for the extension alexiv.vscode-angular2-files from https://marketplace.visualstudio.com/_apis/public/gallery/vscode/{publisher}/{name}/latest. Trying the fallback https://www.vscode-unpkg.net/_gallery/{publisher}/{name}/latest Failed to fetch
2025-05-16 19:26:15.937 [error] Error while getting the latest version for the extension 1tontech.angular-material from https://marketplace.visualstudio.com/_apis/public/gallery/vscode/{publisher}/{name}/latest. Trying the fallback https://www.vscode-unpkg.net/_gallery/{publisher}/{name}/latest Failed to fetch
2025-05-16 19:26:15.940 [error] Error while getting the latest version for the extension angular.ng-template from https://marketplace.visualstudio.com/_apis/public/gallery/vscode/{publisher}/{name}/latest. Trying the fallback https://www.vscode-unpkg.net/_gallery/{publisher}/{name}/latest Failed to fetch
2025-05-16 19:26:15.941 [error] Error while getting the latest version for the extension austenc.tailwind-docs from https://marketplace.visualstudio.com/_apis/public/gallery/vscode/{publisher}/{name}/latest. Trying the fallback https://www.vscode-unpkg.net/_gallery/{publisher}/{name}/latest Failed to fetch
2025-05-16 19:26:15.942 [error] Error while getting the latest version for the extension bourhaouta.tailwindshades from https://marketplace.visualstudio.com/_apis/public/gallery/vscode/{publisher}/{name}/latest. Trying the fallback https://www.vscode-unpkg.net/_gallery/{publisher}/{name}/latest Failed to fetch
2025-05-16 19:26:15.944 [error] Error while getting the latest version for the extension bradlc.vscode-tailwindcss from https://marketplace.visualstudio.com/_apis/public/gallery/vscode/{publisher}/{name}/latest. Trying the fallback https://www.vscode-unpkg.net/_gallery/{publisher}/{name}/latest Failed to fetch
2025-05-16 19:26:15.972 [error] Error while getting the latest version for the extension burkeholland.simple-react-snippets from https://marketplace.visualstudio.com/_apis/public/gallery/vscode/{publisher}/{name}/latest. Trying the fallback https://www.vscode-unpkg.net/_gallery/{publisher}/{name}/latest Failed to fetch
2025-05-16 19:26:15.983 [error] Error while getting the latest version for the extension christian-kohler.npm-intellisense from https://marketplace.visualstudio.com/_apis/public/gallery/vscode/{publisher}/{name}/latest. Trying the fallback https://www.vscode-unpkg.net/_gallery/{publisher}/{name}/latest Failed to fetch
2025-05-16 19:26:15.992 [error] Error while getting the latest version for the extension christian-kohler.path-intellisense from https://marketplace.visualstudio.com/_apis/public/gallery/vscode/{publisher}/{name}/latest. Trying the fallback https://www.vscode-unpkg.net/_gallery/{publisher}/{name}/latest Failed to fetch
2025-05-16 19:26:15.995 [error] Error while getting the latest version for the extension cyrilletuzi.angular-schematics from https://marketplace.visualstudio.com/_apis/public/gallery/vscode/{publisher}/{name}/latest. Trying the fallback https://www.vscode-unpkg.net/_gallery/{publisher}/{name}/latest Failed to fetch
2025-05-16 19:26:15.996 [error] Error while getting the latest version for the extension dbaeumer.vscode-eslint from https://marketplace.visualstudio.com/_apis/public/gallery/vscode/{publisher}/{name}/latest. Trying the fallback https://www.vscode-unpkg.net/_gallery/{publisher}/{name}/latest Failed to fetch
2025-05-16 19:26:15.997 [error] Error while getting the latest version for the extension dracula-theme.theme-dracula from https://marketplace.visualstudio.com/_apis/public/gallery/vscode/{publisher}/{name}/latest. Trying the fallback https://www.vscode-unpkg.net/_gallery/{publisher}/{name}/latest Failed to fetch
2025-05-16 19:26:16.018 [error] Error while getting the latest version for the extension dsznajder.es7-react-js-snippets from https://marketplace.visualstudio.com/_apis/public/gallery/vscode/{publisher}/{name}/latest. Trying the fallback https://www.vscode-unpkg.net/_gallery/{publisher}/{name}/latest Failed to fetch
2025-05-16 19:26:16.025 [error] Error while getting the latest version for the extension editorconfig.editorconfig from https://marketplace.visualstudio.com/_apis/public/gallery/vscode/{publisher}/{name}/latest. Trying the fallback https://www.vscode-unpkg.net/_gallery/{publisher}/{name}/latest Failed to fetch
2025-05-16 19:26:16.031 [error] Error while getting the latest version for the extension enkia.tokyo-night from https://marketplace.visualstudio.com/_apis/public/gallery/vscode/{publisher}/{name}/latest. Trying the fallback https://www.vscode-unpkg.net/_gallery/{publisher}/{name}/latest Failed to fetch
2025-05-16 19:26:16.032 [error] Error while getting the latest version for the extension equinusocio.vsc-material-theme from https://marketplace.visualstudio.com/_apis/public/gallery/vscode/{publisher}/{name}/latest. Trying the fallback https://www.vscode-unpkg.net/_gallery/{publisher}/{name}/latest Failed to fetch
2025-05-16 19:26:16.033 [error] Error while getting the latest version for the extension equinusocio.vsc-material-theme-icons from https://marketplace.visualstudio.com/_apis/public/gallery/vscode/{publisher}/{name}/latest. Trying the fallback https://www.vscode-unpkg.net/_gallery/{publisher}/{name}/latest Failed to fetch
2025-05-16 19:26:16.060 [error] Error while getting the latest version for the extension esbenp.prettier-vscode from https://marketplace.visualstudio.com/_apis/public/gallery/vscode/{publisher}/{name}/latest. Trying the fallback https://www.vscode-unpkg.net/_gallery/{publisher}/{name}/latest Failed to fetch
2025-05-16 19:26:16.061 [error] Error while getting the latest version for the extension formulahendry.auto-close-tag from https://marketplace.visualstudio.com/_apis/public/gallery/vscode/{publisher}/{name}/latest. Trying the fallback https://www.vscode-unpkg.net/_gallery/{publisher}/{name}/latest Failed to fetch
2025-05-16 19:26:16.074 [error] Error while getting the latest version for the extension formulahendry.auto-rename-tag from https://marketplace.visualstudio.com/_apis/public/gallery/vscode/{publisher}/{name}/latest. Trying the fallback https://www.vscode-unpkg.net/_gallery/{publisher}/{name}/latest Failed to fetch
2025-05-16 19:26:16.075 [error] Error while getting the latest version for the extension infinity1207.angular2-switcher from https://marketplace.visualstudio.com/_apis/public/gallery/vscode/{publisher}/{name}/latest. Trying the fallback https://www.vscode-unpkg.net/_gallery/{publisher}/{name}/latest Failed to fetch
2025-05-16 19:26:16.077 [error] Error while getting the latest version for the extension john-crowson.angular-file-changer from https://marketplace.visualstudio.com/_apis/public/gallery/vscode/{publisher}/{name}/latest. Trying the fallback https://www.vscode-unpkg.net/_gallery/{publisher}/{name}/latest Failed to fetch
2025-05-16 19:26:16.097 [error] Error while getting the latest version for the extension johnpapa.angular2 from https://marketplace.visualstudio.com/_apis/public/gallery/vscode/{publisher}/{name}/latest. Trying the fallback https://www.vscode-unpkg.net/_gallery/{publisher}/{name}/latest Failed to fetch
2025-05-16 19:26:16.103 [error] Error while getting the latest version for the extension loiane.angular-extension-pack from https://marketplace.visualstudio.com/_apis/public/gallery/vscode/{publisher}/{name}/latest. Trying the fallback https://www.vscode-unpkg.net/_gallery/{publisher}/{name}/latest Failed to fetch
2025-05-16 19:26:16.108 [error] Error while getting the latest version for the extension ms-python.debugpy from https://marketplace.visualstudio.com/_apis/public/gallery/vscode/{publisher}/{name}/latest. Trying the fallback https://www.vscode-unpkg.net/_gallery/{publisher}/{name}/latest Failed to fetch
2025-05-16 19:26:16.119 [error] Error while getting the latest version for the extension ms-python.python from https://marketplace.visualstudio.com/_apis/public/gallery/vscode/{publisher}/{name}/latest. Trying the fallback https://www.vscode-unpkg.net/_gallery/{publisher}/{name}/latest Failed to fetch
2025-05-16 19:26:16.119 [error] Error while getting the latest version for the extension ms-python.vscode-pylance from https://marketplace.visualstudio.com/_apis/public/gallery/vscode/{publisher}/{name}/latest. Trying the fallback https://www.vscode-unpkg.net/_gallery/{publisher}/{name}/latest Failed to fetch
2025-05-16 19:26:16.120 [error] Error while getting the latest version for the extension ms-vscode.vscode-typescript-next from https://marketplace.visualstudio.com/_apis/public/gallery/vscode/{publisher}/{name}/latest. Trying the fallback https://www.vscode-unpkg.net/_gallery/{publisher}/{name}/latest Failed to fetch
2025-05-16 19:26:16.143 [error] Error while getting the latest version for the extension obenjiro.arrr from https://marketplace.visualstudio.com/_apis/public/gallery/vscode/{publisher}/{name}/latest. Trying the fallback https://www.vscode-unpkg.net/_gallery/{publisher}/{name}/latest Failed to fetch
2025-05-16 19:26:16.146 [error] Error while getting the latest version for the extension pkief.material-icon-theme from https://marketplace.visualstudio.com/_apis/public/gallery/vscode/{publisher}/{name}/latest. Trying the fallback https://www.vscode-unpkg.net/_gallery/{publisher}/{name}/latest Failed to fetch
2025-05-16 19:26:16.154 [error] Error while getting the latest version for the extension quicktype.quicktype from https://marketplace.visualstudio.com/_apis/public/gallery/vscode/{publisher}/{name}/latest. Trying the fallback https://www.vscode-unpkg.net/_gallery/{publisher}/{name}/latest Failed to fetch
2025-05-16 19:26:16.161 [error] Error while getting the latest version for the extension rbbit.typescript-hero from https://marketplace.visualstudio.com/_apis/public/gallery/vscode/{publisher}/{name}/latest. Trying the fallback https://www.vscode-unpkg.net/_gallery/{publisher}/{name}/latest Failed to fetch
2025-05-16 19:26:16.164 [error] Error while getting the latest version for the extension rctay.karma-problem-matcher from https://marketplace.visualstudio.com/_apis/public/gallery/vscode/{publisher}/{name}/latest. Trying the fallback https://www.vscode-unpkg.net/_gallery/{publisher}/{name}/latest Failed to fetch
2025-05-16 19:26:16.165 [error] Error while getting the latest version for the extension redhat.java from https://marketplace.visualstudio.com/_apis/public/gallery/vscode/{publisher}/{name}/latest. Trying the fallback https://www.vscode-unpkg.net/_gallery/{publisher}/{name}/latest Failed to fetch
2025-05-16 19:26:16.192 [error] Error while getting the latest version for the extension segerdekort.angular-cli from https://marketplace.visualstudio.com/_apis/public/gallery/vscode/{publisher}/{name}/latest. Trying the fallback https://www.vscode-unpkg.net/_gallery/{publisher}/{name}/latest Failed to fetch
2025-05-16 19:26:16.196 [error] Error while getting the latest version for the extension simontest.simontest from https://marketplace.visualstudio.com/_apis/public/gallery/vscode/{publisher}/{name}/latest. Trying the fallback https://www.vscode-unpkg.net/_gallery/{publisher}/{name}/latest Failed to fetch
2025-05-16 19:26:16.210 [error] Error while getting the latest version for the extension steoates.autoimport from https://marketplace.visualstudio.com/_apis/public/gallery/vscode/{publisher}/{name}/latest. Trying the fallback https://www.vscode-unpkg.net/_gallery/{publisher}/{name}/latest Failed to fetch
2025-05-16 19:26:16.216 [error] Error while getting the latest version for the extension stringham.move-ts from https://marketplace.visualstudio.com/_apis/public/gallery/vscode/{publisher}/{name}/latest. Trying the fallback https://www.vscode-unpkg.net/_gallery/{publisher}/{name}/latest Failed to fetch
2025-05-16 19:26:16.219 [error] Error while getting the latest version for the extension tal7aouy.icons from https://marketplace.visualstudio.com/_apis/public/gallery/vscode/{publisher}/{name}/latest. Trying the fallback https://www.vscode-unpkg.net/_gallery/{publisher}/{name}/latest Failed to fetch
2025-05-16 19:26:16.239 [error] Error while getting the latest version for the extension tobiasalthoff.atom-material-theme from https://marketplace.visualstudio.com/_apis/public/gallery/vscode/{publisher}/{name}/latest. Trying the fallback https://www.vscode-unpkg.net/_gallery/{publisher}/{name}/latest Failed to fetch
2025-05-16 19:26:16.242 [error] Error while getting the latest version for the extension visualstudioexptteam.intellicode-api-usage-examples from https://marketplace.visualstudio.com/_apis/public/gallery/vscode/{publisher}/{name}/latest. Trying the fallback https://www.vscode-unpkg.net/_gallery/{publisher}/{name}/latest Failed to fetch
2025-05-16 19:26:16.242 [error] Error while getting the latest version for the extension visualstudioexptteam.vscodeintellicode from https://marketplace.visualstudio.com/_apis/public/gallery/vscode/{publisher}/{name}/latest. Trying the fallback https://www.vscode-unpkg.net/_gallery/{publisher}/{name}/latest Failed to fetch
2025-05-16 19:26:16.258 [error] Error while getting the latest version for the extension vscjava.vscode-gradle from https://marketplace.visualstudio.com/_apis/public/gallery/vscode/{publisher}/{name}/latest. Trying the fallback https://www.vscode-unpkg.net/_gallery/{publisher}/{name}/latest Failed to fetch
2025-05-16 19:26:16.262 [error] Error while getting the latest version for the extension vscjava.vscode-java-debug from https://marketplace.visualstudio.com/_apis/public/gallery/vscode/{publisher}/{name}/latest. Trying the fallback https://www.vscode-unpkg.net/_gallery/{publisher}/{name}/latest Failed to fetch
2025-05-16 19:26:16.263 [error] Error while getting the latest version for the extension vscjava.vscode-java-dependency from https://marketplace.visualstudio.com/_apis/public/gallery/vscode/{publisher}/{name}/latest. Trying the fallback https://www.vscode-unpkg.net/_gallery/{publisher}/{name}/latest Failed to fetch
2025-05-16 19:26:16.299 [error] Error while getting the latest version for the extension vscjava.vscode-java-pack from https://marketplace.visualstudio.com/_apis/public/gallery/vscode/{publisher}/{name}/latest. Trying the fallback https://www.vscode-unpkg.net/_gallery/{publisher}/{name}/latest Failed to fetch
2025-05-16 19:26:16.308 [error] Error while getting the latest version for the extension vscjava.vscode-java-test from https://marketplace.visualstudio.com/_apis/public/gallery/vscode/{publisher}/{name}/latest. Trying the fallback https://www.vscode-unpkg.net/_gallery/{publisher}/{name}/latest Failed to fetch
2025-05-16 19:26:16.313 [error] Error while getting the latest version for the extension vscjava.vscode-maven from https://marketplace.visualstudio.com/_apis/public/gallery/vscode/{publisher}/{name}/latest. Trying the fallback https://www.vscode-unpkg.net/_gallery/{publisher}/{name}/latest Failed to fetch
2025-05-16 19:26:16.317 [error] Error while getting the latest version for the extension xabikos.javascriptsnippets from https://marketplace.visualstudio.com/_apis/public/gallery/vscode/{publisher}/{name}/latest. Trying the fallback https://www.vscode-unpkg.net/_gallery/{publisher}/{name}/latest Failed to fetch
2025-05-16 19:26:16.336 [error] Error while getting the latest version for the extension yigitfindikli.primengsnippets from https://marketplace.visualstudio.com/_apis/public/gallery/vscode/{publisher}/{name}/latest. Trying the fallback https://www.vscode-unpkg.net/_gallery/{publisher}/{name}/latest Failed to fetch
2025-05-16 19:26:17.349 [error] Error while getting the latest version for the extension yoavbls.pretty-ts-errors from https://marketplace.visualstudio.com/_apis/public/gallery/vscode/{publisher}/{name}/latest. Trying the fallback https://www.vscode-unpkg.net/_gallery/{publisher}/{name}/latest Failed to fetch
2025-05-16 19:26:17.357 [error] Error while getting the latest version for the extension zarifprogrammer.tailwind-snippets from https://marketplace.visualstudio.com/_apis/public/gallery/vscode/{publisher}/{name}/latest. Trying the fallback https://www.vscode-unpkg.net/_gallery/{publisher}/{name}/latest Failed to fetch
2025-05-16 19:26:41.250 [error] Error while getting the latest version for the extension 1tontech.angular-material from https://marketplace.visualstudio.com/_apis/public/gallery/vscode/{publisher}/{name}/latest. Trying the fallback https://www.vscode-unpkg.net/_gallery/{publisher}/{name}/latest Failed to fetch
2025-05-16 19:26:41.291 [error] Error while getting the latest version for the extension alexiv.vscode-angular2-files from https://marketplace.visualstudio.com/_apis/public/gallery/vscode/{publisher}/{name}/latest. Trying the fallback https://www.vscode-unpkg.net/_gallery/{publisher}/{name}/latest Failed to fetch
2025-05-16 19:26:41.294 [error] Error while getting the latest version for the extension angular.ng-template from https://marketplace.visualstudio.com/_apis/public/gallery/vscode/{publisher}/{name}/latest. Trying the fallback https://www.vscode-unpkg.net/_gallery/{publisher}/{name}/latest Failed to fetch
2025-05-16 19:26:41.296 [error] Error while getting the latest version for the extension austenc.tailwind-docs from https://marketplace.visualstudio.com/_apis/public/gallery/vscode/{publisher}/{name}/latest. Trying the fallback https://www.vscode-unpkg.net/_gallery/{publisher}/{name}/latest Failed to fetch
2025-05-16 19:26:41.296 [error] Error while getting the latest version for the extension bourhaouta.tailwindshades from https://marketplace.visualstudio.com/_apis/public/gallery/vscode/{publisher}/{name}/latest. Trying the fallback https://www.vscode-unpkg.net/_gallery/{publisher}/{name}/latest Failed to fetch
2025-05-16 19:26:41.298 [error] Error while getting the latest version for the extension bradlc.vscode-tailwindcss from https://marketplace.visualstudio.com/_apis/public/gallery/vscode/{publisher}/{name}/latest. Trying the fallback https://www.vscode-unpkg.net/_gallery/{publisher}/{name}/latest Failed to fetch
2025-05-16 19:26:41.299 [error] Error while getting the latest version for the extension burkeholland.simple-react-snippets from https://marketplace.visualstudio.com/_apis/public/gallery/vscode/{publisher}/{name}/latest. Trying the fallback https://www.vscode-unpkg.net/_gallery/{publisher}/{name}/latest Failed to fetch
2025-05-16 19:26:41.341 [error] Error while getting the latest version for the extension christian-kohler.npm-intellisense from https://marketplace.visualstudio.com/_apis/public/gallery/vscode/{publisher}/{name}/latest. Trying the fallback https://www.vscode-unpkg.net/_gallery/{publisher}/{name}/latest Failed to fetch
2025-05-16 19:26:41.343 [error] Error while getting the latest version for the extension christian-kohler.path-intellisense from https://marketplace.visualstudio.com/_apis/public/gallery/vscode/{publisher}/{name}/latest. Trying the fallback https://www.vscode-unpkg.net/_gallery/{publisher}/{name}/latest Failed to fetch
2025-05-16 19:26:41.344 [error] Error while getting the latest version for the extension cyrilletuzi.angular-schematics from https://marketplace.visualstudio.com/_apis/public/gallery/vscode/{publisher}/{name}/latest. Trying the fallback https://www.vscode-unpkg.net/_gallery/{publisher}/{name}/latest Failed to fetch
2025-05-16 19:26:41.345 [error] Error while getting the latest version for the extension dbaeumer.vscode-eslint from https://marketplace.visualstudio.com/_apis/public/gallery/vscode/{publisher}/{name}/latest. Trying the fallback https://www.vscode-unpkg.net/_gallery/{publisher}/{name}/latest Failed to fetch
2025-05-16 19:26:41.347 [error] Error while getting the latest version for the extension dracula-theme.theme-dracula from https://marketplace.visualstudio.com/_apis/public/gallery/vscode/{publisher}/{name}/latest. Trying the fallback https://www.vscode-unpkg.net/_gallery/{publisher}/{name}/latest Failed to fetch
2025-05-16 19:26:41.367 [error] Error while getting the latest version for the extension dsznajder.es7-react-js-snippets from https://marketplace.visualstudio.com/_apis/public/gallery/vscode/{publisher}/{name}/latest. Trying the fallback https://www.vscode-unpkg.net/_gallery/{publisher}/{name}/latest Failed to fetch
2025-05-16 19:26:41.382 [error] Error while getting the latest version for the extension editorconfig.editorconfig from https://marketplace.visualstudio.com/_apis/public/gallery/vscode/{publisher}/{name}/latest. Trying the fallback https://www.vscode-unpkg.net/_gallery/{publisher}/{name}/latest Failed to fetch
2025-05-16 19:26:41.384 [error] Error while getting the latest version for the extension enkia.tokyo-night from https://marketplace.visualstudio.com/_apis/public/gallery/vscode/{publisher}/{name}/latest. Trying the fallback https://www.vscode-unpkg.net/_gallery/{publisher}/{name}/latest Failed to fetch
2025-05-16 19:26:41.386 [error] Error while getting the latest version for the extension equinusocio.vsc-material-theme from https://marketplace.visualstudio.com/_apis/public/gallery/vscode/{publisher}/{name}/latest. Trying the fallback https://www.vscode-unpkg.net/_gallery/{publisher}/{name}/latest Failed to fetch
2025-05-16 19:26:41.389 [error] Error while getting the latest version for the extension equinusocio.vsc-material-theme-icons from https://marketplace.visualstudio.com/_apis/public/gallery/vscode/{publisher}/{name}/latest. Trying the fallback https://www.vscode-unpkg.net/_gallery/{publisher}/{name}/latest Failed to fetch
2025-05-16 19:26:41.390 [error] Error while getting the latest version for the extension esbenp.prettier-vscode from https://marketplace.visualstudio.com/_apis/public/gallery/vscode/{publisher}/{name}/latest. Trying the fallback https://www.vscode-unpkg.net/_gallery/{publisher}/{name}/latest Failed to fetch
2025-05-16 19:26:41.410 [error] Error while getting the latest version for the extension formulahendry.auto-close-tag from https://marketplace.visualstudio.com/_apis/public/gallery/vscode/{publisher}/{name}/latest. Trying the fallback https://www.vscode-unpkg.net/_gallery/{publisher}/{name}/latest Failed to fetch
2025-05-16 19:26:41.425 [error] Error while getting the latest version for the extension formulahendry.auto-rename-tag from https://marketplace.visualstudio.com/_apis/public/gallery/vscode/{publisher}/{name}/latest. Trying the fallback https://www.vscode-unpkg.net/_gallery/{publisher}/{name}/latest Failed to fetch
2025-05-16 19:26:41.427 [error] Error while getting the latest version for the extension infinity1207.angular2-switcher from https://marketplace.visualstudio.com/_apis/public/gallery/vscode/{publisher}/{name}/latest. Trying the fallback https://www.vscode-unpkg.net/_gallery/{publisher}/{name}/latest Failed to fetch
2025-05-16 19:26:41.432 [error] Error while getting the latest version for the extension john-crowson.angular-file-changer from https://marketplace.visualstudio.com/_apis/public/gallery/vscode/{publisher}/{name}/latest. Trying the fallback https://www.vscode-unpkg.net/_gallery/{publisher}/{name}/latest Failed to fetch
2025-05-16 19:26:41.433 [error] Error while getting the latest version for the extension johnpapa.angular2 from https://marketplace.visualstudio.com/_apis/public/gallery/vscode/{publisher}/{name}/latest. Trying the fallback https://www.vscode-unpkg.net/_gallery/{publisher}/{name}/latest Failed to fetch
2025-05-16 19:26:41.434 [error] Error while getting the latest version for the extension loiane.angular-extension-pack from https://marketplace.visualstudio.com/_apis/public/gallery/vscode/{publisher}/{name}/latest. Trying the fallback https://www.vscode-unpkg.net/_gallery/{publisher}/{name}/latest Failed to fetch
2025-05-16 19:26:41.461 [error] Error while getting the latest version for the extension ms-python.debugpy from https://marketplace.visualstudio.com/_apis/public/gallery/vscode/{publisher}/{name}/latest. Trying the fallback https://www.vscode-unpkg.net/_gallery/{publisher}/{name}/latest Failed to fetch
2025-05-16 19:26:41.468 [error] Error while getting the latest version for the extension ms-python.python from https://marketplace.visualstudio.com/_apis/public/gallery/vscode/{publisher}/{name}/latest. Trying the fallback https://www.vscode-unpkg.net/_gallery/{publisher}/{name}/latest Failed to fetch
2025-05-16 19:26:41.474 [error] Error while getting the latest version for the extension ms-python.vscode-pylance from https://marketplace.visualstudio.com/_apis/public/gallery/vscode/{publisher}/{name}/latest. Trying the fallback https://www.vscode-unpkg.net/_gallery/{publisher}/{name}/latest Failed to fetch
2025-05-16 19:26:41.475 [error] Error while getting the latest version for the extension ms-vscode.vscode-typescript-next from https://marketplace.visualstudio.com/_apis/public/gallery/vscode/{publisher}/{name}/latest. Trying the fallback https://www.vscode-unpkg.net/_gallery/{publisher}/{name}/latest Failed to fetch
2025-05-16 19:26:41.481 [error] Error while getting the latest version for the extension obenjiro.arrr from https://marketplace.visualstudio.com/_apis/public/gallery/vscode/{publisher}/{name}/latest. Trying the fallback https://www.vscode-unpkg.net/_gallery/{publisher}/{name}/latest Failed to fetch
2025-05-16 19:26:41.482 [error] Error while getting the latest version for the extension pkief.material-icon-theme from https://marketplace.visualstudio.com/_apis/public/gallery/vscode/{publisher}/{name}/latest. Trying the fallback https://www.vscode-unpkg.net/_gallery/{publisher}/{name}/latest Failed to fetch
2025-05-16 19:26:41.507 [error] Error while getting the latest version for the extension quicktype.quicktype from https://marketplace.visualstudio.com/_apis/public/gallery/vscode/{publisher}/{name}/latest. Trying the fallback https://www.vscode-unpkg.net/_gallery/{publisher}/{name}/latest Failed to fetch
2025-05-16 19:26:41.514 [error] Error while getting the latest version for the extension rbbit.typescript-hero from https://marketplace.visualstudio.com/_apis/public/gallery/vscode/{publisher}/{name}/latest. Trying the fallback https://www.vscode-unpkg.net/_gallery/{publisher}/{name}/latest Failed to fetch
2025-05-16 19:26:41.516 [error] Error while getting the latest version for the extension rctay.karma-problem-matcher from https://marketplace.visualstudio.com/_apis/public/gallery/vscode/{publisher}/{name}/latest. Trying the fallback https://www.vscode-unpkg.net/_gallery/{publisher}/{name}/latest Failed to fetch
2025-05-16 19:26:41.517 [error] Error while getting the latest version for the extension redhat.java from https://marketplace.visualstudio.com/_apis/public/gallery/vscode/{publisher}/{name}/latest. Trying the fallback https://www.vscode-unpkg.net/_gallery/{publisher}/{name}/latest Failed to fetch
2025-05-16 19:26:41.525 [error] Error while getting the latest version for the extension segerdekort.angular-cli from https://marketplace.visualstudio.com/_apis/public/gallery/vscode/{publisher}/{name}/latest. Trying the fallback https://www.vscode-unpkg.net/_gallery/{publisher}/{name}/latest Failed to fetch
2025-05-16 19:26:41.526 [error] Error while getting the latest version for the extension simontest.simontest from https://marketplace.visualstudio.com/_apis/public/gallery/vscode/{publisher}/{name}/latest. Trying the fallback https://www.vscode-unpkg.net/_gallery/{publisher}/{name}/latest Failed to fetch
2025-05-16 19:26:41.553 [error] Error while getting the latest version for the extension steoates.autoimport from https://marketplace.visualstudio.com/_apis/public/gallery/vscode/{publisher}/{name}/latest. Trying the fallback https://www.vscode-unpkg.net/_gallery/{publisher}/{name}/latest Failed to fetch
2025-05-16 19:26:41.558 [error] Error while getting the latest version for the extension stringham.move-ts from https://marketplace.visualstudio.com/_apis/public/gallery/vscode/{publisher}/{name}/latest. Trying the fallback https://www.vscode-unpkg.net/_gallery/{publisher}/{name}/latest Failed to fetch
2025-05-16 19:26:41.560 [error] Error while getting the latest version for the extension tal7aouy.icons from https://marketplace.visualstudio.com/_apis/public/gallery/vscode/{publisher}/{name}/latest. Trying the fallback https://www.vscode-unpkg.net/_gallery/{publisher}/{name}/latest Failed to fetch
2025-05-16 19:26:41.561 [error] Error while getting the latest version for the extension tobiasalthoff.atom-material-theme from https://marketplace.visualstudio.com/_apis/public/gallery/vscode/{publisher}/{name}/latest. Trying the fallback https://www.vscode-unpkg.net/_gallery/{publisher}/{name}/latest Failed to fetch
2025-05-16 19:26:41.567 [error] Error while getting the latest version for the extension visualstudioexptteam.intellicode-api-usage-examples from https://marketplace.visualstudio.com/_apis/public/gallery/vscode/{publisher}/{name}/latest. Trying the fallback https://www.vscode-unpkg.net/_gallery/{publisher}/{name}/latest Failed to fetch
2025-05-16 19:26:41.568 [error] Error while getting the latest version for the extension visualstudioexptteam.vscodeintellicode from https://marketplace.visualstudio.com/_apis/public/gallery/vscode/{publisher}/{name}/latest. Trying the fallback https://www.vscode-unpkg.net/_gallery/{publisher}/{name}/latest Failed to fetch
2025-05-16 19:26:41.600 [error] Error while getting the latest version for the extension vscjava.vscode-gradle from https://marketplace.visualstudio.com/_apis/public/gallery/vscode/{publisher}/{name}/latest. Trying the fallback https://www.vscode-unpkg.net/_gallery/{publisher}/{name}/latest Failed to fetch
2025-05-16 19:26:41.608 [error] Error while getting the latest version for the extension vscjava.vscode-java-debug from https://marketplace.visualstudio.com/_apis/public/gallery/vscode/{publisher}/{name}/latest. Trying the fallback https://www.vscode-unpkg.net/_gallery/{publisher}/{name}/latest Failed to fetch
2025-05-16 19:26:41.610 [error] Error while getting the latest version for the extension vscjava.vscode-java-dependency from https://marketplace.visualstudio.com/_apis/public/gallery/vscode/{publisher}/{name}/latest. Trying the fallback https://www.vscode-unpkg.net/_gallery/{publisher}/{name}/latest Failed to fetch
2025-05-16 19:26:41.613 [error] Error while getting the latest version for the extension vscjava.vscode-java-pack from https://marketplace.visualstudio.com/_apis/public/gallery/vscode/{publisher}/{name}/latest. Trying the fallback https://www.vscode-unpkg.net/_gallery/{publisher}/{name}/latest Failed to fetch
2025-05-16 19:26:41.614 [error] Error while getting the latest version for the extension vscjava.vscode-java-test from https://marketplace.visualstudio.com/_apis/public/gallery/vscode/{publisher}/{name}/latest. Trying the fallback https://www.vscode-unpkg.net/_gallery/{publisher}/{name}/latest Failed to fetch
2025-05-16 19:26:41.624 [error] Error while getting the latest version for the extension vscjava.vscode-maven from https://marketplace.visualstudio.com/_apis/public/gallery/vscode/{publisher}/{name}/latest. Trying the fallback https://www.vscode-unpkg.net/_gallery/{publisher}/{name}/latest Failed to fetch
2025-05-16 19:26:41.642 [error] Error while getting the latest version for the extension xabikos.javascriptsnippets from https://marketplace.visualstudio.com/_apis/public/gallery/vscode/{publisher}/{name}/latest. Trying the fallback https://www.vscode-unpkg.net/_gallery/{publisher}/{name}/latest Failed to fetch
2025-05-16 19:26:41.647 [error] Error while getting the latest version for the extension yigitfindikli.primengsnippets from https://marketplace.visualstudio.com/_apis/public/gallery/vscode/{publisher}/{name}/latest. Trying the fallback https://www.vscode-unpkg.net/_gallery/{publisher}/{name}/latest Failed to fetch
2025-05-16 19:26:41.649 [error] Error while getting the latest version for the extension yoavbls.pretty-ts-errors from https://marketplace.visualstudio.com/_apis/public/gallery/vscode/{publisher}/{name}/latest. Trying the fallback https://www.vscode-unpkg.net/_gallery/{publisher}/{name}/latest Failed to fetch
2025-05-16 19:26:41.685 [error] Error while getting the latest version for the extension zarifprogrammer.tailwind-snippets from https://marketplace.visualstudio.com/_apis/public/gallery/vscode/{publisher}/{name}/latest. Trying the fallback https://www.vscode-unpkg.net/_gallery/{publisher}/{name}/latest Failed to fetch
