2025-05-15 16:52:59.225 [info] ComputeTargetPlatform: linux-x64
2025-05-15 16:53:04.321 [info] ComputeTargetPlatform: linux-x64
2025-05-15 16:53:06.171 [info] Getting Manifest... bradlc.vscode-tailwindcss
2025-05-15 16:53:06.172 [info] Getting Manifest... ms-python.python
2025-05-15 16:53:06.173 [info] Getting Manifest... redhat.java
2025-05-15 16:53:06.273 [info] Installing extension: redhat.java {"productVersion":{"version":"1.100.1","date":"2025-05-09T15:43:50.040Z"},"pinned":false,"operation":3,"isApplicationScoped":false,"profileLocation":{"$mid":1,"external":"vscode-userdata:/home/gab/.vscode/extensions/extensions.json","path":"/home/gab/.vscode/extensions/extensions.json","scheme":"vscode-userdata"}}
2025-05-15 16:53:06.291 [info] Installing extension: bradlc.vscode-tailwindcss {"productVersion":{"version":"1.100.1","date":"2025-05-09T15:43:50.040Z"},"pinned":false,"operation":3,"isApplicationScoped":false,"profileLocation":{"$mid":1,"external":"vscode-userdata:/home/gab/.vscode/extensions/extensions.json","path":"/home/gab/.vscode/extensions/extensions.json","scheme":"vscode-userdata"}}
2025-05-15 16:53:06.319 [info] Installing extension: ms-python.python {"productVersion":{"version":"1.100.1","date":"2025-05-09T15:43:50.040Z"},"pinned":false,"operation":3,"isApplicationScoped":false,"profileLocation":{"$mid":1,"external":"vscode-userdata:/home/gab/.vscode/extensions/extensions.json","path":"/home/gab/.vscode/extensions/extensions.json","scheme":"vscode-userdata"}}
2025-05-15 16:53:07.067 [info] Getting Manifest... ms-python.vscode-pylance
2025-05-15 16:53:07.091 [info] Getting Manifest... ms-python.debugpy
2025-05-15 16:53:07.390 [info] Extension signature verification result for bradlc.vscode-tailwindcss: Success. Internal Code: 0. Executed: true. Duration: 616ms.
2025-05-15 16:53:07.445 [info] Extracted extension to file:///home/gab/.vscode/extensions/bradlc.vscode-tailwindcss-0.14.17: bradlc.vscode-tailwindcss
2025-05-15 16:53:07.448 [info] Renamed to /home/gab/.vscode/extensions/bradlc.vscode-tailwindcss-0.14.17
2025-05-15 16:53:07.459 [info] Marked extension as removed bradlc.vscode-tailwindcss-0.14.16
2025-05-15 16:53:07.473 [info] Extension installed successfully: bradlc.vscode-tailwindcss vscode-userdata:/home/gab/.vscode/extensions/extensions.json
2025-05-15 16:53:08.326 [info] Extension signature verification result for ms-python.python: Success. Internal Code: 0. Executed: true. Duration: 529ms.
2025-05-15 16:53:08.746 [info] Extension signature verification result for redhat.java: Success. Internal Code: 0. Executed: true. Duration: 648ms.
2025-05-15 16:53:09.082 [info] Extracted extension to file:///home/gab/.vscode/extensions/ms-python.python-2025.6.1-linux-x64: ms-python.python
2025-05-15 16:53:09.146 [info] Renamed to /home/gab/.vscode/extensions/ms-python.python-2025.6.1-linux-x64
2025-05-15 16:53:09.167 [info] Marked extension as removed ms-python.python-2025.6.0-linux-x64
2025-05-15 16:53:09.171 [info] Extension installed successfully: ms-python.python vscode-userdata:/home/gab/.vscode/extensions/extensions.json
2025-05-15 16:53:10.033 [info] Extracted extension to file:///home/gab/.vscode/extensions/redhat.java-1.42.0-linux-x64: redhat.java
2025-05-15 16:53:10.047 [info] Renamed to /home/gab/.vscode/extensions/redhat.java-1.42.0-linux-x64
2025-05-15 16:53:10.053 [info] Marked extension as removed redhat.java-1.41.1-linux-x64
2025-05-15 16:53:10.064 [info] Extension installed successfully: redhat.java vscode-userdata:/home/gab/.vscode/extensions/extensions.json
