2025-05-16 19:26:13.958 [info] Reading sessions from keychain...
2025-05-16 19:26:13.958 [info] Getting sessions for all scopes...
2025-05-16 19:26:13.958 [info] Getting sessions for all scopes...
2025-05-16 19:26:13.958 [info] Getting sessions for all scopes...
2025-05-16 19:26:13.958 [info] Got stored sessions!
2025-05-16 19:26:13.958 [info] Got 1 verified sessions.
2025-05-16 19:26:13.958 [info] Got 1 sessions for ...
2025-05-16 19:26:13.958 [info] Got 1 sessions for ...
2025-05-16 19:26:13.958 [info] Got 1 sessions for ...
2025-05-16 19:26:13.958 [info] Getting sessions for user:email...
2025-05-16 19:26:13.958 [info] Got 1 sessions for user:email...
2025-05-16 19:26:13.958 [info] Getting sessions for all scopes...
2025-05-16 19:26:13.958 [info] Got 1 sessions for ...
2025-05-16 19:26:13.958 [info] Getting sessions for all scopes...
2025-05-16 19:26:13.958 [info] Got 1 sessions for ...
2025-05-16 19:26:13.958 [info] Getting sessions for all scopes...
2025-05-16 19:26:13.958 [info] Got 1 sessions for ...
2025-05-16 19:26:13.958 [info] Getting sessions for all scopes...
2025-05-16 19:26:13.958 [info] Got 1 sessions for ...
2025-05-16 19:26:13.958 [info] Getting sessions for all scopes...
2025-05-16 19:26:13.958 [info] Got 1 sessions for ...
2025-05-16 19:26:13.958 [info] Getting sessions for all scopes...
2025-05-16 19:26:13.958 [info] Got 1 sessions for ...
2025-05-16 19:26:13.958 [info] Getting sessions for all scopes...
2025-05-16 19:26:13.958 [info] Got 1 sessions for ...
2025-05-16 19:26:13.958 [info] Getting sessions for all scopes...
2025-05-16 19:26:13.958 [info] Got 1 sessions for ...
2025-05-16 19:26:13.958 [info] Getting sessions for all scopes...
2025-05-16 19:26:13.958 [info] Got 1 sessions for ...
2025-05-16 19:26:13.958 [info] Getting sessions for all scopes...
2025-05-16 19:26:13.958 [info] Got 1 sessions for ...
2025-05-16 19:26:13.958 [info] Getting sessions for all scopes...
2025-05-16 19:26:13.958 [info] Got 1 sessions for ...
2025-05-16 19:26:13.958 [info] Getting sessions for all scopes...
2025-05-16 19:26:13.958 [info] Got 1 sessions for ...
2025-05-16 19:26:15.755 [info] Getting sessions for all scopes...
2025-05-16 19:26:15.756 [info] Got 1 sessions for ...
2025-05-16 19:26:15.949 [info] Getting sessions for read:user,repo,user:email,workflow...
2025-05-16 19:26:15.949 [info] Got 0 sessions for read:user,repo,user:email,workflow...
