Initializing document watcher...
Document watcher initialized
.config/hypr/hyprland.conf: {}
.config/waybar/style.css: {}
.config/waybar/style.css: Using EditorConfig core...
.config/waybar/style.css: {}
.config/waybar/style.css: Using EditorConfig core...
.config/waybar/style.css: {}
.config/waybar/style.css: {}
.config/waybar/style.css: {}
.config/waybar/style.css: {}
.config/waybar/style.css: Using EditorConfig core...
.config/waybar/style.css: {}
.config/waybar/style.css: {}
.config/waybar/style.css: {}
.config/waybar/style.css: Using EditorConfig core...
.config/waybar/style.css: {}
.config/waybar/style.css: {}
.config/waybar/style.css: {}
.config/waybar/style.css: Using EditorConfig core...
.config/waybar/style.css: Using EditorConfig core...
.config/waybar/style.css: Using EditorConfig core...
.config/waybar/style.css: {}
.config/waybar/style.css: {}
.config/waybar/style.css: {}
.config/waybar/style.css: {}
.config/waybar/style.css: Using EditorConfig core...
.config/waybar/style.css: {}
.config/waybar/style.css: Using EditorConfig core...
.config/waybar/style.css: {}
.config/waybar/style.css: {}
.config/waybar/style.css: Using EditorConfig core...
.config/waybar/style.css: {}
.config/waybar/config.jsonc: {}
.config/waybar/config.jsonc: Using EditorConfig core...
.config/waybar/style.css: {}
.config/waybar/style.css: {}
.config/waybar/style.css: Using EditorConfig core...
.config/waybar/style.css: {}
.config/waybar/style.css: {}
.config/waybar/style.css: Using EditorConfig core...
.config/waybar/style.css: {}
.config/waybar/style.css: Using EditorConfig core...
.config/waybar/style.css: {}
.config/waybar/style.css: Using EditorConfig core...
.config/waybar/style.css: {}
.config/waybar/style.css: {}
.config/waybar/style.css: Using EditorConfig core...
.config/waybar/style.css: {}
.config/waybar/style.css: {}
.config/waybar/style.css: {}
.config/waybar/style.css: {}
.config/waybar/style.css: Using EditorConfig core...
.config/waybar/style.css: {}
.config/waybar/style.css: Using EditorConfig core...
.config/waybar/style.css: {}
.config/waybar/style.css: Using EditorConfig core...
.config/waybar/style.css: {}
.config/waybar/style.css: {}
.config/waybar/style.css: {}
.config/waybar/style.css: Using EditorConfig core...
.config/waybar/style.css: {}
.config/waybar/style.css: {}
.config/waybar/style.css: Using EditorConfig core...
.config/waybar/style.css: {}
.config/waybar/style.css: {}
.config/waybar/style.css: {}
.config/waybar/style.css: {}
.config/waybar/style.css: {}
.config/waybar/style.css: Using EditorConfig core...
.config/waybar/style.css: {}
.config/waybar/style.css: {}
.config/waybar/style.css: Using EditorConfig core...
.config/waybar/style.css: {}
.config/waybar/style.css: {}
.config/waybar/style.css: Using EditorConfig core...
.config/waybar/style.css: {}
.config/waybar/style.css: {}
.config/waybar/style.css: Using EditorConfig core...
.config/waybar/style.css: Using EditorConfig core...
.config/waybar/style.css: Using EditorConfig core...
.config/waybar/style.css: {}
.config/waybar/style.css: {}
.config/waybar/style.css: {}
.config/waybar/style copy.css: {}
.config/waybar/style agb.css: {}
.config/waybar/style.css: {}
.config/waybar/style.css: {}
.config/waybar/style.css: Using EditorConfig core...
.config/waybar/style.css: {}
.config/waybar/style.css: {}
.config/waybar/style.css: {}
.config/waybar/style.css: {}
.config/waybar/style.css: {}
.config/waybar/style.css: {}
.config/hypr/hyprland.conf: {}
.config/hypr/hyprland.conf: {}
.config/hypr/hyprland.conf: {}
.config/waybar/style.css: {}
.config/waybar/style.css: {}
.config/waybar/config copy.jsonc: {}
.config/waybar/style.css: {}
.config/waybar/config.jsonc: {}
.config/waybar/config.jsonc: {}
.config/waybar/config.jsonc: {}
.config/waybar/config.jsonc: {}
.config/waybar/config.jsonc: {}
.config/waybar/config.jsonc: {}
.config/waybar/config.jsonc: {}
.config/waybar/config.jsonc: {}
.config/waybar/config.jsonc: Using EditorConfig core...
.config/waybar/config.jsonc: Using EditorConfig core...
