2025-05-16 19:34:59.469 [info] Extension host with pid 5697 started
2025-05-16 19:34:59.469 [info] Skipping acquiring lock for /home/gab/.config/Code/User/workspaceStorage/115566e1dfcaef2011e172e4948a1247.
2025-05-16 19:34:59.649 [info] ExtensionService#_doActivateExtension vscode.github-authentication, startup: false, activationEvent: 'onAuthenticationRequest:github'
2025-05-16 19:34:59.753 [info] ExtensionService#_doActivateExtension vscode.git-base, startup: true, activationEvent: '*', root cause: vscode.git
2025-05-16 19:34:59.755 [info] ExtensionService#_doActivateExtension alexiv.vscode-angular2-files, startup: true, activationEvent: '*'
2025-05-16 19:34:59.760 [info] ExtensionService#_doActivateExtension christian-kohler.path-intellisense, startup: true, activationEvent: '*'
2025-05-16 19:34:59.765 [info] ExtensionService#_doActivateExtension formulahendry.auto-close-tag, startup: true, activationEvent: '*'
2025-05-16 19:34:59.766 [info] ExtensionService#_doActivateExtension formulahendry.auto-rename-tag, startup: true, activationEvent: '*'
2025-05-16 19:34:59.789 [info] ExtensionService#_doActivateExtension infinity1207.angular2-switcher, startup: true, activationEvent: '*'
2025-05-16 19:34:59.796 [info] ExtensionService#_doActivateExtension john-crowson.angular-file-changer, startup: true, activationEvent: '*'
2025-05-16 19:34:59.863 [info] ExtensionService#_doActivateExtension vscode.git, startup: true, activationEvent: '*'
2025-05-16 19:34:59.900 [info] ExtensionService#_doActivateExtension vscode.github, startup: true, activationEvent: '*'
2025-05-16 19:35:00.016 [info] Eager extensions activated
2025-05-16 19:35:00.052 [info] ExtensionService#_doActivateExtension vscode.debug-auto-launch, startup: false, activationEvent: 'onStartupFinished'
2025-05-16 19:35:00.054 [info] ExtensionService#_doActivateExtension vscode.merge-conflict, startup: false, activationEvent: 'onStartupFinished'
2025-05-16 19:35:00.070 [info] ExtensionService#_doActivateExtension bradlc.vscode-tailwindcss, startup: false, activationEvent: 'onStartupFinished'
2025-05-16 19:35:00.113 [info] ExtensionService#_doActivateExtension cyrilletuzi.angular-schematics, startup: false, activationEvent: 'onStartupFinished'
2025-05-16 19:35:00.459 [info] ExtensionService#_doActivateExtension dbaeumer.vscode-eslint, startup: false, activationEvent: 'onStartupFinished'
2025-05-16 19:35:00.484 [info] ExtensionService#_doActivateExtension dsznajder.es7-react-js-snippets, startup: false, activationEvent: 'onStartupFinished'
2025-05-16 19:35:00.743 [info] ExtensionService#_doActivateExtension EditorConfig.EditorConfig, startup: false, activationEvent: 'onStartupFinished'
2025-05-16 19:35:00.757 [info] ExtensionService#_doActivateExtension Equinusocio.vsc-material-theme, startup: false, activationEvent: 'onStartupFinished'
2025-05-16 19:35:00.759 [info] ExtensionService#_doActivateExtension equinusocio.vsc-material-theme-icons, startup: false, activationEvent: 'onStartupFinished'
2025-05-16 19:35:00.765 [error] Activating extension equinusocio.vsc-material-theme-icons failed due to an error:
2025-05-16 19:35:00.765 [error] Error: Cannot find module 'fs-extra'
Require stack:
- /home/gab/.vscode/extensions/equinusocio.vsc-material-theme-icons-3.9.0/out/src/commands/fix-icons.js
- /home/gab/.vscode/extensions/equinusocio.vsc-material-theme-icons-3.9.0/out/src/extension.js
- /opt/visual-studio-code/resources/app/out/vs/workbench/api/node/extensionHostProcess.js
    at Module._resolveFilename (node:internal/modules/cjs/loader:1219:15)
    at Function.n._resolveFilename (node:electron/js2c/utility_init:2:16068)
    at Function.t._resolveFilename (file:///opt/visual-studio-code/resources/app/out/vs/workbench/api/node/extensionHostProcess.js:180:22910)
    at Module._load (node:internal/modules/cjs/loader:1050:27)
    at Function.c._load (node:electron/js2c/node_init:2:16955)
    at Function.e._load (file:///opt/visual-studio-code/resources/app/out/vs/workbench/api/node/extensionHostProcess.js:225:1509)
    at Function.t._load (file:///opt/visual-studio-code/resources/app/out/vs/workbench/api/node/extensionHostProcess.js:180:22628)
    at Function.r._load (file:///opt/visual-studio-code/resources/app/out/vs/workbench/api/node/extensionHostProcess.js:172:22062)
    at Module.require (node:internal/modules/cjs/loader:1305:19)
    at require (node:internal/modules/helpers:182:18)
    at Object.<anonymous> (/home/gab/.vscode/extensions/equinusocio.vsc-material-theme-icons-3.9.0/out/src/commands/fix-icons.js:13:12)
    at Module._compile (node:internal/modules/cjs/loader:1544:14)
    at Object.Module._extensions..js (node:internal/modules/cjs/loader:1629:10)
    at Module.load (node:internal/modules/cjs/loader:1282:32)
    at Module._load (node:internal/modules/cjs/loader:1103:12)
    at Function.c._load (node:electron/js2c/node_init:2:16955)
    at Function.e._load (file:///opt/visual-studio-code/resources/app/out/vs/workbench/api/node/extensionHostProcess.js:225:1509)
    at Function.t._load (file:///opt/visual-studio-code/resources/app/out/vs/workbench/api/node/extensionHostProcess.js:180:22628)
    at Function.r._load (file:///opt/visual-studio-code/resources/app/out/vs/workbench/api/node/extensionHostProcess.js:172:22062)
    at Module.require (node:internal/modules/cjs/loader:1305:19)
    at require (node:internal/modules/helpers:182:18)
    at Object.<anonymous> (/home/gab/.vscode/extensions/equinusocio.vsc-material-theme-icons-3.9.0/out/src/extension.js:15:21)
    at Module._compile (node:internal/modules/cjs/loader:1544:14)
    at Object.Module._extensions..js (node:internal/modules/cjs/loader:1629:10)
    at Module.load (node:internal/modules/cjs/loader:1282:32)
    at Module._load (node:internal/modules/cjs/loader:1103:12)
    at Function.c._load (node:electron/js2c/node_init:2:16955)
    at Function.e._load (file:///opt/visual-studio-code/resources/app/out/vs/workbench/api/node/extensionHostProcess.js:225:1509)
    at Function.t._load (file:///opt/visual-studio-code/resources/app/out/vs/workbench/api/node/extensionHostProcess.js:180:22628)
    at Function.r._load (file:///opt/visual-studio-code/resources/app/out/vs/workbench/api/node/extensionHostProcess.js:172:22062)
    at Module.require (node:internal/modules/cjs/loader:1305:19)
    at require (node:internal/modules/helpers:182:18)
    at PJ.Cb (file:///opt/visual-studio-code/resources/app/out/vs/workbench/api/node/extensionHostProcess.js:211:1253)
2025-05-16 19:35:00.765 [info] ExtensionService#_doActivateExtension esbenp.prettier-vscode, startup: false, activationEvent: 'onStartupFinished'
2025-05-16 19:35:00.808 [info] ExtensionService#_doActivateExtension PKief.material-icon-theme, startup: false, activationEvent: 'onStartupFinished'
2025-05-16 19:35:00.817 [info] ExtensionService#_doActivateExtension vscode.configuration-editing, startup: false, activationEvent: 'onLanguage:jsonc'
2025-05-16 19:35:00.822 [info] ExtensionService#_doActivateExtension vscode.json-language-features, startup: false, activationEvent: 'onLanguage:jsonc'
2025-05-16 19:35:00.856 [info] ExtensionService#_doActivateExtension vscode.typescript-language-features, startup: false, activationEvent: 'onLanguage:jsonc'
2025-05-16 19:35:00.891 [info] ExtensionService#_doActivateExtension vscode.emmet, startup: false, activationEvent: 'onLanguage'
2025-05-16 19:35:27.613 [info] ExtensionService#_doActivateExtension Angular.ng-template, startup: false, activationEvent: 'onLanguage:typescript'
2025-05-16 19:35:27.944 [info] ExtensionService#_doActivateExtension christian-kohler.npm-intellisense, startup: false, activationEvent: 'onLanguage:typescript'
2025-05-16 19:35:27.966 [info] ExtensionService#_doActivateExtension rbbit.typescript-hero, startup: false, activationEvent: 'onLanguage:typescript'
2025-05-16 19:35:28.203 [info] ExtensionService#_doActivateExtension steoates.autoimport, startup: false, activationEvent: 'onLanguage:typescript'
2025-05-16 19:35:28.228 [info] ExtensionService#_doActivateExtension VisualStudioExptTeam.intellicode-api-usage-examples, startup: false, activationEvent: 'onLanguage:typescript'
2025-05-16 19:35:28.328 [info] ExtensionService#_doActivateExtension VisualStudioExptTeam.vscodeintellicode, startup: false, activationEvent: 'onLanguage:typescript'
2025-05-16 19:35:28.358 [info] ExtensionService#_doActivateExtension YoavBls.pretty-ts-errors, startup: false, activationEvent: 'onLanguage:typescript'
2025-05-16 19:36:56.276 [info] ExtensionService#_doActivateExtension vscode.css-language-features, startup: false, activationEvent: 'onLanguage:css'
2025-05-16 20:36:02.408 [info] ExtensionService#_doActivateExtension vscode.html-language-features, startup: false, activationEvent: 'onLanguage:html'
2025-05-16 20:36:02.452 [info] ExtensionService#_doActivateExtension obenjiro.arrr, startup: false, activationEvent: 'onLanguage:html'
2025-05-16 20:45:44.932 [info] ExtensionService#_doActivateExtension vscode.npm, startup: false, activationEvent: 'onTerminalQuickFixRequest:ms-vscode.npm-command'
2025-05-16 20:45:49.989 [info] ExtensionService#_doActivateExtension vscode.extension-editing, startup: false, activationEvent: 'onLanguage:json'
2025-05-16 21:04:22.419 [info] Extension host terminating: renderer closed the MessagePort
2025-05-16 21:04:22.479 [info] Extension host with pid 5697 exiting with code 0
